00:00:21.403 - Ticked widgets for 1 minute : 0. Per second : 0, total time : 0 ms
00:01:21.401 - Ticked widgets for 1 minute : 0. Per second : 0, total time : 0 ms
00:02:21.401 - Ticked widgets for 1 minute : 0. Per second : 0, total time : 0 ms
00:03:21.401 - Ticked widgets for 1 minute : 0. Per second : 0, total time : 0 ms
00:04:21.402 - Ticked widgets for 1 minute : 0. Per second : 0, total time : 0 ms
00:05:21.401 - Ticked widgets for 1 minute : 0. Per second : 0, total time : 0 ms
00:06:21.401 - Ticked widgets for 1 minute : 0. Per second : 0, total time : 0 ms
00:07:21.401 - Ticked widgets for 1 minute : 0. Per second : 0, total time : 0 ms
00:08:21.404 - Ticked widgets for 1 minute : 0. Per second : 0, total time : 1 ms
00:09:21.401 - Ticked widgets for 1 minute : 0. Per second : 0, total time : 0 ms
00:10:21.401 - Ticked widgets for 1 minute : 0. Per second : 0, total time : 0 ms
00:11:21.410 - Ticked widgets for 1 minute : 0. Per second : 0, total time : 0 ms
00:12:21.421 - Ticked widgets for 1 minute : 0. Per second : 0, total time : 1 ms
00:13:21.402 - Ticked widgets for 1 minute : 0. Per second : 0, total time : 0 ms
00:14:21.404 - Ticked widgets for 1 minute : 0. Per second : 0, total time : 0 ms
00:15:21.401 - Ticked widgets for 1 minute : 0. Per second : 0, total time : 0 ms
00:16:21.401 - Ticked widgets for 1 minute : 0. Per second : 0, total time : 0 ms
00:17:21.402 - Ticked widgets for 1 minute : 0. Per second : 0, total time : 0 ms
00:18:21.401 - Ticked widgets for 1 minute : 0. Per second : 0, total time : 0 ms
00:19:21.401 - Ticked widgets for 1 minute : 0. Per second : 0, total time : 0 ms
00:20:21.401 - Ticked widgets for 1 minute : 0. Per second : 0, total time : 0 ms
00:21:21.402 - Ticked widgets for 1 minute : 0. Per second : 0, total time : 0 ms
00:22:21.401 - Ticked widgets for 1 minute : 0. Per second : 0, total time : 1 ms
00:23:21.401 - Ticked widgets for 1 minute : 0. Per second : 0, total time : 0 ms
00:24:21.401 - Ticked widgets for 1 minute : 0. Per second : 0, total time : 0 ms
00:25:21.402 - Ticked widgets for 1 minute : 0. Per second : 0, total time : 1 ms
00:26:21.401 - Ticked widgets for 1 minute : 0. Per second : 0, total time : 0 ms
00:27:21.401 - Ticked widgets for 1 minute : 0. Per second : 0, total time : 0 ms
00:28:21.401 - Ticked widgets for 1 minute : 0. Per second : 0, total time : 0 ms
00:29:21.401 - Ticked widgets for 1 minute : 0. Per second : 0, total time : 0 ms
00:30:21.425 - Ticked widgets for 1 minute : 0. Per second : 0, total time : 0 ms
00:31:21.401 - Ticked widgets for 1 minute : 0. Per second : 0, total time : 0 ms
00:32:21.401 - Ticked widgets for 1 minute : 0. Per second : 0, total time : 0 ms
00:33:21.401 - Ticked widgets for 1 minute : 0. Per second : 0, total time : 0 ms
00:34:21.401 - Ticked widgets for 1 minute : 0. Per second : 0, total time : 0 ms
00:35:21.401 - Ticked widgets for 1 minute : 0. Per second : 0, total time : 0 ms
00:36:21.402 - Ticked widgets for 1 minute : 0. Per second : 0, total time : 0 ms
00:37:21.402 - Ticked widgets for 1 minute : 0. Per second : 0, total time : 2 ms
00:38:21.401 - Ticked widgets for 1 minute : 0. Per second : 0, total time : 1 ms
00:39:21.402 - Ticked widgets for 1 minute : 0. Per second : 0, total time : 0 ms
00:40:21.401 - Ticked widgets for 1 minute : 0. Per second : 0, total time : 0 ms
00:41:21.401 - Ticked widgets for 1 minute : 0. Per second : 0, total time : 0 ms
00:42:21.401 - Ticked widgets for 1 minute : 0. Per second : 0, total time : 0 ms
00:43:21.401 - Ticked widgets for 1 minute : 0. Per second : 0, total time : 0 ms
00:44:21.401 - Ticked widgets for 1 minute : 0. Per second : 0, total time : 0 ms
00:45:21.402 - Ticked widgets for 1 minute : 0. Per second : 0, total time : 0 ms
00:46:21.401 - Ticked widgets for 1 minute : 0. Per second : 0, total time : 0 ms
00:47:21.401 - Ticked widgets for 1 minute : 0. Per second : 0, total time : 0 ms
00:48:21.401 - Ticked widgets for 1 minute : 0. Per second : 0, total time : 0 ms
00:49:21.402 - Ticked widgets for 1 minute : 0. Per second : 0, total time : 0 ms
00:50:21.401 - Ticked widgets for 1 minute : 0. Per second : 0, total time : 0 ms
00:51:21.401 - Ticked widgets for 1 minute : 0. Per second : 0, total time : 0 ms
00:52:21.401 - Ticked widgets for 1 minute : 0. Per second : 0, total time : 0 ms
00:53:21.401 - Ticked widgets for 1 minute : 0. Per second : 0, total time : 0 ms
00:54:21.402 - Ticked widgets for 1 minute : 0. Per second : 0, total time : 0 ms
00:55:21.401 - Ticked widgets for 1 minute : 0. Per second : 0, total time : 0 ms
00:56:21.401 - Ticked widgets for 1 minute : 0. Per second : 0, total time : 0 ms
00:57:21.402 - Ticked widgets for 1 minute : 0. Per second : 0, total time : 0 ms
00:58:21.401 - Ticked widgets for 1 minute : 0. Per second : 0, total time : 0 ms
00:59:21.402 - Ticked widgets for 1 minute : 0. Per second : 0, total time : 0 ms
01:00:21.405 - Ticked widgets for 1 minute : 0. Per second : 0, total time : 1 ms
01:01:21.402 - Ticked widgets for 1 minute : 0. Per second : 0, total time : 0 ms
01:02:21.402 - Ticked widgets for 1 minute : 0. Per second : 0, total time : 0 ms
01:03:21.403 - Ticked widgets for 1 minute : 0. Per second : 0, total time : 0 ms
01:04:21.401 - Ticked widgets for 1 minute : 0. Per second : 0, total time : 0 ms
01:05:21.401 - Ticked widgets for 1 minute : 0. Per second : 0, total time : 0 ms
01:06:21.180 - Start removing unused reporting data...
01:06:21.182 - Removed 0 files. Time : 2 ms.
01:06:21.401 - Ticked widgets for 1 minute : 0. Per second : 0, total time : 0 ms
01:07:21.401 - Ticked widgets for 1 minute : 0. Per second : 0, total time : 0 ms
01:08:21.401 - Ticked widgets for 1 minute : 0. Per second : 0, total time : 0 ms
01:09:01.004 - Backup for user DB started...
01:09:01.007 - Backup for user DB finished.
01:09:21.401 - Ticked widgets for 1 minute : 0. Per second : 0, total time : 0 ms
01:10:21.402 - Ticked widgets for 1 minute : 0. Per second : 0, total time : 0 ms
01:11:21.402 - Ticked widgets for 1 minute : 0. Per second : 0, total time : 0 ms
01:12:21.402 - Ticked widgets for 1 minute : 0. Per second : 0, total time : 0 ms
01:13:21.406 - Ticked widgets for 1 minute : 0. Per second : 0, total time : 0 ms
01:14:21.401 - Ticked widgets for 1 minute : 0. Per second : 0, total time : 0 ms
01:15:21.401 - Ticked widgets for 1 minute : 0. Per second : 0, total time : 0 ms
01:16:21.403 - Ticked widgets for 1 minute : 0. Per second : 0, total time : 0 ms
01:17:21.401 - Ticked widgets for 1 minute : 0. Per second : 0, total time : 0 ms
01:18:21.402 - Ticked widgets for 1 minute : 0. Per second : 0, total time : 0 ms
01:19:21.402 - Ticked widgets for 1 minute : 0. Per second : 0, total time : 0 ms
01:20:21.402 - Ticked widgets for 1 minute : 0. Per second : 0, total time : 0 ms
01:21:21.401 - Ticked widgets for 1 minute : 0. Per second : 0, total time : 0 ms
01:22:21.401 - Ticked widgets for 1 minute : 0. Per second : 0, total time : 0 ms
01:23:21.421 - Ticked widgets for 1 minute : 0. Per second : 0, total time : 0 ms
01:24:21.401 - Ticked widgets for 1 minute : 0. Per second : 0, total time : 4 ms
01:25:21.402 - Ticked widgets for 1 minute : 0. Per second : 0, total time : 0 ms
01:26:21.402 - Ticked widgets for 1 minute : 0. Per second : 0, total time : 0 ms
01:27:21.401 - Ticked widgets for 1 minute : 0. Per second : 0, total time : 0 ms
01:28:21.401 - Ticked widgets for 1 minute : 0. Per second : 0, total time : 1 ms
01:29:21.402 - Ticked widgets for 1 minute : 0. Per second : 0, total time : 0 ms
01:30:21.401 - Ticked widgets for 1 minute : 0. Per second : 0, total time : 0 ms
01:31:21.401 - Ticked widgets for 1 minute : 0. Per second : 0, total time : 0 ms
01:32:21.403 - Ticked widgets for 1 minute : 0. Per second : 0, total time : 0 ms
01:33:21.401 - Ticked widgets for 1 minute : 0. Per second : 0, total time : 1 ms
01:34:21.402 - Ticked widgets for 1 minute : 0. Per second : 0, total time : 0 ms
01:35:21.402 - Ticked widgets for 1 minute : 0. Per second : 0, total time : 0 ms
01:36:21.402 - Ticked widgets for 1 minute : 0. Per second : 0, total time : 0 ms
01:37:21.401 - Ticked widgets for 1 minute : 0. Per second : 0, total time : 0 ms
01:38:21.401 - Ticked widgets for 1 minute : 0. Per second : 0, total time : 1 ms
01:39:22.797 - Ticked widgets for 1 minute : 0. Per second : 0, total time : 1 ms
01:40:21.401 - Ticked widgets for 1 minute : 0. Per second : 0, total time : 0 ms
01:41:21.401 - Ticked widgets for 1 minute : 0. Per second : 0, total time : 3 ms
01:42:21.401 - Ticked widgets for 1 minute : 0. Per second : 0, total time : 0 ms
01:43:21.401 - Ticked widgets for 1 minute : 0. Per second : 0, total time : 0 ms
01:44:21.411 - Ticked widgets for 1 minute : 0. Per second : 0, total time : 0 ms
01:45:21.401 - Ticked widgets for 1 minute : 0. Per second : 0, total time : 2 ms
01:46:21.402 - Ticked widgets for 1 minute : 0. Per second : 0, total time : 0 ms
01:47:21.408 - Ticked widgets for 1 minute : 0. Per second : 0, total time : 1 ms
01:48:21.404 - Ticked widgets for 1 minute : 0. Per second : 0, total time : 0 ms
01:49:21.402 - Ticked widgets for 1 minute : 0. Per second : 0, total time : 1 ms
01:50:21.427 - Ticked widgets for 1 minute : 0. Per second : 0, total time : 0 ms
01:51:21.402 - Ticked widgets for 1 minute : 0. Per second : 0, total time : 0 ms
01:52:21.401 - Ticked widgets for 1 minute : 0. Per second : 0, total time : 0 ms
01:53:21.402 - Ticked widgets for 1 minute : 0. Per second : 0, total time : 1 ms
01:54:21.402 - Ticked widgets for 1 minute : 0. Per second : 0, total time : 1 ms
01:55:21.430 - Ticked widgets for 1 minute : 0. Per second : 0, total time : 0 ms
01:56:21.405 - Ticked widgets for 1 minute : 0. Per second : 0, total time : 0 ms
01:57:21.535 - Ticked widgets for 1 minute : 0. Per second : 0, total time : 0 ms
01:58:21.404 - Ticked widgets for 1 minute : 0. Per second : 0, total time : 0 ms
01:59:21.402 - Ticked widgets for 1 minute : 0. Per second : 0, total time : 0 ms
02:00:21.407 - Ticked widgets for 1 minute : 0. Per second : 0, total time : 0 ms
02:01:21.403 - Ticked widgets for 1 minute : 0. Per second : 0, total time : 0 ms
02:02:21.487 - Ticked widgets for 1 minute : 0. Per second : 0, total time : 1 ms
02:03:21.406 - Ticked widgets for 1 minute : 0. Per second : 0, total time : 0 ms
02:04:21.406 - Ticked widgets for 1 minute : 0. Per second : 0, total time : 0 ms
02:05:21.466 - Ticked widgets for 1 minute : 0. Per second : 0, total time : 0 ms
02:06:21.402 - Ticked widgets for 1 minute : 0. Per second : 0, total time : 0 ms
02:07:21.400 - Ticked widgets for 1 minute : 0. Per second : 0, total time : 3 ms
02:08:21.401 - Ticked widgets for 1 minute : 0. Per second : 0, total time : 1 ms
02:09:21.401 - Ticked widgets for 1 minute : 0. Per second : 0, total time : 0 ms
02:10:21.402 - Ticked widgets for 1 minute : 0. Per second : 0, total time : 0 ms
02:11:21.402 - Ticked widgets for 1 minute : 0. Per second : 0, total time : 0 ms
02:12:21.401 - Ticked widgets for 1 minute : 0. Per second : 0, total time : 0 ms
02:13:21.402 - Ticked widgets for 1 minute : 0. Per second : 0, total time : 0 ms
02:14:21.402 - Ticked widgets for 1 minute : 0. Per second : 0, total time : 0 ms
02:15:21.408 - Ticked widgets for 1 minute : 0. Per second : 0, total time : 0 ms
02:16:21.401 - Ticked widgets for 1 minute : 0. Per second : 0, total time : 0 ms
02:17:21.402 - Ticked widgets for 1 minute : 0. Per second : 0, total time : 0 ms
02:18:21.401 - Ticked widgets for 1 minute : 0. Per second : 0, total time : 0 ms
02:19:21.401 - Ticked widgets for 1 minute : 0. Per second : 0, total time : 0 ms
02:20:21.402 - Ticked widgets for 1 minute : 0. Per second : 0, total time : 0 ms
02:21:21.401 - Ticked widgets for 1 minute : 0. Per second : 0, total time : 0 ms
02:22:21.401 - Ticked widgets for 1 minute : 0. Per second : 0, total time : 0 ms
02:23:21.401 - Ticked widgets for 1 minute : 0. Per second : 0, total time : 2 ms
02:24:21.401 - Ticked widgets for 1 minute : 0. Per second : 0, total time : 1 ms
02:25:21.402 - Ticked widgets for 1 minute : 0. Per second : 0, total time : 0 ms
02:26:21.402 - Ticked widgets for 1 minute : 0. Per second : 0, total time : 0 ms
02:27:21.403 - Ticked widgets for 1 minute : 0. Per second : 0, total time : 0 ms
02:28:21.404 - Ticked widgets for 1 minute : 0. Per second : 0, total time : 0 ms
02:29:21.404 - Ticked widgets for 1 minute : 0. Per second : 0, total time : 4 ms
02:30:21.401 - Ticked widgets for 1 minute : 0. Per second : 0, total time : 0 ms
02:31:21.401 - Ticked widgets for 1 minute : 0. Per second : 0, total time : 0 ms
02:32:21.405 - Ticked widgets for 1 minute : 0. Per second : 0, total time : 0 ms
02:33:21.401 - Ticked widgets for 1 minute : 0. Per second : 0, total time : 0 ms
02:34:21.401 - Ticked widgets for 1 minute : 0. Per second : 0, total time : 0 ms
02:35:21.401 - Ticked widgets for 1 minute : 0. Per second : 0, total time : 0 ms
02:36:21.402 - Ticked widgets for 1 minute : 0. Per second : 0, total time : 0 ms
02:37:21.401 - Ticked widgets for 1 minute : 0. Per second : 0, total time : 0 ms
02:38:21.401 - Ticked widgets for 1 minute : 0. Per second : 0, total time : 0 ms
02:39:21.401 - Ticked widgets for 1 minute : 0. Per second : 0, total time : 0 ms
02:40:21.402 - Ticked widgets for 1 minute : 0. Per second : 0, total time : 0 ms
02:41:21.402 - Ticked widgets for 1 minute : 0. Per second : 0, total time : 0 ms
02:42:21.404 - Ticked widgets for 1 minute : 0. Per second : 0, total time : 0 ms
02:43:21.401 - Ticked widgets for 1 minute : 0. Per second : 0, total time : 0 ms
02:44:21.405 - Ticked widgets for 1 minute : 0. Per second : 0, total time : 1 ms
02:45:21.401 - Ticked widgets for 1 minute : 0. Per second : 0, total time : 0 ms
02:46:21.401 - Ticked widgets for 1 minute : 0. Per second : 0, total time : 0 ms
02:47:21.401 - Ticked widgets for 1 minute : 0. Per second : 0, total time : 0 ms
02:48:21.401 - Ticked widgets for 1 minute : 0. Per second : 0, total time : 0 ms
02:49:21.401 - Ticked widgets for 1 minute : 0. Per second : 0, total time : 0 ms
02:50:21.403 - Ticked widgets for 1 minute : 0. Per second : 0, total time : 1 ms
02:51:21.401 - Ticked widgets for 1 minute : 0. Per second : 0, total time : 0 ms
02:52:21.401 - Ticked widgets for 1 minute : 0. Per second : 0, total time : 0 ms
02:53:21.401 - Ticked widgets for 1 minute : 0. Per second : 0, total time : 0 ms
02:54:21.402 - Ticked widgets for 1 minute : 0. Per second : 0, total time : 0 ms
02:55:21.403 - Ticked widgets for 1 minute : 0. Per second : 0, total time : 0 ms
02:56:21.407 - Ticked widgets for 1 minute : 0. Per second : 0, total time : 0 ms
02:57:21.401 - Ticked widgets for 1 minute : 0. Per second : 0, total time : 0 ms
02:58:21.404 - Ticked widgets for 1 minute : 0. Per second : 0, total time : 0 ms
02:59:21.402 - Ticked widgets for 1 minute : 0. Per second : 0, total time : 0 ms
03:00:21.400 - Ticked widgets for 1 minute : 0. Per second : 0, total time : 0 ms
03:01:21.401 - Ticked widgets for 1 minute : 0. Per second : 0, total time : 0 ms
03:02:21.404 - Ticked widgets for 1 minute : 0. Per second : 0, total time : 1 ms
03:03:21.402 - Ticked widgets for 1 minute : 0. Per second : 0, total time : 0 ms
03:04:21.402 - Ticked widgets for 1 minute : 0. Per second : 0, total time : 0 ms
03:05:21.409 - Ticked widgets for 1 minute : 0. Per second : 0, total time : 0 ms
03:06:21.401 - Ticked widgets for 1 minute : 0. Per second : 0, total time : 1 ms
03:07:21.401 - Ticked widgets for 1 minute : 0. Per second : 0, total time : 0 ms
03:08:21.417 - Ticked widgets for 1 minute : 0. Per second : 0, total time : 0 ms
03:09:21.401 - Ticked widgets for 1 minute : 0. Per second : 0, total time : 0 ms
03:10:21.402 - Ticked widgets for 1 minute : 0. Per second : 0, total time : 0 ms
03:11:21.402 - Ticked widgets for 1 minute : 0. Per second : 0, total time : 0 ms
03:12:21.402 - Ticked widgets for 1 minute : 0. Per second : 0, total time : 1 ms
03:13:21.401 - Ticked widgets for 1 minute : 0. Per second : 0, total time : 0 ms
03:14:21.402 - Ticked widgets for 1 minute : 0. Per second : 0, total time : 0 ms
03:15:21.401 - Ticked widgets for 1 minute : 0. Per second : 0, total time : 0 ms
03:16:21.402 - Ticked widgets for 1 minute : 0. Per second : 0, total time : 0 ms
03:17:21.401 - Ticked widgets for 1 minute : 0. Per second : 0, total time : 1 ms
03:18:21.403 - Ticked widgets for 1 minute : 0. Per second : 0, total time : 0 ms
03:19:21.402 - Ticked widgets for 1 minute : 0. Per second : 0, total time : 0 ms
03:20:21.401 - Ticked widgets for 1 minute : 0. Per second : 0, total time : 0 ms
03:21:21.402 - Ticked widgets for 1 minute : 0. Per second : 0, total time : 0 ms
03:22:21.402 - Ticked widgets for 1 minute : 0. Per second : 0, total time : 0 ms
03:23:21.402 - Ticked widgets for 1 minute : 0. Per second : 0, total time : 2 ms
03:24:21.408 - Ticked widgets for 1 minute : 0. Per second : 0, total time : 0 ms
03:25:21.404 - Ticked widgets for 1 minute : 0. Per second : 0, total time : 0 ms
03:26:21.402 - Ticked widgets for 1 minute : 0. Per second : 0, total time : 0 ms
03:27:21.403 - Ticked widgets for 1 minute : 0. Per second : 0, total time : 0 ms
03:28:21.405 - Ticked widgets for 1 minute : 0. Per second : 0, total time : 0 ms
03:29:21.406 - Ticked widgets for 1 minute : 0. Per second : 0, total time : 0 ms
03:30:21.403 - Ticked widgets for 1 minute : 0. Per second : 0, total time : 1 ms
03:31:21.403 - Ticked widgets for 1 minute : 0. Per second : 0, total time : 0 ms
03:32:21.411 - Ticked widgets for 1 minute : 0. Per second : 0, total time : 0 ms
03:33:21.401 - Ticked widgets for 1 minute : 0. Per second : 0, total time : 1 ms
03:34:21.400 - Ticked widgets for 1 minute : 0. Per second : 0, total time : 0 ms
03:35:21.401 - Ticked widgets for 1 minute : 0. Per second : 0, total time : 0 ms
03:36:21.401 - Ticked widgets for 1 minute : 0. Per second : 0, total time : 0 ms
03:37:21.403 - Ticked widgets for 1 minute : 0. Per second : 0, total time : 0 ms
03:38:21.404 - Ticked widgets for 1 minute : 0. Per second : 0, total time : 0 ms
03:39:21.401 - Ticked widgets for 1 minute : 0. Per second : 0, total time : 0 ms
03:40:21.401 - Ticked widgets for 1 minute : 0. Per second : 0, total time : 0 ms
03:41:21.403 - Ticked widgets for 1 minute : 0. Per second : 0, total time : 0 ms
03:42:21.407 - Ticked widgets for 1 minute : 0. Per second : 0, total time : 0 ms
03:43:21.401 - Ticked widgets for 1 minute : 0. Per second : 0, total time : 0 ms
03:44:21.401 - Ticked widgets for 1 minute : 0. Per second : 0, total time : 0 ms
03:45:21.415 - Ticked widgets for 1 minute : 0. Per second : 0, total time : 0 ms
03:46:21.404 - Ticked widgets for 1 minute : 0. Per second : 0, total time : 0 ms
03:47:21.404 - Ticked widgets for 1 minute : 0. Per second : 0, total time : 0 ms
03:48:21.403 - Ticked widgets for 1 minute : 0. Per second : 0, total time : 0 ms
03:49:21.405 - Ticked widgets for 1 minute : 0. Per second : 0, total time : 0 ms
03:50:21.401 - Ticked widgets for 1 minute : 0. Per second : 0, total time : 0 ms
03:51:21.403 - Ticked widgets for 1 minute : 0. Per second : 0, total time : 0 ms
03:52:21.402 - Ticked widgets for 1 minute : 0. Per second : 0, total time : 1 ms
03:53:21.402 - Ticked widgets for 1 minute : 0. Per second : 0, total time : 0 ms
03:54:21.401 - Ticked widgets for 1 minute : 0. Per second : 0, total time : 0 ms
03:55:21.403 - Ticked widgets for 1 minute : 0. Per second : 0, total time : 0 ms
03:56:21.402 - Ticked widgets for 1 minute : 0. Per second : 0, total time : 0 ms
03:57:21.408 - Ticked widgets for 1 minute : 0. Per second : 0, total time : 0 ms
03:58:21.402 - Ticked widgets for 1 minute : 0. Per second : 0, total time : 0 ms
03:59:21.400 - Ticked widgets for 1 minute : 0. Per second : 0, total time : 0 ms
04:00:21.401 - Ticked widgets for 1 minute : 0. Per second : 0, total time : 0 ms
04:01:21.403 - Ticked widgets for 1 minute : 0. Per second : 0, total time : 0 ms
04:02:21.401 - Ticked widgets for 1 minute : 0. Per second : 0, total time : 0 ms
04:03:21.412 - Ticked widgets for 1 minute : 0. Per second : 0, total time : 0 ms
04:04:21.402 - Ticked widgets for 1 minute : 0. Per second : 0, total time : 0 ms
04:05:21.401 - Ticked widgets for 1 minute : 0. Per second : 0, total time : 0 ms
04:06:21.401 - Ticked widgets for 1 minute : 0. Per second : 0, total time : 0 ms
04:07:21.400 - Ticked widgets for 1 minute : 0. Per second : 0, total time : 0 ms
04:08:21.403 - Ticked widgets for 1 minute : 0. Per second : 0, total time : 0 ms
04:09:21.402 - Ticked widgets for 1 minute : 0. Per second : 0, total time : 0 ms
04:10:21.402 - Ticked widgets for 1 minute : 0. Per second : 0, total time : 0 ms
04:11:21.402 - Ticked widgets for 1 minute : 0. Per second : 0, total time : 0 ms
04:12:21.401 - Ticked widgets for 1 minute : 0. Per second : 0, total time : 0 ms
04:13:21.402 - Ticked widgets for 1 minute : 0. Per second : 0, total time : 0 ms
04:14:21.404 - Ticked widgets for 1 minute : 0. Per second : 0, total time : 0 ms
04:15:21.402 - Ticked widgets for 1 minute : 0. Per second : 0, total time : 0 ms
04:16:21.401 - Ticked widgets for 1 minute : 0. Per second : 0, total time : 0 ms
04:17:21.401 - Ticked widgets for 1 minute : 0. Per second : 0, total time : 0 ms
04:18:21.401 - Ticked widgets for 1 minute : 0. Per second : 0, total time : 0 ms
04:19:21.401 - Ticked widgets for 1 minute : 0. Per second : 0, total time : 0 ms
04:20:21.402 - Ticked widgets for 1 minute : 0. Per second : 0, total time : 0 ms
04:21:21.401 - Ticked widgets for 1 minute : 0. Per second : 0, total time : 0 ms
04:22:21.401 - Ticked widgets for 1 minute : 0. Per second : 0, total time : 0 ms
04:23:21.401 - Ticked widgets for 1 minute : 0. Per second : 0, total time : 0 ms
04:24:21.402 - Ticked widgets for 1 minute : 0. Per second : 0, total time : 0 ms
04:25:21.401 - Ticked widgets for 1 minute : 0. Per second : 0, total time : 0 ms
04:26:21.402 - Ticked widgets for 1 minute : 0. Per second : 0, total time : 1 ms
04:27:21.401 - Ticked widgets for 1 minute : 0. Per second : 0, total time : 1 ms
04:28:21.401 - Ticked widgets for 1 minute : 0. Per second : 0, total time : 0 ms
04:29:21.401 - Ticked widgets for 1 minute : 0. Per second : 0, total time : 0 ms
04:30:21.400 - Ticked widgets for 1 minute : 0. Per second : 0, total time : 0 ms
04:31:21.402 - Ticked widgets for 1 minute : 0. Per second : 0, total time : 0 ms
04:32:21.405 - Ticked widgets for 1 minute : 0. Per second : 0, total time : 0 ms
04:33:21.403 - Ticked widgets for 1 minute : 0. Per second : 0, total time : 0 ms
04:34:21.402 - Ticked widgets for 1 minute : 0. Per second : 0, total time : 0 ms
04:35:21.402 - Ticked widgets for 1 minute : 0. Per second : 0, total time : 0 ms
04:36:21.401 - Ticked widgets for 1 minute : 0. Per second : 0, total time : 0 ms
04:37:21.402 - Ticked widgets for 1 minute : 0. Per second : 0, total time : 0 ms
04:38:21.404 - Ticked widgets for 1 minute : 0. Per second : 0, total time : 0 ms
04:39:21.400 - Ticked widgets for 1 minute : 0. Per second : 0, total time : 0 ms
04:40:21.401 - Ticked widgets for 1 minute : 0. Per second : 0, total time : 0 ms
04:41:21.402 - Ticked widgets for 1 minute : 0. Per second : 0, total time : 1 ms
04:42:21.401 - Ticked widgets for 1 minute : 0. Per second : 0, total time : 0 ms
04:43:21.401 - Ticked widgets for 1 minute : 0. Per second : 0, total time : 0 ms
04:44:21.401 - Ticked widgets for 1 minute : 0. Per second : 0, total time : 0 ms
04:45:21.401 - Ticked widgets for 1 minute : 0. Per second : 0, total time : 0 ms
04:46:21.401 - Ticked widgets for 1 minute : 0. Per second : 0, total time : 0 ms
04:47:21.403 - Ticked widgets for 1 minute : 0. Per second : 0, total time : 0 ms
04:48:21.402 - Ticked widgets for 1 minute : 0. Per second : 0, total time : 0 ms
04:49:21.401 - Ticked widgets for 1 minute : 0. Per second : 0, total time : 0 ms
04:50:21.402 - Ticked widgets for 1 minute : 0. Per second : 0, total time : 0 ms
04:51:21.404 - Ticked widgets for 1 minute : 0. Per second : 0, total time : 2 ms
04:52:21.406 - Ticked widgets for 1 minute : 0. Per second : 0, total time : 0 ms
04:53:21.403 - Ticked widgets for 1 minute : 0. Per second : 0, total time : 0 ms
04:54:21.401 - Ticked widgets for 1 minute : 0. Per second : 0, total time : 0 ms
04:55:21.402 - Ticked widgets for 1 minute : 0. Per second : 0, total time : 0 ms
04:56:21.402 - Ticked widgets for 1 minute : 0. Per second : 0, total time : 0 ms
04:57:21.400 - Ticked widgets for 1 minute : 0. Per second : 0, total time : 0 ms
04:58:21.401 - Ticked widgets for 1 minute : 0. Per second : 0, total time : 0 ms
04:59:21.402 - Ticked widgets for 1 minute : 0. Per second : 0, total time : 0 ms
05:00:21.412 - Ticked widgets for 1 minute : 0. Per second : 0, total time : 1 ms
05:01:21.401 - Ticked widgets for 1 minute : 0. Per second : 0, total time : 0 ms
05:02:21.401 - Ticked widgets for 1 minute : 0. Per second : 0, total time : 0 ms
05:03:21.401 - Ticked widgets for 1 minute : 0. Per second : 0, total time : 0 ms
05:04:21.402 - Ticked widgets for 1 minute : 0. Per second : 0, total time : 0 ms
05:05:21.407 - Ticked widgets for 1 minute : 0. Per second : 0, total time : 0 ms
05:06:21.401 - Ticked widgets for 1 minute : 0. Per second : 0, total time : 0 ms
05:07:21.401 - Ticked widgets for 1 minute : 0. Per second : 0, total time : 0 ms
05:08:21.404 - Ticked widgets for 1 minute : 0. Per second : 0, total time : 0 ms
05:09:21.402 - Ticked widgets for 1 minute : 0. Per second : 0, total time : 0 ms
05:10:21.401 - Ticked widgets for 1 minute : 0. Per second : 0, total time : 0 ms
05:11:21.402 - Ticked widgets for 1 minute : 0. Per second : 0, total time : 0 ms
05:12:21.402 - Ticked widgets for 1 minute : 0. Per second : 0, total time : 0 ms
05:13:21.403 - Ticked widgets for 1 minute : 0. Per second : 0, total time : 0 ms
05:14:21.402 - Ticked widgets for 1 minute : 0. Per second : 0, total time : 0 ms
05:15:21.401 - Ticked widgets for 1 minute : 0. Per second : 0, total time : 0 ms
05:16:21.401 - Ticked widgets for 1 minute : 0. Per second : 0, total time : 0 ms
05:17:21.401 - Ticked widgets for 1 minute : 0. Per second : 0, total time : 0 ms
05:18:21.402 - Ticked widgets for 1 minute : 0. Per second : 0, total time : 0 ms
05:19:21.410 - Ticked widgets for 1 minute : 0. Per second : 0, total time : 0 ms
05:20:21.401 - Ticked widgets for 1 minute : 0. Per second : 0, total time : 0 ms
05:21:21.401 - Ticked widgets for 1 minute : 0. Per second : 0, total time : 1 ms
05:22:21.402 - Ticked widgets for 1 minute : 0. Per second : 0, total time : 0 ms
05:23:21.402 - Ticked widgets for 1 minute : 0. Per second : 0, total time : 0 ms
05:24:21.402 - Ticked widgets for 1 minute : 0. Per second : 0, total time : 0 ms
05:25:21.402 - Ticked widgets for 1 minute : 0. Per second : 0, total time : 0 ms
05:26:21.401 - Ticked widgets for 1 minute : 0. Per second : 0, total time : 0 ms
05:27:21.401 - Ticked widgets for 1 minute : 0. Per second : 0, total time : 0 ms
05:28:21.401 - Ticked widgets for 1 minute : 0. Per second : 0, total time : 0 ms
05:29:21.406 - Ticked widgets for 1 minute : 0. Per second : 0, total time : 0 ms
05:30:21.402 - Ticked widgets for 1 minute : 0. Per second : 0, total time : 0 ms
05:31:21.401 - Ticked widgets for 1 minute : 0. Per second : 0, total time : 0 ms
05:32:21.402 - Ticked widgets for 1 minute : 0. Per second : 0, total time : 0 ms
05:33:21.402 - Ticked widgets for 1 minute : 0. Per second : 0, total time : 0 ms
05:34:21.402 - Ticked widgets for 1 minute : 0. Per second : 0, total time : 0 ms
05:35:21.402 - Ticked widgets for 1 minute : 0. Per second : 0, total time : 0 ms
05:36:21.401 - Ticked widgets for 1 minute : 0. Per second : 0, total time : 0 ms
05:37:21.401 - Ticked widgets for 1 minute : 0. Per second : 0, total time : 0 ms
05:38:21.401 - Ticked widgets for 1 minute : 0. Per second : 0, total time : 0 ms
05:39:21.401 - Ticked widgets for 1 minute : 0. Per second : 0, total time : 0 ms
05:40:21.402 - Ticked widgets for 1 minute : 0. Per second : 0, total time : 0 ms
05:41:21.402 - Ticked widgets for 1 minute : 0. Per second : 0, total time : 0 ms
05:42:21.400 - Ticked widgets for 1 minute : 0. Per second : 0, total time : 0 ms
05:43:21.402 - Ticked widgets for 1 minute : 0. Per second : 0, total time : 0 ms
05:44:21.404 - Ticked widgets for 1 minute : 0. Per second : 0, total time : 0 ms
05:45:21.402 - Ticked widgets for 1 minute : 0. Per second : 0, total time : 0 ms
05:46:21.403 - Ticked widgets for 1 minute : 0. Per second : 0, total time : 0 ms
05:47:21.400 - Ticked widgets for 1 minute : 0. Per second : 0, total time : 0 ms
05:48:21.402 - Ticked widgets for 1 minute : 0. Per second : 0, total time : 0 ms
05:49:21.402 - Ticked widgets for 1 minute : 0. Per second : 0, total time : 0 ms
05:50:21.402 - Ticked widgets for 1 minute : 0. Per second : 0, total time : 0 ms
05:51:21.402 - Ticked widgets for 1 minute : 0. Per second : 0, total time : 0 ms
05:52:21.402 - Ticked widgets for 1 minute : 0. Per second : 0, total time : 0 ms
05:53:21.401 - Ticked widgets for 1 minute : 0. Per second : 0, total time : 0 ms
05:54:21.401 - Ticked widgets for 1 minute : 0. Per second : 0, total time : 0 ms
05:55:21.401 - Ticked widgets for 1 minute : 0. Per second : 0, total time : 0 ms
05:56:21.401 - Ticked widgets for 1 minute : 0. Per second : 0, total time : 0 ms
05:57:21.402 - Ticked widgets for 1 minute : 0. Per second : 0, total time : 0 ms
05:58:21.401 - Ticked widgets for 1 minute : 0. Per second : 0, total time : 0 ms
05:59:21.401 - Ticked widgets for 1 minute : 0. Per second : 0, total time : 0 ms
06:00:21.401 - Ticked widgets for 1 minute : 0. Per second : 0, total time : 1 ms
06:01:21.402 - Ticked widgets for 1 minute : 0. Per second : 0, total time : 0 ms
06:02:21.401 - Ticked widgets for 1 minute : 0. Per second : 0, total time : 0 ms
06:03:21.402 - Ticked widgets for 1 minute : 0. Per second : 0, total time : 0 ms
06:04:21.402 - Ticked widgets for 1 minute : 0. Per second : 0, total time : 0 ms
06:05:21.402 - Ticked widgets for 1 minute : 0. Per second : 0, total time : 0 ms
06:06:21.401 - Ticked widgets for 1 minute : 0. Per second : 0, total time : 0 ms
06:07:21.401 - Ticked widgets for 1 minute : 0. Per second : 0, total time : 0 ms
06:08:21.400 - Ticked widgets for 1 minute : 0. Per second : 0, total time : 0 ms
06:09:21.403 - Ticked widgets for 1 minute : 0. Per second : 0, total time : 0 ms
06:10:21.402 - Ticked widgets for 1 minute : 0. Per second : 0, total time : 0 ms
06:11:21.401 - Ticked widgets for 1 minute : 0. Per second : 0, total time : 0 ms
06:12:21.401 - Ticked widgets for 1 minute : 0. Per second : 0, total time : 0 ms
06:13:21.401 - Ticked widgets for 1 minute : 0. Per second : 0, total time : 0 ms
06:14:21.401 - Ticked widgets for 1 minute : 0. Per second : 0, total time : 0 ms
06:15:21.400 - Ticked widgets for 1 minute : 0. Per second : 0, total time : 0 ms
06:16:21.401 - Ticked widgets for 1 minute : 0. Per second : 0, total time : 0 ms
06:17:21.402 - Ticked widgets for 1 minute : 0. Per second : 0, total time : 0 ms
06:18:21.402 - Ticked widgets for 1 minute : 0. Per second : 0, total time : 0 ms
06:19:21.402 - Ticked widgets for 1 minute : 0. Per second : 0, total time : 0 ms
06:20:21.408 - Ticked widgets for 1 minute : 0. Per second : 0, total time : 0 ms
06:21:21.401 - Ticked widgets for 1 minute : 0. Per second : 0, total time : 0 ms
06:22:21.401 - Ticked widgets for 1 minute : 0. Per second : 0, total time : 0 ms
06:23:21.401 - Ticked widgets for 1 minute : 0. Per second : 0, total time : 0 ms
06:24:21.401 - Ticked widgets for 1 minute : 0. Per second : 0, total time : 0 ms
06:25:21.403 - Ticked widgets for 1 minute : 0. Per second : 0, total time : 0 ms
06:26:21.402 - Ticked widgets for 1 minute : 0. Per second : 0, total time : 0 ms
06:27:21.401 - Ticked widgets for 1 minute : 0. Per second : 0, total time : 0 ms
06:28:21.401 - Ticked widgets for 1 minute : 0. Per second : 0, total time : 0 ms
06:29:21.401 - Ticked widgets for 1 minute : 0. Per second : 0, total time : 0 ms
06:30:21.401 - Ticked widgets for 1 minute : 0. Per second : 0, total time : 0 ms
06:31:21.401 - Ticked widgets for 1 minute : 0. Per second : 0, total time : 0 ms
06:32:21.401 - Ticked widgets for 1 minute : 0. Per second : 0, total time : 0 ms
06:33:21.401 - Ticked widgets for 1 minute : 0. Per second : 0, total time : 0 ms
06:34:21.401 - Ticked widgets for 1 minute : 0. Per second : 0, total time : 0 ms
06:35:21.400 - Ticked widgets for 1 minute : 0. Per second : 0, total time : 0 ms
06:36:21.401 - Ticked widgets for 1 minute : 0. Per second : 0, total time : 0 ms
06:37:21.401 - Ticked widgets for 1 minute : 0. Per second : 0, total time : 0 ms
06:38:21.401 - Ticked widgets for 1 minute : 0. Per second : 0, total time : 0 ms
06:39:21.403 - Ticked widgets for 1 minute : 0. Per second : 0, total time : 0 ms
06:40:21.402 - Ticked widgets for 1 minute : 0. Per second : 0, total time : 0 ms
06:41:21.402 - Ticked widgets for 1 minute : 0. Per second : 0, total time : 0 ms
06:42:21.402 - Ticked widgets for 1 minute : 0. Per second : 0, total time : 0 ms
06:43:21.400 - Ticked widgets for 1 minute : 0. Per second : 0, total time : 0 ms
06:44:21.402 - Ticked widgets for 1 minute : 0. Per second : 0, total time : 0 ms
06:45:21.402 - Ticked widgets for 1 minute : 0. Per second : 0, total time : 0 ms
06:46:21.402 - Ticked widgets for 1 minute : 0. Per second : 0, total time : 1 ms
06:47:21.401 - Ticked widgets for 1 minute : 0. Per second : 0, total time : 0 ms
06:48:21.401 - Ticked widgets for 1 minute : 0. Per second : 0, total time : 0 ms
06:49:21.401 - Ticked widgets for 1 minute : 0. Per second : 0, total time : 0 ms
06:50:21.402 - Ticked widgets for 1 minute : 0. Per second : 0, total time : 0 ms
06:51:21.402 - Ticked widgets for 1 minute : 0. Per second : 0, total time : 0 ms
06:52:21.434 - Ticked widgets for 1 minute : 0. Per second : 0, total time : 0 ms
06:53:21.401 - Ticked widgets for 1 minute : 0. Per second : 0, total time : 0 ms
06:54:21.401 - Ticked widgets for 1 minute : 0. Per second : 0, total time : 0 ms
06:55:21.402 - Ticked widgets for 1 minute : 0. Per second : 0, total time : 0 ms
06:56:21.401 - Ticked widgets for 1 minute : 0. Per second : 0, total time : 0 ms
06:57:21.401 - Ticked widgets for 1 minute : 0. Per second : 0, total time : 0 ms
06:58:21.401 - Ticked widgets for 1 minute : 0. Per second : 0, total time : 0 ms
06:59:21.401 - Ticked widgets for 1 minute : 0. Per second : 0, total time : 0 ms
07:00:21.402 - Ticked widgets for 1 minute : 0. Per second : 0, total time : 0 ms
07:01:21.401 - Ticked widgets for 1 minute : 0. Per second : 0, total time : 0 ms
07:02:21.401 - Ticked widgets for 1 minute : 0. Per second : 0, total time : 0 ms
07:03:21.402 - Ticked widgets for 1 minute : 0. Per second : 0, total time : 0 ms
07:04:21.401 - Ticked widgets for 1 minute : 0. Per second : 0, total time : 0 ms
07:05:21.401 - Ticked widgets for 1 minute : 0. Per second : 0, total time : 0 ms
07:06:21.401 - Ticked widgets for 1 minute : 0. Per second : 0, total time : 0 ms
07:07:21.404 - Ticked widgets for 1 minute : 0. Per second : 0, total time : 0 ms
07:08:21.402 - Ticked widgets for 1 minute : 0. Per second : 0, total time : 1 ms
07:09:21.401 - Ticked widgets for 1 minute : 0. Per second : 0, total time : 0 ms
07:10:21.401 - Ticked widgets for 1 minute : 0. Per second : 0, total time : 0 ms
07:11:21.401 - Ticked widgets for 1 minute : 0. Per second : 0, total time : 0 ms
07:12:21.498 - Ticked widgets for 1 minute : 0. Per second : 0, total time : 0 ms
07:13:21.404 - Ticked widgets for 1 minute : 0. Per second : 0, total time : 0 ms
07:14:21.401 - Ticked widgets for 1 minute : 0. Per second : 0, total time : 0 ms
07:15:21.401 - Ticked widgets for 1 minute : 0. Per second : 0, total time : 0 ms
07:16:21.402 - Ticked widgets for 1 minute : 0. Per second : 0, total time : 0 ms
07:17:21.401 - Ticked widgets for 1 minute : 0. Per second : 0, total time : 0 ms
07:18:21.402 - Ticked widgets for 1 minute : 0. Per second : 0, total time : 0 ms
07:19:21.401 - Ticked widgets for 1 minute : 0. Per second : 0, total time : 0 ms
07:20:21.402 - Ticked widgets for 1 minute : 0. Per second : 0, total time : 0 ms
07:21:21.406 - Ticked widgets for 1 minute : 0. Per second : 0, total time : 0 ms
07:22:21.401 - Ticked widgets for 1 minute : 0. Per second : 0, total time : 0 ms
07:23:21.402 - Ticked widgets for 1 minute : 0. Per second : 0, total time : 0 ms
07:24:21.402 - Ticked widgets for 1 minute : 0. Per second : 0, total time : 0 ms
07:25:21.401 - Ticked widgets for 1 minute : 0. Per second : 0, total time : 0 ms
07:26:21.401 - Ticked widgets for 1 minute : 0. Per second : 0, total time : 0 ms
07:27:21.402 - Ticked widgets for 1 minute : 0. Per second : 0, total time : 1 ms
07:28:21.403 - Ticked widgets for 1 minute : 0. Per second : 0, total time : 0 ms
07:29:21.401 - Ticked widgets for 1 minute : 0. Per second : 0, total time : 0 ms
07:30:21.403 - Ticked widgets for 1 minute : 0. Per second : 0, total time : 0 ms
07:31:21.402 - Ticked widgets for 1 minute : 0. Per second : 0, total time : 1 ms
07:32:21.412 - Ticked widgets for 1 minute : 0. Per second : 0, total time : 0 ms
07:33:21.401 - Ticked widgets for 1 minute : 0. Per second : 0, total time : 0 ms
07:34:21.401 - Ticked widgets for 1 minute : 0. Per second : 0, total time : 0 ms
07:35:21.401 - Ticked widgets for 1 minute : 0. Per second : 0, total time : 0 ms
07:36:21.401 - Ticked widgets for 1 minute : 0. Per second : 0, total time : 0 ms
07:37:21.402 - Ticked widgets for 1 minute : 0. Per second : 0, total time : 0 ms
07:38:21.402 - Ticked widgets for 1 minute : 0. Per second : 0, total time : 0 ms
07:39:21.401 - Ticked widgets for 1 minute : 0. Per second : 0, total time : 0 ms
07:40:21.401 - Ticked widgets for 1 minute : 0. Per second : 0, total time : 1 ms
07:41:21.401 - Ticked widgets for 1 minute : 0. Per second : 0, total time : 0 ms
07:42:21.402 - Ticked widgets for 1 minute : 0. Per second : 0, total time : 0 ms
07:43:21.408 - Ticked widgets for 1 minute : 0. Per second : 0, total time : 0 ms
07:44:21.407 - Ticked widgets for 1 minute : 0. Per second : 0, total time : 0 ms
07:45:21.402 - Ticked widgets for 1 minute : 0. Per second : 0, total time : 0 ms
07:46:21.404 - Ticked widgets for 1 minute : 0. Per second : 0, total time : 1 ms
07:47:21.401 - Ticked widgets for 1 minute : 0. Per second : 0, total time : 0 ms
07:48:21.401 - Ticked widgets for 1 minute : 0. Per second : 0, total time : 0 ms
07:49:21.402 - Ticked widgets for 1 minute : 0. Per second : 0, total time : 0 ms
07:50:21.401 - Ticked widgets for 1 minute : 0. Per second : 0, total time : 0 ms
07:51:21.401 - Ticked widgets for 1 minute : 0. Per second : 0, total time : 0 ms
07:52:21.402 - Ticked widgets for 1 minute : 0. Per second : 0, total time : 0 ms
07:53:21.401 - Ticked widgets for 1 minute : 0. Per second : 0, total time : 0 ms
07:54:21.402 - Ticked widgets for 1 minute : 0. Per second : 0, total time : 0 ms
07:55:21.401 - Ticked widgets for 1 minute : 0. Per second : 0, total time : 0 ms
07:56:21.402 - Ticked widgets for 1 minute : 0. Per second : 0, total time : 0 ms
07:57:21.400 - Ticked widgets for 1 minute : 0. Per second : 0, total time : 0 ms
07:58:21.401 - Ticked widgets for 1 minute : 0. Per second : 0, total time : 0 ms
07:59:21.401 - Ticked widgets for 1 minute : 0. Per second : 0, total time : 0 ms
08:00:21.402 - Ticked widgets for 1 minute : 0. Per second : 0, total time : 0 ms
08:01:21.408 - Ticked widgets for 1 minute : 0. Per second : 0, total time : 0 ms
08:02:21.401 - Ticked widgets for 1 minute : 0. Per second : 0, total time : 0 ms
08:03:21.402 - Ticked widgets for 1 minute : 0. Per second : 0, total time : 0 ms
08:04:21.406 - Ticked widgets for 1 minute : 0. Per second : 0, total time : 0 ms
08:05:21.401 - Ticked widgets for 1 minute : 0. Per second : 0, total time : 0 ms
08:06:21.401 - Ticked widgets for 1 minute : 0. Per second : 0, total time : 0 ms
08:07:21.403 - Ticked widgets for 1 minute : 0. Per second : 0, total time : 0 ms
08:08:21.401 - Ticked widgets for 1 minute : 0. Per second : 0, total time : 0 ms
08:09:21.402 - Ticked widgets for 1 minute : 0. Per second : 0, total time : 0 ms
08:10:21.402 - Ticked widgets for 1 minute : 0. Per second : 0, total time : 0 ms
08:11:21.401 - Ticked widgets for 1 minute : 0. Per second : 0, total time : 0 ms
08:12:21.449 - Ticked widgets for 1 minute : 0. Per second : 0, total time : 0 ms
08:13:21.402 - Ticked widgets for 1 minute : 0. Per second : 0, total time : 0 ms
08:14:21.402 - Ticked widgets for 1 minute : 0. Per second : 0, total time : 0 ms
08:15:21.401 - Ticked widgets for 1 minute : 0. Per second : 0, total time : 0 ms
08:16:21.401 - Ticked widgets for 1 minute : 0. Per second : 0, total time : 0 ms
08:17:21.401 - Ticked widgets for 1 minute : 0. Per second : 0, total time : 0 ms
08:18:21.402 - Ticked widgets for 1 minute : 0. Per second : 0, total time : 0 ms
08:19:21.402 - Ticked widgets for 1 minute : 0. Per second : 0, total time : 0 ms
08:20:21.405 - Ticked widgets for 1 minute : 0. Per second : 0, total time : 1 ms
08:21:21.402 - Ticked widgets for 1 minute : 0. Per second : 0, total time : 0 ms
08:22:21.402 - Ticked widgets for 1 minute : 0. Per second : 0, total time : 0 ms
08:23:21.402 - Ticked widgets for 1 minute : 0. Per second : 0, total time : 0 ms
08:24:21.401 - Ticked widgets for 1 minute : 0. Per second : 0, total time : 0 ms
08:25:21.401 - Ticked widgets for 1 minute : 0. Per second : 0, total time : 0 ms
08:26:21.401 - Ticked widgets for 1 minute : 0. Per second : 0, total time : 0 ms
08:27:21.401 - Ticked widgets for 1 minute : 0. Per second : 0, total time : 0 ms
08:28:21.401 - Ticked widgets for 1 minute : 0. Per second : 0, total time : 0 ms
08:29:21.403 - Ticked widgets for 1 minute : 0. Per second : 0, total time : 0 ms
08:30:21.401 - Ticked widgets for 1 minute : 0. Per second : 0, total time : 0 ms
08:31:21.402 - Ticked widgets for 1 minute : 0. Per second : 0, total time : 0 ms
08:32:21.401 - Ticked widgets for 1 minute : 0. Per second : 0, total time : 0 ms
08:33:21.401 - Ticked widgets for 1 minute : 0. Per second : 0, total time : 0 ms
08:34:21.404 - Ticked widgets for 1 minute : 0. Per second : 0, total time : 0 ms
08:35:21.402 - Ticked widgets for 1 minute : 0. Per second : 0, total time : 0 ms
08:36:21.402 - Ticked widgets for 1 minute : 0. Per second : 0, total time : 0 ms
08:37:21.402 - Ticked widgets for 1 minute : 0. Per second : 0, total time : 0 ms
08:38:21.402 - Ticked widgets for 1 minute : 0. Per second : 0, total time : 0 ms
08:39:21.406 - Ticked widgets for 1 minute : 0. Per second : 0, total time : 0 ms
08:40:21.402 - Ticked widgets for 1 minute : 0. Per second : 0, total time : 1 ms
08:41:21.401 - Ticked widgets for 1 minute : 0. Per second : 0, total time : 0 ms
08:42:21.401 - Ticked widgets for 1 minute : 0. Per second : 0, total time : 0 ms
08:43:21.402 - Ticked widgets for 1 minute : 0. Per second : 0, total time : 0 ms
08:44:21.401 - Ticked widgets for 1 minute : 0. Per second : 0, total time : 0 ms
08:45:21.403 - Ticked widgets for 1 minute : 0. Per second : 0, total time : 0 ms
08:46:21.401 - Ticked widgets for 1 minute : 0. Per second : 0, total time : 0 ms
08:47:21.402 - Ticked widgets for 1 minute : 0. Per second : 0, total time : 0 ms
08:48:21.401 - Ticked widgets for 1 minute : 0. Per second : 0, total time : 2 ms
08:49:21.404 - Ticked widgets for 1 minute : 0. Per second : 0, total time : 0 ms
08:50:21.401 - Ticked widgets for 1 minute : 0. Per second : 0, total time : 0 ms
08:51:21.402 - Ticked widgets for 1 minute : 0. Per second : 0, total time : 0 ms
08:52:21.401 - Ticked widgets for 1 minute : 0. Per second : 0, total time : 0 ms
08:53:21.401 - Ticked widgets for 1 minute : 0. Per second : 0, total time : 0 ms
08:54:21.401 - Ticked widgets for 1 minute : 0. Per second : 0, total time : 0 ms
08:55:21.401 - Ticked widgets for 1 minute : 0. Per second : 0, total time : 0 ms
08:56:21.403 - Ticked widgets for 1 minute : 0. Per second : 0, total time : 0 ms
08:57:21.401 - Ticked widgets for 1 minute : 0. Per second : 0, total time : 1 ms
08:58:21.401 - Ticked widgets for 1 minute : 0. Per second : 0, total time : 0 ms
08:59:21.402 - Ticked widgets for 1 minute : 0. Per second : 0, total time : 0 ms
09:00:21.402 - Ticked widgets for 1 minute : 0. Per second : 0, total time : 0 ms
09:01:21.402 - Ticked widgets for 1 minute : 0. Per second : 0, total time : 0 ms
09:02:21.403 - Ticked widgets for 1 minute : 0. Per second : 0, total time : 0 ms
09:03:21.405 - Ticked widgets for 1 minute : 0. Per second : 0, total time : 0 ms
09:04:21.403 - Ticked widgets for 1 minute : 0. Per second : 0, total time : 0 ms
09:05:21.404 - Ticked widgets for 1 minute : 0. Per second : 0, total time : 0 ms
09:06:21.401 - Ticked widgets for 1 minute : 0. Per second : 0, total time : 0 ms
09:07:21.404 - Ticked widgets for 1 minute : 0. Per second : 0, total time : 0 ms
09:08:21.402 - Ticked widgets for 1 minute : 0. Per second : 0, total time : 0 ms
09:09:21.402 - Ticked widgets for 1 minute : 0. Per second : 0, total time : 1 ms
09:10:21.402 - Ticked widgets for 1 minute : 0. Per second : 0, total time : 0 ms
09:11:21.401 - Ticked widgets for 1 minute : 0. Per second : 0, total time : 0 ms
09:12:21.406 - Ticked widgets for 1 minute : 0. Per second : 0, total time : 0 ms
09:13:21.402 - Ticked widgets for 1 minute : 0. Per second : 0, total time : 0 ms
09:14:21.401 - Ticked widgets for 1 minute : 0. Per second : 0, total time : 0 ms
09:15:21.401 - Ticked widgets for 1 minute : 0. Per second : 0, total time : 0 ms
09:16:21.402 - Ticked widgets for 1 minute : 0. Per second : 0, total time : 0 ms
09:17:21.402 - Ticked widgets for 1 minute : 0. Per second : 0, total time : 0 ms
09:18:21.402 - Ticked widgets for 1 minute : 0. Per second : 0, total time : 0 ms
09:19:21.401 - Ticked widgets for 1 minute : 0. Per second : 0, total time : 0 ms
09:20:21.402 - Ticked widgets for 1 minute : 0. Per second : 0, total time : 1 ms
09:21:21.402 - Ticked widgets for 1 minute : 0. Per second : 0, total time : 0 ms
09:22:21.402 - Ticked widgets for 1 minute : 0. Per second : 0, total time : 0 ms
09:23:21.401 - Ticked widgets for 1 minute : 0. Per second : 0, total time : 0 ms
09:24:21.403 - Ticked widgets for 1 minute : 0. Per second : 0, total time : 0 ms
09:25:21.403 - Ticked widgets for 1 minute : 0. Per second : 0, total time : 0 ms
09:26:21.401 - Ticked widgets for 1 minute : 0. Per second : 0, total time : 0 ms
09:27:21.402 - Ticked widgets for 1 minute : 0. Per second : 0, total time : 0 ms
09:28:21.401 - Ticked widgets for 1 minute : 0. Per second : 0, total time : 0 ms
09:29:21.404 - Ticked widgets for 1 minute : 0. Per second : 0, total time : 0 ms
09:30:21.402 - Ticked widgets for 1 minute : 0. Per second : 0, total time : 0 ms
09:31:21.401 - Ticked widgets for 1 minute : 0. Per second : 0, total time : 0 ms
09:32:21.401 - Ticked widgets for 1 minute : 0. Per second : 0, total time : 0 ms
09:33:21.401 - Ticked widgets for 1 minute : 0. Per second : 0, total time : 0 ms
09:34:21.445 - Ticked widgets for 1 minute : 0. Per second : 0, total time : 0 ms
09:35:21.403 - Ticked widgets for 1 minute : 0. Per second : 0, total time : 0 ms
09:36:21.401 - Ticked widgets for 1 minute : 0. Per second : 0, total time : 0 ms
09:37:21.402 - Ticked widgets for 1 minute : 0. Per second : 0, total time : 1 ms
09:38:21.401 - Ticked widgets for 1 minute : 0. Per second : 0, total time : 0 ms
09:39:21.401 - Ticked widgets for 1 minute : 0. Per second : 0, total time : 0 ms
09:40:21.402 - Ticked widgets for 1 minute : 0. Per second : 0, total time : 0 ms
09:41:21.402 - Ticked widgets for 1 minute : 0. Per second : 0, total time : 0 ms
09:42:21.433 - Ticked widgets for 1 minute : 0. Per second : 0, total time : 0 ms
09:43:21.406 - Ticked widgets for 1 minute : 0. Per second : 0, total time : 0 ms
09:44:21.402 - Ticked widgets for 1 minute : 0. Per second : 0, total time : 0 ms
09:45:21.401 - Ticked widgets for 1 minute : 0. Per second : 0, total time : 1 ms
09:46:21.402 - Ticked widgets for 1 minute : 0. Per second : 0, total time : 0 ms
09:47:21.401 - Ticked widgets for 1 minute : 0. Per second : 0, total time : 0 ms
09:48:21.443 - Ticked widgets for 1 minute : 0. Per second : 0, total time : 0 ms
09:49:21.401 - Ticked widgets for 1 minute : 0. Per second : 0, total time : 0 ms
09:50:21.402 - Ticked widgets for 1 minute : 0. Per second : 0, total time : 0 ms
09:51:21.401 - Ticked widgets for 1 minute : 0. Per second : 0, total time : 0 ms
09:52:21.401 - Ticked widgets for 1 minute : 0. Per second : 0, total time : 0 ms
09:53:21.402 - Ticked widgets for 1 minute : 0. Per second : 0, total time : 1 ms
09:54:21.401 - Ticked widgets for 1 minute : 0. Per second : 0, total time : 0 ms
09:55:21.402 - Ticked widgets for 1 minute : 0. Per second : 0, total time : 0 ms
09:56:21.401 - Ticked widgets for 1 minute : 0. Per second : 0, total time : 0 ms
09:57:21.402 - Ticked widgets for 1 minute : 0. Per second : 0, total time : 0 ms
09:58:21.402 - Ticked widgets for 1 minute : 0. Per second : 0, total time : 0 ms
09:59:21.401 - Ticked widgets for 1 minute : 0. Per second : 0, total time : 0 ms
10:00:21.400 - Ticked widgets for 1 minute : 0. Per second : 0, total time : 0 ms
10:01:21.401 - Ticked widgets for 1 minute : 0. Per second : 0, total time : 0 ms
10:02:21.459 - Ticked widgets for 1 minute : 0. Per second : 0, total time : 0 ms
10:03:21.417 - Ticked widgets for 1 minute : 0. Per second : 0, total time : 0 ms
10:04:21.401 - Ticked widgets for 1 minute : 0. Per second : 0, total time : 0 ms
10:05:21.413 - Ticked widgets for 1 minute : 0. Per second : 0, total time : 0 ms
10:06:21.404 - Ticked widgets for 1 minute : 0. Per second : 0, total time : 1 ms
10:07:21.416 - Ticked widgets for 1 minute : 0. Per second : 0, total time : 0 ms
10:08:21.401 - Ticked widgets for 1 minute : 0. Per second : 0, total time : 1 ms
10:09:21.403 - Ticked widgets for 1 minute : 0. Per second : 0, total time : 0 ms
10:10:21.401 - Ticked widgets for 1 minute : 0. Per second : 0, total time : 0 ms
10:11:21.401 - Ticked widgets for 1 minute : 0. Per second : 0, total time : 0 ms
10:12:21.403 - Ticked widgets for 1 minute : 0. Per second : 0, total time : 0 ms
10:13:21.411 - Ticked widgets for 1 minute : 0. Per second : 0, total time : 0 ms
10:14:21.406 - Ticked widgets for 1 minute : 0. Per second : 0, total time : 0 ms
10:15:21.407 - Ticked widgets for 1 minute : 0. Per second : 0, total time : 0 ms
10:16:21.414 - Ticked widgets for 1 minute : 0. Per second : 0, total time : 0 ms
10:17:21.401 - Ticked widgets for 1 minute : 0. Per second : 0, total time : 0 ms
10:18:21.405 - Ticked widgets for 1 minute : 0. Per second : 0, total time : 0 ms
10:19:21.402 - Ticked widgets for 1 minute : 0. Per second : 0, total time : 8 ms
10:20:21.416 - Ticked widgets for 1 minute : 0. Per second : 0, total time : 21 ms
10:21:21.402 - Ticked widgets for 1 minute : 0. Per second : 0, total time : 7 ms
10:22:21.404 - Ticked widgets for 1 minute : 0. Per second : 0, total time : 4 ms
10:23:21.401 - Ticked widgets for 1 minute : 0. Per second : 0, total time : 6 ms
10:24:21.401 - Ticked widgets for 1 minute : 0. Per second : 0, total time : 0 ms
10:25:21.410 - Ticked widgets for 1 minute : 0. Per second : 0, total time : 0 ms
10:26:21.401 - Ticked widgets for 1 minute : 0. Per second : 0, total time : 0 ms
10:27:21.412 - Ticked widgets for 1 minute : 0. Per second : 0, total time : 0 ms
10:28:21.402 - Ticked widgets for 1 minute : 0. Per second : 0, total time : 0 ms
10:29:21.406 - Ticked widgets for 1 minute : 0. Per second : 0, total time : 0 ms
10:30:21.405 - Ticked widgets for 1 minute : 0. Per second : 0, total time : 0 ms
10:31:21.403 - Ticked widgets for 1 minute : 0. Per second : 0, total time : 0 ms
10:32:21.401 - Ticked widgets for 1 minute : 0. Per second : 0, total time : 0 ms
10:33:21.401 - Ticked widgets for 1 minute : 0. Per second : 0, total time : 0 ms
10:34:21.476 - Ticked widgets for 1 minute : 0. Per second : 0, total time : 1 ms
10:35:21.402 - Ticked widgets for 1 minute : 0. Per second : 0, total time : 0 ms
10:36:21.401 - Ticked widgets for 1 minute : 0. Per second : 0, total time : 0 ms
10:37:21.401 - Ticked widgets for 1 minute : 0. Per second : 0, total time : 0 ms
10:38:21.402 - Ticked widgets for 1 minute : 0. Per second : 0, total time : 1 ms
10:39:21.402 - Ticked widgets for 1 minute : 0. Per second : 0, total time : 0 ms
10:40:21.414 - Ticked widgets for 1 minute : 0. Per second : 0, total time : 0 ms
10:41:21.402 - Ticked widgets for 1 minute : 0. Per second : 0, total time : 0 ms
10:42:21.403 - Ticked widgets for 1 minute : 0. Per second : 0, total time : 0 ms
10:43:21.402 - Ticked widgets for 1 minute : 0. Per second : 0, total time : 0 ms
10:44:21.401 - Ticked widgets for 1 minute : 0. Per second : 0, total time : 0 ms
10:45:21.401 - Ticked widgets for 1 minute : 0. Per second : 0, total time : 0 ms
10:46:21.450 - Ticked widgets for 1 minute : 0. Per second : 0, total time : 0 ms
10:47:21.437 - Ticked widgets for 1 minute : 0. Per second : 0, total time : 0 ms
10:48:21.402 - Ticked widgets for 1 minute : 0. Per second : 0, total time : 0 ms
10:49:21.401 - Ticked widgets for 1 minute : 0. Per second : 0, total time : 0 ms
10:50:21.401 - Ticked widgets for 1 minute : 0. Per second : 0, total time : 0 ms
10:51:21.401 - Ticked widgets for 1 minute : 0. Per second : 0, total time : 0 ms
10:52:21.429 - Ticked widgets for 1 minute : 0. Per second : 0, total time : 2 ms
10:53:21.403 - Ticked widgets for 1 minute : 0. Per second : 0, total time : 0 ms
10:54:21.401 - Ticked widgets for 1 minute : 0. Per second : 0, total time : 0 ms
10:55:21.402 - Ticked widgets for 1 minute : 0. Per second : 0, total time : 0 ms
10:56:21.402 - Ticked widgets for 1 minute : 0. Per second : 0, total time : 0 ms
10:57:21.401 - Ticked widgets for 1 minute : 0. Per second : 0, total time : 0 ms
10:58:21.401 - Ticked widgets for 1 minute : 0. Per second : 0, total time : 0 ms
10:59:21.402 - Ticked widgets for 1 minute : 0. Per second : 0, total time : 0 ms
11:00:21.456 - Ticked widgets for 1 minute : 0. Per second : 0, total time : 0 ms
11:01:21.412 - Ticked widgets for 1 minute : 0. Per second : 0, total time : 0 ms
11:02:21.402 - Ticked widgets for 1 minute : 0. Per second : 0, total time : 0 ms
11:03:21.470 - Ticked widgets for 1 minute : 0. Per second : 0, total time : 0 ms
11:04:21.403 - Ticked widgets for 1 minute : 0. Per second : 0, total time : 0 ms
11:05:21.424 - Ticked widgets for 1 minute : 0. Per second : 0, total time : 2 ms
11:06:21.404 - Ticked widgets for 1 minute : 0. Per second : 0, total time : 0 ms
11:07:21.403 - Ticked widgets for 1 minute : 0. Per second : 0, total time : 0 ms
11:08:21.432 - Ticked widgets for 1 minute : 0. Per second : 0, total time : 0 ms
11:09:21.400 - Ticked widgets for 1 minute : 0. Per second : 0, total time : 0 ms
11:10:21.405 - Ticked widgets for 1 minute : 0. Per second : 0, total time : 0 ms
11:11:21.402 - Ticked widgets for 1 minute : 0. Per second : 0, total time : 0 ms
11:12:21.403 - Ticked widgets for 1 minute : 0. Per second : 0, total time : 0 ms
11:13:21.402 - Ticked widgets for 1 minute : 0. Per second : 0, total time : 0 ms
11:14:21.402 - Ticked widgets for 1 minute : 0. Per second : 0, total time : 0 ms
11:15:21.401 - Ticked widgets for 1 minute : 0. Per second : 0, total time : 0 ms
11:16:21.401 - Ticked widgets for 1 minute : 0. Per second : 0, total time : 0 ms
11:17:21.401 - Ticked widgets for 1 minute : 0. Per second : 0, total time : 0 ms
11:18:21.401 - Ticked widgets for 1 minute : 0. Per second : 0, total time : 0 ms
11:19:21.403 - Ticked widgets for 1 minute : 0. Per second : 0, total time : 0 ms
11:20:21.410 - Ticked widgets for 1 minute : 0. Per second : 0, total time : 1 ms
11:21:21.400 - Ticked widgets for 1 minute : 0. Per second : 0, total time : 0 ms
11:22:21.402 - Ticked widgets for 1 minute : 0. Per second : 0, total time : 0 ms
11:23:21.401 - Ticked widgets for 1 minute : 0. Per second : 0, total time : 0 ms
11:24:21.405 - Ticked widgets for 1 minute : 0. Per second : 0, total time : 0 ms
11:25:21.401 - Ticked widgets for 1 minute : 0. Per second : 0, total time : 0 ms
11:26:21.401 - Ticked widgets for 1 minute : 0. Per second : 0, total time : 1 ms
11:27:21.402 - Ticked widgets for 1 minute : 0. Per second : 0, total time : 0 ms
11:28:21.401 - Ticked widgets for 1 minute : 0. Per second : 0, total time : 0 ms
11:29:21.401 - Ticked widgets for 1 minute : 0. Per second : 0, total time : 0 ms
11:30:21.401 - Ticked widgets for 1 minute : 0. Per second : 0, total time : 0 ms
11:31:21.402 - Ticked widgets for 1 minute : 0. Per second : 0, total time : 3 ms
11:32:21.401 - Ticked widgets for 1 minute : 0. Per second : 0, total time : 0 ms
11:33:21.402 - Ticked widgets for 1 minute : 0. Per second : 0, total time : 0 ms
11:34:21.401 - Ticked widgets for 1 minute : 0. Per second : 0, total time : 3 ms
11:35:21.401 - Ticked widgets for 1 minute : 0. Per second : 0, total time : 0 ms
11:36:21.418 - Ticked widgets for 1 minute : 0. Per second : 0, total time : 0 ms
11:37:21.402 - Ticked widgets for 1 minute : 0. Per second : 0, total time : 0 ms
11:38:21.401 - Ticked widgets for 1 minute : 0. Per second : 0, total time : 0 ms
11:39:21.401 - Ticked widgets for 1 minute : 0. Per second : 0, total time : 1 ms
11:40:21.401 - Ticked widgets for 1 minute : 0. Per second : 0, total time : 0 ms
11:41:21.402 - Ticked widgets for 1 minute : 0. Per second : 0, total time : 0 ms
11:42:21.401 - Ticked widgets for 1 minute : 0. Per second : 0, total time : 0 ms
11:43:21.402 - Ticked widgets for 1 minute : 0. Per second : 0, total time : 0 ms
11:44:21.401 - Ticked widgets for 1 minute : 0. Per second : 0, total time : 0 ms
11:45:21.402 - Ticked widgets for 1 minute : 0. Per second : 0, total time : 0 ms
11:46:21.402 - Ticked widgets for 1 minute : 0. Per second : 0, total time : 0 ms
11:47:21.402 - Ticked widgets for 1 minute : 0. Per second : 0, total time : 0 ms
11:48:21.402 - Ticked widgets for 1 minute : 0. Per second : 0, total time : 0 ms
11:49:21.402 - Ticked widgets for 1 minute : 0. Per second : 0, total time : 0 ms
11:50:21.402 - Ticked widgets for 1 minute : 0. Per second : 0, total time : 0 ms
11:51:21.401 - Ticked widgets for 1 minute : 0. Per second : 0, total time : 0 ms
11:52:21.401 - Ticked widgets for 1 minute : 0. Per second : 0, total time : 0 ms
11:53:21.402 - Ticked widgets for 1 minute : 0. Per second : 0, total time : 0 ms
11:54:21.431 - Ticked widgets for 1 minute : 0. Per second : 0, total time : 0 ms
11:55:21.401 - Ticked widgets for 1 minute : 0. Per second : 0, total time : 0 ms
11:56:21.401 - Ticked widgets for 1 minute : 0. Per second : 0, total time : 0 ms
11:57:21.401 - Ticked widgets for 1 minute : 0. Per second : 0, total time : 0 ms
11:58:21.455 - Ticked widgets for 1 minute : 0. Per second : 0, total time : 0 ms
11:59:21.402 - Ticked widgets for 1 minute : 0. Per second : 0, total time : 0 ms
12:00:21.401 - Ticked widgets for 1 minute : 0. Per second : 0, total time : 0 ms
12:01:21.404 - Ticked widgets for 1 minute : 0. Per second : 0, total time : 0 ms
12:02:21.401 - Ticked widgets for 1 minute : 0. Per second : 0, total time : 0 ms
12:03:21.401 - Ticked widgets for 1 minute : 0. Per second : 0, total time : 0 ms
12:04:21.401 - Ticked widgets for 1 minute : 0. Per second : 0, total time : 0 ms
12:05:21.401 - Ticked widgets for 1 minute : 0. Per second : 0, total time : 0 ms
12:06:21.401 - Ticked widgets for 1 minute : 0. Per second : 0, total time : 0 ms
12:07:21.401 - Ticked widgets for 1 minute : 0. Per second : 0, total time : 1 ms
12:08:21.402 - Ticked widgets for 1 minute : 0. Per second : 0, total time : 0 ms
12:09:21.401 - Ticked widgets for 1 minute : 0. Per second : 0, total time : 1 ms
12:10:21.401 - Ticked widgets for 1 minute : 0. Per second : 0, total time : 0 ms
12:11:21.408 - Ticked widgets for 1 minute : 0. Per second : 0, total time : 0 ms
12:12:21.404 - Ticked widgets for 1 minute : 0. Per second : 0, total time : 0 ms
12:13:21.406 - Ticked widgets for 1 minute : 0. Per second : 0, total time : 0 ms
12:14:21.401 - Ticked widgets for 1 minute : 0. Per second : 0, total time : 0 ms
12:15:21.401 - Ticked widgets for 1 minute : 0. Per second : 0, total time : 0 ms
12:16:21.402 - Ticked widgets for 1 minute : 0. Per second : 0, total time : 0 ms
12:17:21.440 - Ticked widgets for 1 minute : 0. Per second : 0, total time : 0 ms
12:18:21.401 - Ticked widgets for 1 minute : 0. Per second : 0, total time : 0 ms
12:19:21.402 - Ticked widgets for 1 minute : 0. Per second : 0, total time : 0 ms
12:20:21.411 - Ticked widgets for 1 minute : 0. Per second : 0, total time : 0 ms
12:21:21.401 - Ticked widgets for 1 minute : 0. Per second : 0, total time : 0 ms
12:22:21.402 - Ticked widgets for 1 minute : 0. Per second : 0, total time : 0 ms
12:23:21.401 - Ticked widgets for 1 minute : 0. Per second : 0, total time : 0 ms
12:24:21.401 - Ticked widgets for 1 minute : 0. Per second : 0, total time : 0 ms
12:25:21.401 - Ticked widgets for 1 minute : 0. Per second : 0, total time : 0 ms
12:26:21.401 - Ticked widgets for 1 minute : 0. Per second : 0, total time : 0 ms
12:27:21.401 - Ticked widgets for 1 minute : 0. Per second : 0, total time : 0 ms
12:28:21.401 - Ticked widgets for 1 minute : 0. Per second : 0, total time : 1 ms
12:29:21.402 - Ticked widgets for 1 minute : 0. Per second : 0, total time : 0 ms
12:30:21.420 - Ticked widgets for 1 minute : 0. Per second : 0, total time : 0 ms
12:31:21.412 - Ticked widgets for 1 minute : 0. Per second : 0, total time : 0 ms
12:32:21.408 - Ticked widgets for 1 minute : 0. Per second : 0, total time : 0 ms
12:33:21.401 - Ticked widgets for 1 minute : 0. Per second : 0, total time : 0 ms
12:34:21.402 - Ticked widgets for 1 minute : 0. Per second : 0, total time : 0 ms
12:35:21.401 - Ticked widgets for 1 minute : 0. Per second : 0, total time : 0 ms
12:36:21.401 - Ticked widgets for 1 minute : 0. Per second : 0, total time : 0 ms
12:37:21.402 - Ticked widgets for 1 minute : 0. Per second : 0, total time : 0 ms
12:38:21.401 - Ticked widgets for 1 minute : 0. Per second : 0, total time : 0 ms
12:39:21.404 - Ticked widgets for 1 minute : 0. Per second : 0, total time : 0 ms
12:40:21.401 - Ticked widgets for 1 minute : 0. Per second : 0, total time : 0 ms
12:41:21.401 - Ticked widgets for 1 minute : 0. Per second : 0, total time : 1 ms
12:42:21.401 - Ticked widgets for 1 minute : 0. Per second : 0, total time : 0 ms
12:43:21.402 - Ticked widgets for 1 minute : 0. Per second : 0, total time : 0 ms
12:44:21.402 - Ticked widgets for 1 minute : 0. Per second : 0, total time : 0 ms
12:45:21.401 - Ticked widgets for 1 minute : 0. Per second : 0, total time : 0 ms
12:46:21.411 - Ticked widgets for 1 minute : 0. Per second : 0, total time : 0 ms
12:47:21.401 - Ticked widgets for 1 minute : 0. Per second : 0, total time : 0 ms
12:48:21.401 - Ticked widgets for 1 minute : 0. Per second : 0, total time : 0 ms
12:49:21.401 - Ticked widgets for 1 minute : 0. Per second : 0, total time : 0 ms
12:50:21.401 - Ticked widgets for 1 minute : 0. Per second : 0, total time : 0 ms
12:51:21.402 - Ticked widgets for 1 minute : 0. Per second : 0, total time : 0 ms
12:52:21.401 - Ticked widgets for 1 minute : 0. Per second : 0, total time : 1 ms
12:53:21.401 - Ticked widgets for 1 minute : 0. Per second : 0, total time : 0 ms
12:54:21.401 - Ticked widgets for 1 minute : 0. Per second : 0, total time : 0 ms
12:55:21.403 - Ticked widgets for 1 minute : 0. Per second : 0, total time : 0 ms
12:56:21.401 - Ticked widgets for 1 minute : 0. Per second : 0, total time : 0 ms
12:57:21.402 - Ticked widgets for 1 minute : 0. Per second : 0, total time : 0 ms
12:58:21.401 - Ticked widgets for 1 minute : 0. Per second : 0, total time : 0 ms
12:59:21.413 - Ticked widgets for 1 minute : 0. Per second : 0, total time : 1 ms
13:00:21.403 - Ticked widgets for 1 minute : 0. Per second : 0, total time : 0 ms
13:01:21.400 - Ticked widgets for 1 minute : 0. Per second : 0, total time : 0 ms
13:02:21.403 - Ticked widgets for 1 minute : 0. Per second : 0, total time : 0 ms
13:03:21.400 - Ticked widgets for 1 minute : 0. Per second : 0, total time : 0 ms
13:04:21.403 - Ticked widgets for 1 minute : 0. Per second : 0, total time : 0 ms
13:05:21.401 - Ticked widgets for 1 minute : 0. Per second : 0, total time : 0 ms
13:06:21.406 - Ticked widgets for 1 minute : 0. Per second : 0, total time : 1 ms
13:07:21.404 - Ticked widgets for 1 minute : 0. Per second : 0, total time : 0 ms
13:08:21.417 - Ticked widgets for 1 minute : 0. Per second : 0, total time : 0 ms
13:09:21.401 - Ticked widgets for 1 minute : 0. Per second : 0, total time : 0 ms
13:10:21.401 - Ticked widgets for 1 minute : 0. Per second : 0, total time : 0 ms
13:11:21.402 - Ticked widgets for 1 minute : 0. Per second : 0, total time : 0 ms
13:12:21.401 - Ticked widgets for 1 minute : 0. Per second : 0, total time : 0 ms
13:13:21.401 - Ticked widgets for 1 minute : 0. Per second : 0, total time : 1 ms
13:14:21.405 - Ticked widgets for 1 minute : 0. Per second : 0, total time : 0 ms
13:15:21.402 - Ticked widgets for 1 minute : 0. Per second : 0, total time : 1 ms
13:16:21.408 - Ticked widgets for 1 minute : 0. Per second : 0, total time : 0 ms
13:17:21.402 - Ticked widgets for 1 minute : 0. Per second : 0, total time : 0 ms
13:18:21.401 - Ticked widgets for 1 minute : 0. Per second : 0, total time : 5 ms
13:19:21.402 - Ticked widgets for 1 minute : 0. Per second : 0, total time : 0 ms
13:20:21.402 - Ticked widgets for 1 minute : 0. Per second : 0, total time : 0 ms
13:21:21.401 - Ticked widgets for 1 minute : 0. Per second : 0, total time : 0 ms
13:22:21.421 - Ticked widgets for 1 minute : 0. Per second : 0, total time : 0 ms
13:23:21.401 - Ticked widgets for 1 minute : 0. Per second : 0, total time : 0 ms
13:24:21.412 - Ticked widgets for 1 minute : 0. Per second : 0, total time : 1 ms
13:25:21.401 - Ticked widgets for 1 minute : 0. Per second : 0, total time : 0 ms
13:26:21.402 - Ticked widgets for 1 minute : 0. Per second : 0, total time : 0 ms
13:27:21.408 - Ticked widgets for 1 minute : 0. Per second : 0, total time : 0 ms
13:28:21.402 - Ticked widgets for 1 minute : 0. Per second : 0, total time : 0 ms
13:29:21.454 - Ticked widgets for 1 minute : 0. Per second : 0, total time : 0 ms
13:30:21.403 - Ticked widgets for 1 minute : 0. Per second : 0, total time : 0 ms
13:31:21.402 - Ticked widgets for 1 minute : 0. Per second : 0, total time : 0 ms
13:32:21.401 - Ticked widgets for 1 minute : 0. Per second : 0, total time : 0 ms
13:33:21.407 - Ticked widgets for 1 minute : 0. Per second : 0, total time : 0 ms
13:34:21.401 - Ticked widgets for 1 minute : 0. Per second : 0, total time : 0 ms
13:35:21.402 - Ticked widgets for 1 minute : 0. Per second : 0, total time : 0 ms
13:36:21.401 - Ticked widgets for 1 minute : 0. Per second : 0, total time : 0 ms
13:37:21.401 - Ticked widgets for 1 minute : 0. Per second : 0, total time : 0 ms
13:38:21.401 - Ticked widgets for 1 minute : 0. Per second : 0, total time : 0 ms
13:39:21.405 - Ticked widgets for 1 minute : 0. Per second : 0, total time : 0 ms
13:40:21.401 - Ticked widgets for 1 minute : 0. Per second : 0, total time : 0 ms
13:41:21.401 - Ticked widgets for 1 minute : 0. Per second : 0, total time : 0 ms
13:42:21.403 - Ticked widgets for 1 minute : 0. Per second : 0, total time : 0 ms
13:43:21.402 - Ticked widgets for 1 minute : 0. Per second : 0, total time : 0 ms
13:44:21.402 - Ticked widgets for 1 minute : 0. Per second : 0, total time : 1 ms
13:45:21.401 - Ticked widgets for 1 minute : 0. Per second : 0, total time : 0 ms
13:46:21.405 - Ticked widgets for 1 minute : 0. Per second : 0, total time : 0 ms
13:47:21.403 - Ticked widgets for 1 minute : 0. Per second : 0, total time : 0 ms
13:48:21.403 - Ticked widgets for 1 minute : 0. Per second : 0, total time : 0 ms
13:49:21.402 - Ticked widgets for 1 minute : 0. Per second : 0, total time : 0 ms
13:50:21.401 - Ticked widgets for 1 minute : 0. Per second : 0, total time : 0 ms
13:51:21.402 - Ticked widgets for 1 minute : 0. Per second : 0, total time : 0 ms
13:52:21.402 - Ticked widgets for 1 minute : 0. Per second : 0, total time : 0 ms
13:53:21.403 - Ticked widgets for 1 minute : 0. Per second : 0, total time : 0 ms
