00:00:14.401 - Ticked widgets for 1 minute : 0. Per second : 0, total time : 1 ms
00:01:14.402 - Ticked widgets for 1 minute : 0. Per second : 0, total time : 3 ms
00:02:14.401 - Ticked widgets for 1 minute : 0. Per second : 0, total time : 2 ms
00:03:14.415 - Ticked widgets for 1 minute : 0. Per second : 0, total time : 6 ms
00:04:14.402 - Ticked widgets for 1 minute : 0. Per second : 0, total time : 1 ms
00:05:14.404 - Ticked widgets for 1 minute : 0. Per second : 0, total time : 2 ms
00:06:14.401 - Ticked widgets for 1 minute : 0. Per second : 0, total time : 2 ms
00:07:14.401 - Ticked widgets for 1 minute : 0. Per second : 0, total time : 7 ms
00:08:14.402 - Ticked widgets for 1 minute : 0. Per second : 0, total time : 3 ms
00:09:14.400 - Ticked widgets for 1 minute : 0. Per second : 0, total time : 2 ms
00:09:24.496 - Timers : 0
00:10:14.402 - Ticked widgets for 1 minute : 0. Per second : 0, total time : 2 ms
00:10:37.422 - Timers : 0
00:11:14.400 - Ticked widgets for 1 minute : 0. Per second : 0, total time : 0 ms
00:11:47.589 - Timers : 0
00:12:14.401 - Ticked widgets for 1 minute : 0. Per second : 0, total time : 1 ms
00:12:19.656 - Timers : 0
00:13:14.401 - Ticked widgets for 1 minute : 0. Per second : 0, total time : 5 ms
00:14:14.402 - Ticked widgets for 1 minute : 0. Per second : 0, total time : 0 ms
00:14:26.637 - Timers : 0
00:15:14.412 - Ticked widgets for 1 minute : 0. Per second : 0, total time : 1 ms
00:16:14.400 - Ticked widgets for 1 minute : 0. Per second : 0, total time : 1 ms
00:16:26.135 - Timers : 0
00:16:33.903 - Timers : 0
00:17:14.401 - Ticked widgets for 1 minute : 0. Per second : 0, total time : 0 ms
00:18:14.401 - Ticked widgets for 1 minute : 0. Per second : 0, total time : 0 ms
00:19:14.401 - Ticked widgets for 1 minute : 0. Per second : 0, total time : 1 ms
00:20:14.401 - Ticked widgets for 1 minute : 0. Per second : 0, total time : 0 ms
00:20:28.011 - Timers : 0
00:20:52.425 - Timers : 0
00:21:14.402 - Ticked widgets for 1 minute : 0. Per second : 0, total time : 0 ms
00:21:19.922 - Timers : 0
00:22:14.401 - Ticked widgets for 1 minute : 0. Per second : 0, total time : 0 ms
00:23:14.402 - Ticked widgets for 1 minute : 0. Per second : 0, total time : 0 ms
00:25:56.061 - Timers : 0
00:26:58.402 - Ticked widgets for 1 minute : 0. Per second : 0, total time : 0 ms
00:27:22.851 - Timers : 0
00:27:58.402 - Ticked widgets for 1 minute : 0. Per second : 0, total time : 0 ms
00:28:37.223 - Timers : 0
00:29:15.572 - Timers : 0
00:30:13.008 - Timers : 0
00:31:09.064 - Timers : 0
00:31:45.053 - Timers : 0
00:35:27.494 - Timers : 0
00:35:58.972 - Timers : 0
00:37:00.322 - Timers : 0
00:37:00.405 - Ticked widgets for 1 minute : 0. Per second : 0, total time : 0 ms
00:37:52.852 - Timers : 0
00:38:00.401 - Ticked widgets for 1 minute : 0. Per second : 0, total time : 0 ms
00:39:00.404 - Ticked widgets for 1 minute : 0. Per second : 0, total time : 0 ms
00:39:14.423 - Timers : 0
00:40:00.404 - Ticked widgets for 1 minute : 0. Per second : 0, total time : 1 ms
00:40:33.226 - Timers : 0
00:41:14.898 - Timers : 0
00:41:41.624 - Timers : 0
00:42:15.403 - Ticked widgets for 1 minute : 0. Per second : 0, total time : 1 ms
00:42:24.194 - Timers : 0
00:42:51.235 - Timers : 0
00:43:52.403 - Ticked widgets for 1 minute : 0. Per second : 0, total time : 0 ms
00:44:29.794 - Timers : 0
00:45:34.456 - Timers : 0
00:46:35.403 - Ticked widgets for 1 minute : 0. Per second : 0, total time : 0 ms
00:47:35.586 - Timers : 0
00:47:55.213 - Timers : 0
00:48:56.402 - Ticked widgets for 1 minute : 0. Per second : 0, total time : 0 ms
00:49:21.085 - Timers : 0
00:50:22.403 - Ticked widgets for 1 minute : 0. Per second : 0, total time : 0 ms
00:51:22.403 - Ticked widgets for 1 minute : 0. Per second : 0, total time : 0 ms
00:52:22.402 - Ticked widgets for 1 minute : 0. Per second : 0, total time : 1 ms
00:52:51.549 - Timers : 0
00:53:22.402 - Ticked widgets for 1 minute : 0. Per second : 0, total time : 1 ms
00:54:22.402 - Ticked widgets for 1 minute : 0. Per second : 0, total time : 0 ms
00:54:32.082 - Timers : 0
00:55:22.403 - Ticked widgets for 1 minute : 0. Per second : 0, total time : 0 ms
00:56:22.402 - Ticked widgets for 1 minute : 0. Per second : 0, total time : 0 ms
00:57:22.403 - Ticked widgets for 1 minute : 0. Per second : 0, total time : 0 ms
00:58:22.404 - Ticked widgets for 1 minute : 0. Per second : 0, total time : 0 ms
00:59:22.407 - Ticked widgets for 1 minute : 0. Per second : 0, total time : 0 ms
01:00:22.403 - Ticked widgets for 1 minute : 0. Per second : 0, total time : 0 ms
01:00:57.329 - Timers : 0
01:01:58.402 - Ticked widgets for 1 minute : 0. Per second : 0, total time : 0 ms
01:02:01.023 - Backup for user DB started...
01:02:01.040 - Backup for user DB finished.
01:02:58.403 - Ticked widgets for 1 minute : 0. Per second : 0, total time : 0 ms
01:03:58.402 - Ticked widgets for 1 minute : 0. Per second : 0, total time : 0 ms
01:04:58.402 - Ticked widgets for 1 minute : 0. Per second : 0, total time : 1 ms
01:06:19.772 - Timers : 0
01:07:21.402 - Ticked widgets for 1 minute : 0. Per second : 0, total time : 0 ms
01:08:01.019 - Backup for user DB started...
01:08:01.054 - Backup for user DB finished.
01:08:21.402 - Ticked widgets for 1 minute : 0. Per second : 0, total time : 0 ms
01:09:21.402 - Ticked widgets for 1 minute : 0. Per second : 0, total time : 0 ms
01:10:21.406 - Ticked widgets for 1 minute : 0. Per second : 0, total time : 0 ms
01:11:21.402 - Ticked widgets for 1 minute : 0. Per second : 0, total time : 5 ms
01:12:21.401 - Ticked widgets for 1 minute : 0. Per second : 0, total time : 0 ms
01:13:21.401 - Ticked widgets for 1 minute : 0. Per second : 0, total time : 10 ms
01:14:21.402 - Ticked widgets for 1 minute : 0. Per second : 0, total time : 0 ms
01:15:21.402 - Ticked widgets for 1 minute : 0. Per second : 0, total time : 0 ms
01:16:21.402 - Ticked widgets for 1 minute : 0. Per second : 0, total time : 0 ms
01:17:21.403 - Ticked widgets for 1 minute : 0. Per second : 0, total time : 0 ms
01:18:21.401 - Ticked widgets for 1 minute : 0. Per second : 0, total time : 0 ms
01:19:21.401 - Ticked widgets for 1 minute : 0. Per second : 0, total time : 9 ms
01:20:21.405 - Ticked widgets for 1 minute : 0. Per second : 0, total time : 0 ms
01:21:21.402 - Ticked widgets for 1 minute : 0. Per second : 0, total time : 0 ms
01:22:21.401 - Ticked widgets for 1 minute : 0. Per second : 0, total time : 0 ms
01:23:21.402 - Ticked widgets for 1 minute : 0. Per second : 0, total time : 0 ms
01:24:21.402 - Ticked widgets for 1 minute : 0. Per second : 0, total time : 3 ms
01:25:21.405 - Ticked widgets for 1 minute : 0. Per second : 0, total time : 0 ms
01:26:21.402 - Ticked widgets for 1 minute : 0. Per second : 0, total time : 0 ms
01:27:21.451 - Ticked widgets for 1 minute : 0. Per second : 0, total time : 0 ms
01:28:21.402 - Ticked widgets for 1 minute : 0. Per second : 0, total time : 4 ms
01:29:21.402 - Ticked widgets for 1 minute : 0. Per second : 0, total time : 1 ms
01:30:21.402 - Ticked widgets for 1 minute : 0. Per second : 0, total time : 3 ms
01:31:21.403 - Ticked widgets for 1 minute : 0. Per second : 0, total time : 12 ms
01:32:21.433 - Ticked widgets for 1 minute : 0. Per second : 0, total time : 2 ms
01:33:21.404 - Ticked widgets for 1 minute : 0. Per second : 0, total time : 4 ms
01:34:21.401 - Ticked widgets for 1 minute : 0. Per second : 0, total time : 8 ms
01:35:21.401 - Ticked widgets for 1 minute : 0. Per second : 0, total time : 9 ms
01:36:21.402 - Ticked widgets for 1 minute : 0. Per second : 0, total time : 6 ms
01:37:21.401 - Ticked widgets for 1 minute : 0. Per second : 0, total time : 6 ms
01:38:21.401 - Ticked widgets for 1 minute : 0. Per second : 0, total time : 5 ms
01:39:21.402 - Ticked widgets for 1 minute : 0. Per second : 0, total time : 3 ms
01:40:21.401 - Ticked widgets for 1 minute : 0. Per second : 0, total time : 2 ms
01:41:21.401 - Ticked widgets for 1 minute : 0. Per second : 0, total time : 6 ms
01:42:21.403 - Ticked widgets for 1 minute : 0. Per second : 0, total time : 1 ms
01:43:21.402 - Ticked widgets for 1 minute : 0. Per second : 0, total time : 0 ms
01:44:21.402 - Ticked widgets for 1 minute : 0. Per second : 0, total time : 7 ms
01:45:21.401 - Ticked widgets for 1 minute : 0. Per second : 0, total time : 4 ms
01:46:21.404 - Ticked widgets for 1 minute : 0. Per second : 0, total time : 4 ms
01:47:21.402 - Ticked widgets for 1 minute : 0. Per second : 0, total time : 0 ms
01:48:21.402 - Ticked widgets for 1 minute : 0. Per second : 0, total time : 1 ms
01:49:21.419 - Ticked widgets for 1 minute : 0. Per second : 0, total time : 3 ms
01:50:21.464 - Ticked widgets for 1 minute : 0. Per second : 0, total time : 8 ms
01:51:21.402 - Ticked widgets for 1 minute : 0. Per second : 0, total time : 5 ms
01:52:21.401 - Ticked widgets for 1 minute : 0. Per second : 0, total time : 3 ms
01:53:21.404 - Ticked widgets for 1 minute : 0. Per second : 0, total time : 4 ms
01:54:21.403 - Ticked widgets for 1 minute : 0. Per second : 0, total time : 1 ms
01:55:21.403 - Ticked widgets for 1 minute : 0. Per second : 0, total time : 2 ms
01:55:32.548 - Timers : 0
01:55:56.006 - Timers : 0
01:56:21.402 - Ticked widgets for 1 minute : 0. Per second : 0, total time : 1 ms
01:57:21.402 - Ticked widgets for 1 minute : 0. Per second : 0, total time : 1 ms
01:58:14.228 - Timers : 0
01:58:21.402 - Ticked widgets for 1 minute : 0. Per second : 0, total time : 0 ms
01:58:27.070 - Timers : 0
01:59:21.403 - Ticked widgets for 1 minute : 0. Per second : 0, total time : 11 ms
02:00:21.402 - Ticked widgets for 1 minute : 0. Per second : 0, total time : 14 ms
02:01:21.401 - Ticked widgets for 1 minute : 0. Per second : 0, total time : 7 ms
02:02:21.406 - Ticked widgets for 1 minute : 0. Per second : 0, total time : 5 ms
02:03:21.417 - Ticked widgets for 1 minute : 0. Per second : 0, total time : 4 ms
02:04:21.404 - Ticked widgets for 1 minute : 0. Per second : 0, total time : 5 ms
02:05:21.402 - Ticked widgets for 1 minute : 0. Per second : 0, total time : 3 ms
02:06:21.186 - Truncated 0 files. Time : 0 ms.
02:06:21.187 - Removed 0 old export files. Time : 0 ms.
02:06:21.402 - Ticked widgets for 1 minute : 0. Per second : 0, total time : 4 ms
02:07:21.402 - Ticked widgets for 1 minute : 0. Per second : 0, total time : 3 ms
02:08:21.403 - Ticked widgets for 1 minute : 0. Per second : 0, total time : 2 ms
02:09:21.402 - Ticked widgets for 1 minute : 0. Per second : 0, total time : 2 ms
02:10:21.402 - Ticked widgets for 1 minute : 0. Per second : 0, total time : 2 ms
02:11:21.403 - Ticked widgets for 1 minute : 0. Per second : 0, total time : 0 ms
02:12:21.402 - Ticked widgets for 1 minute : 0. Per second : 0, total time : 0 ms
02:13:21.405 - Ticked widgets for 1 minute : 0. Per second : 0, total time : 0 ms
02:14:21.407 - Ticked widgets for 1 minute : 0. Per second : 0, total time : 1 ms
02:15:21.402 - Ticked widgets for 1 minute : 0. Per second : 0, total time : 2 ms
02:16:21.402 - Ticked widgets for 1 minute : 0. Per second : 0, total time : 4 ms
02:17:21.405 - Ticked widgets for 1 minute : 0. Per second : 0, total time : 5 ms
02:18:21.402 - Ticked widgets for 1 minute : 0. Per second : 0, total time : 10 ms
02:19:21.406 - Ticked widgets for 1 minute : 0. Per second : 0, total time : 6 ms
02:20:21.401 - Ticked widgets for 1 minute : 0. Per second : 0, total time : 4 ms
02:21:21.402 - Ticked widgets for 1 minute : 0. Per second : 0, total time : 2 ms
02:22:21.402 - Ticked widgets for 1 minute : 0. Per second : 0, total time : 4 ms
02:23:21.401 - Ticked widgets for 1 minute : 0. Per second : 0, total time : 13 ms
02:24:21.417 - Ticked widgets for 1 minute : 0. Per second : 0, total time : 26 ms
02:25:21.421 - Ticked widgets for 1 minute : 0. Per second : 0, total time : 6 ms
02:26:21.401 - Ticked widgets for 1 minute : 0. Per second : 0, total time : 7 ms
02:27:21.423 - Ticked widgets for 1 minute : 0. Per second : 0, total time : 8 ms
02:28:21.402 - Ticked widgets for 1 minute : 0. Per second : 0, total time : 7 ms
02:29:21.403 - Ticked widgets for 1 minute : 0. Per second : 0, total time : 6 ms
02:30:21.458 - Ticked widgets for 1 minute : 0. Per second : 0, total time : 2 ms
02:31:21.401 - Ticked widgets for 1 minute : 0. Per second : 0, total time : 6 ms
02:32:21.440 - Ticked widgets for 1 minute : 0. Per second : 0, total time : 2 ms
02:33:21.403 - Ticked widgets for 1 minute : 0. Per second : 0, total time : 7 ms
02:34:21.404 - Ticked widgets for 1 minute : 0. Per second : 0, total time : 7 ms
02:35:21.402 - Ticked widgets for 1 minute : 0. Per second : 0, total time : 3 ms
02:36:21.446 - Ticked widgets for 1 minute : 0. Per second : 0, total time : 7 ms
02:37:21.402 - Ticked widgets for 1 minute : 0. Per second : 0, total time : 2 ms
02:38:21.402 - Ticked widgets for 1 minute : 0. Per second : 0, total time : 4 ms
02:39:21.401 - Ticked widgets for 1 minute : 0. Per second : 0, total time : 7 ms
02:40:21.409 - Ticked widgets for 1 minute : 0. Per second : 0, total time : 11 ms
02:41:21.409 - Ticked widgets for 1 minute : 0. Per second : 0, total time : 11 ms
02:42:21.402 - Ticked widgets for 1 minute : 0. Per second : 0, total time : 3 ms
02:43:21.402 - Ticked widgets for 1 minute : 0. Per second : 0, total time : 5 ms
02:44:21.401 - Ticked widgets for 1 minute : 0. Per second : 0, total time : 0 ms
02:45:21.402 - Ticked widgets for 1 minute : 0. Per second : 0, total time : 0 ms
02:46:21.402 - Ticked widgets for 1 minute : 0. Per second : 0, total time : 0 ms
02:47:21.402 - Ticked widgets for 1 minute : 0. Per second : 0, total time : 0 ms
02:48:21.402 - Ticked widgets for 1 minute : 0. Per second : 0, total time : 0 ms
02:49:21.402 - Ticked widgets for 1 minute : 0. Per second : 0, total time : 0 ms
02:50:21.402 - Ticked widgets for 1 minute : 0. Per second : 0, total time : 0 ms
02:51:21.402 - Ticked widgets for 1 minute : 0. Per second : 0, total time : 0 ms
02:52:21.404 - Ticked widgets for 1 minute : 0. Per second : 0, total time : 0 ms
02:53:21.402 - Ticked widgets for 1 minute : 0. Per second : 0, total time : 0 ms
02:54:21.421 - Ticked widgets for 1 minute : 0. Per second : 0, total time : 0 ms
02:55:21.674 - Ticked widgets for 1 minute : 0. Per second : 0, total time : 1 ms
02:56:21.435 - Ticked widgets for 1 minute : 0. Per second : 0, total time : 1 ms
02:57:21.413 - Ticked widgets for 1 minute : 0. Per second : 0, total time : 0 ms
02:58:21.403 - Ticked widgets for 1 minute : 0. Per second : 0, total time : 4 ms
02:59:21.401 - Ticked widgets for 1 minute : 0. Per second : 0, total time : 0 ms
03:00:21.403 - Ticked widgets for 1 minute : 0. Per second : 0, total time : 4 ms
03:01:21.405 - Ticked widgets for 1 minute : 0. Per second : 0, total time : 5 ms
03:02:21.443 - Ticked widgets for 1 minute : 0. Per second : 0, total time : 3 ms
03:03:21.403 - Ticked widgets for 1 minute : 0. Per second : 0, total time : 1 ms
03:04:21.403 - Ticked widgets for 1 minute : 0. Per second : 0, total time : 3 ms
03:05:21.402 - Ticked widgets for 1 minute : 0. Per second : 0, total time : 1 ms
03:06:21.405 - Ticked widgets for 1 minute : 0. Per second : 0, total time : 4 ms
03:07:21.402 - Ticked widgets for 1 minute : 0. Per second : 0, total time : 1 ms
03:08:21.408 - Ticked widgets for 1 minute : 0. Per second : 0, total time : 6 ms
03:09:21.414 - Ticked widgets for 1 minute : 0. Per second : 0, total time : 4 ms
03:10:21.418 - Ticked widgets for 1 minute : 0. Per second : 0, total time : 10 ms
03:11:21.402 - Ticked widgets for 1 minute : 0. Per second : 0, total time : 0 ms
03:12:21.402 - Ticked widgets for 1 minute : 0. Per second : 0, total time : 1 ms
03:13:21.407 - Ticked widgets for 1 minute : 0. Per second : 0, total time : 3 ms
03:14:21.403 - Ticked widgets for 1 minute : 0. Per second : 0, total time : 3 ms
03:15:21.402 - Ticked widgets for 1 minute : 0. Per second : 0, total time : 4 ms
03:16:21.415 - Ticked widgets for 1 minute : 0. Per second : 0, total time : 2 ms
03:17:21.407 - Ticked widgets for 1 minute : 0. Per second : 0, total time : 4 ms
03:18:21.401 - Ticked widgets for 1 minute : 0. Per second : 0, total time : 18 ms
03:19:21.405 - Ticked widgets for 1 minute : 0. Per second : 0, total time : 8 ms
03:20:21.402 - Ticked widgets for 1 minute : 0. Per second : 0, total time : 2 ms
03:21:21.402 - Ticked widgets for 1 minute : 0. Per second : 0, total time : 3 ms
03:22:21.401 - Ticked widgets for 1 minute : 0. Per second : 0, total time : 3 ms
03:23:21.401 - Ticked widgets for 1 minute : 0. Per second : 0, total time : 2 ms
03:24:21.413 - Ticked widgets for 1 minute : 0. Per second : 0, total time : 0 ms
03:25:21.401 - Ticked widgets for 1 minute : 0. Per second : 0, total time : 0 ms
03:26:21.473 - Ticked widgets for 1 minute : 0. Per second : 0, total time : 0 ms
