{
  "commands" : {
    "response" : 0,
    "redeem" : 0,
    "hardwareConnected" : 0,
    "register" : 0,
    "login" : 0,
    "hardwareLogin" : 0,
    "loadProfile" : 0,
    "appSync" : 0,
    "sharing" : 0,
    "getToken" : 0,
    "ping" : 0,
    "activate" : 0,
    "deactivate" : 0,
    "refreshToken" : 0,
    "getGraphData" : 0,
    "exportGraphData" : 0,
    "setWidgetProperty" : 0,
    "bridge" : 0,
    "hardware" : 0,
    "getSharedDash" : 0,
    "getShareToken" : 0,
    "refreshShareToken" : 0,
    "shareLogin" : 0,
    "createProject" : 0,
    "updateProject" : 0,
    "deleteProject" : 0,
    "hardwareSync" : 0,
    "internal" : 0,
    "sms" : 0,
    "tweet" : 0,
    "email" : 0,
    "push" : 0,
    "addPushToken" : 0,
    "createWidget" : 0,
    "updateWidget" : 0,
    "deleteWidget" : 0,
    "createDevice" : 0,
    "updateDevice" : 0,
    "deleteDevice" : 0,
    "getDevices" : 0,
    "createTag" : 0,
    "updateTag" : 0,
    "deleteTag" : 0,
    "getTags" : 0,
    "addEnergy" : 0,
    "getEnergy" : 0,
    "getServer" : 0,
    "connectRedirect" : 0,
    "webSockets" : 0,
    "eventor" : 0,
    "webhooks" : 0,
    "appTotal" : 0,
    "mqttTotal" : 0
  },
  "http" : {
    "isHardwareConnected" : 0,
    "isAppConnected" : 0,
    "getPinData" : 0,
    "updatePinData" : 0,
    "email" : 0,
    "notify" : 0,
    "getProject" : 0,
    "qr" : 0,
    "getHistoryPinData" : 0,
    "total" : 0
  },
  "ioStat" : {
    "messagingActiveTasks" : 0,
    "messagingExecutedTasks" : 4,
    "historyActiveTasks" : 0,
    "historyExecutedTasks" : 0,
    "dbActiveTasks" : 0,
    "dbExecutedTasks" : 0,
    "reportingActiveTasks" : 0,
    "reportingExecutedTasks" : 0,
    "getServerActiveTasks" : 0,
    "getServerExecutedTasks" : 2,
    "reportsActive" : 0,
    "reportsExecuted" : 0,
    "reportsFutureMapSize" : 0
  },
  "memoryStat" : {
    "heapBytes" : 134217728,
    "directBytes" : 134217728
  },
  "oneMinRate" : 0,
  "registrations" : 6,
  "active" : 1,
  "activeWeek" : 1,
  "activeMonth" : 1,
  "connected" : 0,
  "onlineApps" : 0,
  "totalOnlineApps" : 0,
  "onlineHards" : 0,
  "totalOnlineHards" : 0
}
{
  "commands" : {
    "response" : 0,
    "redeem" : 0,
    "hardwareConnected" : 0,
    "register" : 0,
    "login" : 0,
    "hardwareLogin" : 0,
    "loadProfile" : 0,
    "appSync" : 0,
    "sharing" : 0,
    "getToken" : 0,
    "ping" : 0,
    "activate" : 0,
    "deactivate" : 0,
    "refreshToken" : 0,
    "getGraphData" : 0,
    "exportGraphData" : 0,
    "setWidgetProperty" : 0,
    "bridge" : 0,
    "hardware" : 0,
    "getSharedDash" : 0,
    "getShareToken" : 0,
    "refreshShareToken" : 0,
    "shareLogin" : 0,
    "createProject" : 0,
    "updateProject" : 0,
    "deleteProject" : 0,
    "hardwareSync" : 0,
    "internal" : 0,
    "sms" : 0,
    "tweet" : 0,
    "email" : 0,
    "push" : 0,
    "addPushToken" : 0,
    "createWidget" : 0,
    "updateWidget" : 0,
    "deleteWidget" : 0,
    "createDevice" : 0,
    "updateDevice" : 0,
    "deleteDevice" : 0,
    "getDevices" : 0,
    "createTag" : 0,
    "updateTag" : 0,
    "deleteTag" : 0,
    "getTags" : 0,
    "addEnergy" : 0,
    "getEnergy" : 0,
    "getServer" : 0,
    "connectRedirect" : 0,
    "webSockets" : 0,
    "eventor" : 0,
    "webhooks" : 0,
    "appTotal" : 0,
    "mqttTotal" : 0
  },
  "http" : {
    "isHardwareConnected" : 0,
    "isAppConnected" : 0,
    "getPinData" : 0,
    "updatePinData" : 0,
    "email" : 0,
    "notify" : 0,
    "getProject" : 0,
    "qr" : 0,
    "getHistoryPinData" : 0,
    "total" : 0
  },
  "ioStat" : {
    "messagingActiveTasks" : 0,
    "messagingExecutedTasks" : 4,
    "historyActiveTasks" : 0,
    "historyExecutedTasks" : 0,
    "dbActiveTasks" : 0,
    "dbExecutedTasks" : 0,
    "reportingActiveTasks" : 0,
    "reportingExecutedTasks" : 0,
    "getServerActiveTasks" : 0,
    "getServerExecutedTasks" : 2,
    "reportsActive" : 0,
    "reportsExecuted" : 0,
    "reportsFutureMapSize" : 0
  },
  "memoryStat" : {
    "heapBytes" : 134217728,
    "directBytes" : 134217728
  },
  "oneMinRate" : 0,
  "registrations" : 6,
  "active" : 1,
  "activeWeek" : 1,
  "activeMonth" : 1,
  "connected" : 0,
  "onlineApps" : 0,
  "totalOnlineApps" : 0,
  "onlineHards" : 0,
  "totalOnlineHards" : 0
}
{
  "commands" : {
    "response" : 0,
    "redeem" : 0,
    "hardwareConnected" : 0,
    "register" : 0,
    "login" : 0,
    "hardwareLogin" : 0,
    "loadProfile" : 0,
    "appSync" : 0,
    "sharing" : 0,
    "getToken" : 0,
    "ping" : 0,
    "activate" : 0,
    "deactivate" : 0,
    "refreshToken" : 0,
    "getGraphData" : 0,
    "exportGraphData" : 0,
    "setWidgetProperty" : 0,
    "bridge" : 0,
    "hardware" : 0,
    "getSharedDash" : 0,
    "getShareToken" : 0,
    "refreshShareToken" : 0,
    "shareLogin" : 0,
    "createProject" : 0,
    "updateProject" : 0,
    "deleteProject" : 0,
    "hardwareSync" : 0,
    "internal" : 0,
    "sms" : 0,
    "tweet" : 0,
    "email" : 0,
    "push" : 0,
    "addPushToken" : 0,
    "createWidget" : 0,
    "updateWidget" : 0,
    "deleteWidget" : 0,
    "createDevice" : 0,
    "updateDevice" : 0,
    "deleteDevice" : 0,
    "getDevices" : 0,
    "createTag" : 0,
    "updateTag" : 0,
    "deleteTag" : 0,
    "getTags" : 0,
    "addEnergy" : 0,
    "getEnergy" : 0,
    "getServer" : 0,
    "connectRedirect" : 0,
    "webSockets" : 0,
    "eventor" : 0,
    "webhooks" : 0,
    "appTotal" : 0,
    "mqttTotal" : 0
  },
  "http" : {
    "isHardwareConnected" : 0,
    "isAppConnected" : 0,
    "getPinData" : 0,
    "updatePinData" : 0,
    "email" : 0,
    "notify" : 0,
    "getProject" : 0,
    "qr" : 0,
    "getHistoryPinData" : 0,
    "total" : 0
  },
  "ioStat" : {
    "messagingActiveTasks" : 0,
    "messagingExecutedTasks" : 4,
    "historyActiveTasks" : 0,
    "historyExecutedTasks" : 0,
    "dbActiveTasks" : 0,
    "dbExecutedTasks" : 0,
    "reportingActiveTasks" : 0,
    "reportingExecutedTasks" : 0,
    "getServerActiveTasks" : 0,
    "getServerExecutedTasks" : 2,
    "reportsActive" : 0,
    "reportsExecuted" : 0,
    "reportsFutureMapSize" : 0
  },
  "memoryStat" : {
    "heapBytes" : 134217728,
    "directBytes" : 134217728
  },
  "oneMinRate" : 0,
  "registrations" : 6,
  "active" : 1,
  "activeWeek" : 1,
  "activeMonth" : 1,
  "connected" : 0,
  "onlineApps" : 0,
  "totalOnlineApps" : 0,
  "onlineHards" : 0,
  "totalOnlineHards" : 0
}
{
  "commands" : {
    "response" : 0,
    "redeem" : 0,
    "hardwareConnected" : 0,
    "register" : 0,
    "login" : 1,
    "hardwareLogin" : 0,
    "loadProfile" : 2,
    "appSync" : 18,
    "sharing" : 0,
    "getToken" : 0,
    "ping" : 1,
    "activate" : 0,
    "deactivate" : 0,
    "refreshToken" : 0,
    "getGraphData" : 0,
    "exportGraphData" : 0,
    "setWidgetProperty" : 6,
    "bridge" : 0,
    "hardware" : 0,
    "getSharedDash" : 0,
    "getShareToken" : 0,
    "refreshShareToken" : 0,
    "shareLogin" : 0,
    "createProject" : 0,
    "updateProject" : 0,
    "deleteProject" : 0,
    "hardwareSync" : 0,
    "internal" : 0,
    "sms" : 0,
    "tweet" : 0,
    "email" : 0,
    "push" : 0,
    "addPushToken" : 1,
    "createWidget" : 0,
    "updateWidget" : 0,
    "deleteWidget" : 0,
    "createDevice" : 0,
    "updateDevice" : 0,
    "deleteDevice" : 0,
    "getDevices" : 0,
    "createTag" : 0,
    "updateTag" : 0,
    "deleteTag" : 0,
    "getTags" : 0,
    "addEnergy" : 0,
    "getEnergy" : 2,
    "getServer" : 0,
    "connectRedirect" : 0,
    "webSockets" : 0,
    "eventor" : 0,
    "webhooks" : 0,
    "appTotal" : 7,
    "mqttTotal" : 0
  },
  "http" : {
    "isHardwareConnected" : 0,
    "isAppConnected" : 0,
    "getPinData" : 0,
    "updatePinData" : 0,
    "email" : 0,
    "notify" : 0,
    "getProject" : 0,
    "qr" : 0,
    "getHistoryPinData" : 0,
    "total" : 0
  },
  "ioStat" : {
    "messagingActiveTasks" : 0,
    "messagingExecutedTasks" : 4,
    "historyActiveTasks" : 0,
    "historyExecutedTasks" : 0,
    "dbActiveTasks" : 0,
    "dbExecutedTasks" : 0,
    "reportingActiveTasks" : 0,
    "reportingExecutedTasks" : 0,
    "getServerActiveTasks" : 0,
    "getServerExecutedTasks" : 2,
    "reportsActive" : 0,
    "reportsExecuted" : 0,
    "reportsFutureMapSize" : 0
  },
  "memoryStat" : {
    "heapBytes" : 134217728,
    "directBytes" : 134217728
  },
  "oneMinRate" : 0,
  "registrations" : 6,
  "active" : 1,
  "activeWeek" : 1,
  "activeMonth" : 1,
  "connected" : 0,
  "onlineApps" : 1,
  "totalOnlineApps" : 1,
  "onlineHards" : 0,
  "totalOnlineHards" : 0
}
{
  "commands" : {
    "response" : 0,
    "redeem" : 0,
    "hardwareConnected" : 3,
    "register" : 0,
    "login" : 1,
    "hardwareLogin" : 2,
    "loadProfile" : 2,
    "appSync" : 18,
    "sharing" : 0,
    "getToken" : 0,
    "ping" : 2,
    "activate" : 0,
    "deactivate" : 0,
    "refreshToken" : 0,
    "getGraphData" : 0,
    "exportGraphData" : 0,
    "setWidgetProperty" : 36,
    "bridge" : 0,
    "hardware" : 74,
    "getSharedDash" : 0,
    "getShareToken" : 0,
    "refreshShareToken" : 0,
    "shareLogin" : 0,
    "createProject" : 0,
    "updateProject" : 0,
    "deleteProject" : 0,
    "hardwareSync" : 0,
    "internal" : 2,
    "sms" : 0,
    "tweet" : 0,
    "email" : 0,
    "push" : 0,
    "addPushToken" : 0,
    "createWidget" : 0,
    "updateWidget" : 0,
    "deleteWidget" : 0,
    "createDevice" : 0,
    "updateDevice" : 0,
    "deleteDevice" : 0,
    "getDevices" : 4,
    "createTag" : 0,
    "updateTag" : 0,
    "deleteTag" : 0,
    "getTags" : 0,
    "addEnergy" : 0,
    "getEnergy" : 2,
    "getServer" : 0,
    "connectRedirect" : 0,
    "webSockets" : 0,
    "eventor" : 0,
    "webhooks" : 0,
    "appTotal" : 9,
    "mqttTotal" : 0
  },
  "http" : {
    "isHardwareConnected" : 0,
    "isAppConnected" : 0,
    "getPinData" : 0,
    "updatePinData" : 0,
    "email" : 0,
    "notify" : 0,
    "getProject" : 0,
    "qr" : 0,
    "getHistoryPinData" : 0,
    "total" : 0
  },
  "ioStat" : {
    "messagingActiveTasks" : 0,
    "messagingExecutedTasks" : 4,
    "historyActiveTasks" : 0,
    "historyExecutedTasks" : 0,
    "dbActiveTasks" : 0,
    "dbExecutedTasks" : 0,
    "reportingActiveTasks" : 0,
    "reportingExecutedTasks" : 0,
    "getServerActiveTasks" : 0,
    "getServerExecutedTasks" : 2,
    "reportsActive" : 0,
    "reportsExecuted" : 0,
    "reportsFutureMapSize" : 0
  },
  "memoryStat" : {
    "heapBytes" : 134217728,
    "directBytes" : 134217728
  },
  "oneMinRate" : 1,
  "registrations" : 6,
  "active" : 1,
  "activeWeek" : 1,
  "activeMonth" : 1,
  "connected" : 1,
  "onlineApps" : 1,
  "totalOnlineApps" : 2,
  "onlineHards" : 1,
  "totalOnlineHards" : 2
}
{
  "commands" : {
    "response" : 0,
    "redeem" : 0,
    "hardwareConnected" : 0,
    "register" : 0,
    "login" : 0,
    "hardwareLogin" : 0,
    "loadProfile" : 0,
    "appSync" : 6,
    "sharing" : 0,
    "getToken" : 0,
    "ping" : 3,
    "activate" : 0,
    "deactivate" : 0,
    "refreshToken" : 0,
    "getGraphData" : 0,
    "exportGraphData" : 0,
    "setWidgetProperty" : 0,
    "bridge" : 0,
    "hardware" : 90,
    "getSharedDash" : 0,
    "getShareToken" : 0,
    "refreshShareToken" : 0,
    "shareLogin" : 0,
    "createProject" : 0,
    "updateProject" : 0,
    "deleteProject" : 0,
    "hardwareSync" : 0,
    "internal" : 0,
    "sms" : 0,
    "tweet" : 0,
    "email" : 0,
    "push" : 0,
    "addPushToken" : 0,
    "createWidget" : 0,
    "updateWidget" : 0,
    "deleteWidget" : 0,
    "createDevice" : 0,
    "updateDevice" : 0,
    "deleteDevice" : 0,
    "getDevices" : 2,
    "createTag" : 0,
    "updateTag" : 0,
    "deleteTag" : 0,
    "getTags" : 0,
    "addEnergy" : 0,
    "getEnergy" : 0,
    "getServer" : 0,
    "connectRedirect" : 0,
    "webSockets" : 0,
    "eventor" : 0,
    "webhooks" : 0,
    "appTotal" : 9,
    "mqttTotal" : 0
  },
  "http" : {
    "isHardwareConnected" : 0,
    "isAppConnected" : 0,
    "getPinData" : 0,
    "updatePinData" : 0,
    "email" : 0,
    "notify" : 0,
    "getProject" : 0,
    "qr" : 0,
    "getHistoryPinData" : 0,
    "total" : 0
  },
  "ioStat" : {
    "messagingActiveTasks" : 0,
    "messagingExecutedTasks" : 4,
    "historyActiveTasks" : 0,
    "historyExecutedTasks" : 0,
    "dbActiveTasks" : 0,
    "dbExecutedTasks" : 0,
    "reportingActiveTasks" : 0,
    "reportingExecutedTasks" : 0,
    "getServerActiveTasks" : 0,
    "getServerExecutedTasks" : 2,
    "reportsActive" : 0,
    "reportsExecuted" : 0,
    "reportsFutureMapSize" : 0
  },
  "memoryStat" : {
    "heapBytes" : 134217728,
    "directBytes" : 134217728
  },
  "oneMinRate" : 1,
  "registrations" : 6,
  "active" : 1,
  "activeWeek" : 1,
  "activeMonth" : 1,
  "connected" : 1,
  "onlineApps" : 1,
  "totalOnlineApps" : 2,
  "onlineHards" : 1,
  "totalOnlineHards" : 2
}
{
  "commands" : {
    "response" : 0,
    "redeem" : 0,
    "hardwareConnected" : 0,
    "register" : 0,
    "login" : 1,
    "hardwareLogin" : 0,
    "loadProfile" : 2,
    "appSync" : 20,
    "sharing" : 0,
    "getToken" : 0,
    "ping" : 2,
    "activate" : 0,
    "deactivate" : 3,
    "refreshToken" : 0,
    "getGraphData" : 0,
    "exportGraphData" : 0,
    "setWidgetProperty" : 6,
    "bridge" : 0,
    "hardware" : 96,
    "getSharedDash" : 0,
    "getShareToken" : 0,
    "refreshShareToken" : 0,
    "shareLogin" : 0,
    "createProject" : 0,
    "updateProject" : 0,
    "deleteProject" : 0,
    "hardwareSync" : 0,
    "internal" : 0,
    "sms" : 0,
    "tweet" : 0,
    "email" : 0,
    "push" : 0,
    "addPushToken" : 0,
    "createWidget" : 0,
    "updateWidget" : 0,
    "deleteWidget" : 0,
    "createDevice" : 0,
    "updateDevice" : 0,
    "deleteDevice" : 0,
    "getDevices" : 2,
    "createTag" : 0,
    "updateTag" : 0,
    "deleteTag" : 0,
    "getTags" : 0,
    "addEnergy" : 0,
    "getEnergy" : 2,
    "getServer" : 0,
    "connectRedirect" : 0,
    "webSockets" : 0,
    "eventor" : 0,
    "webhooks" : 0,
    "appTotal" : 8,
    "mqttTotal" : 0
  },
  "http" : {
    "isHardwareConnected" : 0,
    "isAppConnected" : 0,
    "getPinData" : 0,
    "updatePinData" : 0,
    "email" : 0,
    "notify" : 0,
    "getProject" : 0,
    "qr" : 0,
    "getHistoryPinData" : 0,
    "total" : 0
  },
  "ioStat" : {
    "messagingActiveTasks" : 0,
    "messagingExecutedTasks" : 4,
    "historyActiveTasks" : 0,
    "historyExecutedTasks" : 0,
    "dbActiveTasks" : 0,
    "dbExecutedTasks" : 0,
    "reportingActiveTasks" : 0,
    "reportingExecutedTasks" : 0,
    "getServerActiveTasks" : 0,
    "getServerExecutedTasks" : 2,
    "reportsActive" : 0,
    "reportsExecuted" : 0,
    "reportsFutureMapSize" : 0
  },
  "memoryStat" : {
    "heapBytes" : 134217728,
    "directBytes" : 134217728
  },
  "oneMinRate" : 2,
  "registrations" : 6,
  "active" : 1,
  "activeWeek" : 1,
  "activeMonth" : 1,
  "connected" : 1,
  "onlineApps" : 1,
  "totalOnlineApps" : 3,
  "onlineHards" : 1,
  "totalOnlineHards" : 1
}
{
  "commands" : {
    "response" : 0,
    "redeem" : 0,
    "hardwareConnected" : 0,
    "register" : 0,
    "login" : 0,
    "hardwareLogin" : 0,
    "loadProfile" : 0,
    "appSync" : 0,
    "sharing" : 0,
    "getToken" : 0,
    "ping" : 4,
    "activate" : 0,
    "deactivate" : 0,
    "refreshToken" : 2,
    "getGraphData" : 0,
    "exportGraphData" : 0,
    "setWidgetProperty" : 0,
    "bridge" : 0,
    "hardware" : 100,
    "getSharedDash" : 0,
    "getShareToken" : 0,
    "refreshShareToken" : 0,
    "shareLogin" : 0,
    "createProject" : 0,
    "updateProject" : 0,
    "deleteProject" : 0,
    "hardwareSync" : 0,
    "internal" : 0,
    "sms" : 0,
    "tweet" : 0,
    "email" : 0,
    "push" : 0,
    "addPushToken" : 0,
    "createWidget" : 0,
    "updateWidget" : 0,
    "deleteWidget" : 0,
    "createDevice" : 0,
    "updateDevice" : 0,
    "deleteDevice" : 0,
    "getDevices" : 0,
    "createTag" : 0,
    "updateTag" : 0,
    "deleteTag" : 0,
    "getTags" : 0,
    "addEnergy" : 0,
    "getEnergy" : 0,
    "getServer" : 0,
    "connectRedirect" : 0,
    "webSockets" : 0,
    "eventor" : 0,
    "webhooks" : 0,
    "appTotal" : 3,
    "mqttTotal" : 0
  },
  "http" : {
    "isHardwareConnected" : 0,
    "isAppConnected" : 0,
    "getPinData" : 0,
    "updatePinData" : 0,
    "email" : 0,
    "notify" : 0,
    "getProject" : 0,
    "qr" : 0,
    "getHistoryPinData" : 0,
    "total" : 0
  },
  "ioStat" : {
    "messagingActiveTasks" : 0,
    "messagingExecutedTasks" : 4,
    "historyActiveTasks" : 0,
    "historyExecutedTasks" : 0,
    "dbActiveTasks" : 0,
    "dbExecutedTasks" : 0,
    "reportingActiveTasks" : 0,
    "reportingExecutedTasks" : 0,
    "getServerActiveTasks" : 0,
    "getServerExecutedTasks" : 2,
    "reportsActive" : 0,
    "reportsExecuted" : 0,
    "reportsFutureMapSize" : 0
  },
  "memoryStat" : {
    "heapBytes" : 134217728,
    "directBytes" : 134217728
  },
  "oneMinRate" : 1,
  "registrations" : 6,
  "active" : 1,
  "activeWeek" : 1,
  "activeMonth" : 1,
  "connected" : 1,
  "onlineApps" : 1,
  "totalOnlineApps" : 3,
  "onlineHards" : 1,
  "totalOnlineHards" : 1
}
{
  "commands" : {
    "response" : 0,
    "redeem" : 0,
    "hardwareConnected" : 0,
    "register" : 0,
    "login" : 1,
    "hardwareLogin" : 0,
    "loadProfile" : 2,
    "appSync" : 16,
    "sharing" : 0,
    "getToken" : 0,
    "ping" : 2,
    "activate" : 0,
    "deactivate" : 0,
    "refreshToken" : 0,
    "getGraphData" : 0,
    "exportGraphData" : 0,
    "setWidgetProperty" : 6,
    "bridge" : 0,
    "hardware" : 144,
    "getSharedDash" : 0,
    "getShareToken" : 0,
    "refreshShareToken" : 0,
    "shareLogin" : 0,
    "createProject" : 0,
    "updateProject" : 0,
    "deleteProject" : 0,
    "hardwareSync" : 0,
    "internal" : 0,
    "sms" : 0,
    "tweet" : 0,
    "email" : 0,
    "push" : 0,
    "addPushToken" : 0,
    "createWidget" : 0,
    "updateWidget" : 0,
    "deleteWidget" : 0,
    "createDevice" : 0,
    "updateDevice" : 0,
    "deleteDevice" : 0,
    "getDevices" : 0,
    "createTag" : 0,
    "updateTag" : 0,
    "deleteTag" : 0,
    "getTags" : 0,
    "addEnergy" : 0,
    "getEnergy" : 2,
    "getServer" : 0,
    "connectRedirect" : 0,
    "webSockets" : 0,
    "eventor" : 0,
    "webhooks" : 0,
    "appTotal" : 5,
    "mqttTotal" : 0
  },
  "http" : {
    "isHardwareConnected" : 0,
    "isAppConnected" : 0,
    "getPinData" : 0,
    "updatePinData" : 0,
    "email" : 0,
    "notify" : 0,
    "getProject" : 0,
    "qr" : 0,
    "getHistoryPinData" : 0,
    "total" : 0
  },
  "ioStat" : {
    "messagingActiveTasks" : 0,
    "messagingExecutedTasks" : 4,
    "historyActiveTasks" : 0,
    "historyExecutedTasks" : 0,
    "dbActiveTasks" : 0,
    "dbExecutedTasks" : 0,
    "reportingActiveTasks" : 0,
    "reportingExecutedTasks" : 0,
    "getServerActiveTasks" : 0,
    "getServerExecutedTasks" : 2,
    "reportsActive" : 0,
    "reportsExecuted" : 0,
    "reportsFutureMapSize" : 0
  },
  "memoryStat" : {
    "heapBytes" : 134217728,
    "directBytes" : 134217728
  },
  "oneMinRate" : 2,
  "registrations" : 6,
  "active" : 1,
  "activeWeek" : 1,
  "activeMonth" : 1,
  "connected" : 1,
  "onlineApps" : 1,
  "totalOnlineApps" : 4,
  "onlineHards" : 1,
  "totalOnlineHards" : 1
}
{
  "commands" : {
    "response" : 0,
    "redeem" : 0,
    "hardwareConnected" : 0,
    "register" : 0,
    "login" : 0,
    "hardwareLogin" : 0,
    "loadProfile" : 0,
    "appSync" : 0,
    "sharing" : 0,
    "getToken" : 0,
    "ping" : 2,
    "activate" : 0,
    "deactivate" : 0,
    "refreshToken" : 0,
    "getGraphData" : 0,
    "exportGraphData" : 0,
    "setWidgetProperty" : 0,
    "bridge" : 0,
    "hardware" : 124,
    "getSharedDash" : 0,
    "getShareToken" : 0,
    "refreshShareToken" : 0,
    "shareLogin" : 0,
    "createProject" : 0,
    "updateProject" : 0,
    "deleteProject" : 0,
    "hardwareSync" : 0,
    "internal" : 0,
    "sms" : 0,
    "tweet" : 0,
    "email" : 0,
    "push" : 0,
    "addPushToken" : 0,
    "createWidget" : 0,
    "updateWidget" : 0,
    "deleteWidget" : 0,
    "createDevice" : 0,
    "updateDevice" : 0,
    "deleteDevice" : 0,
    "getDevices" : 0,
    "createTag" : 0,
    "updateTag" : 0,
    "deleteTag" : 0,
    "getTags" : 0,
    "addEnergy" : 0,
    "getEnergy" : 0,
    "getServer" : 0,
    "connectRedirect" : 0,
    "webSockets" : 0,
    "eventor" : 0,
    "webhooks" : 0,
    "appTotal" : 1,
    "mqttTotal" : 0
  },
  "http" : {
    "isHardwareConnected" : 0,
    "isAppConnected" : 0,
    "getPinData" : 0,
    "updatePinData" : 0,
    "email" : 0,
    "notify" : 0,
    "getProject" : 0,
    "qr" : 0,
    "getHistoryPinData" : 0,
    "total" : 0
  },
  "ioStat" : {
    "messagingActiveTasks" : 0,
    "messagingExecutedTasks" : 4,
    "historyActiveTasks" : 0,
    "historyExecutedTasks" : 0,
    "dbActiveTasks" : 0,
    "dbExecutedTasks" : 0,
    "reportingActiveTasks" : 0,
    "reportingExecutedTasks" : 0,
    "getServerActiveTasks" : 0,
    "getServerExecutedTasks" : 2,
    "reportsActive" : 0,
    "reportsExecuted" : 0,
    "reportsFutureMapSize" : 0
  },
  "memoryStat" : {
    "heapBytes" : 134217728,
    "directBytes" : 134217728
  },
  "oneMinRate" : 2,
  "registrations" : 6,
  "active" : 1,
  "activeWeek" : 1,
  "activeMonth" : 1,
  "connected" : 1,
  "onlineApps" : 1,
  "totalOnlineApps" : 3,
  "onlineHards" : 1,
  "totalOnlineHards" : 1
}
{
  "commands" : {
    "response" : 0,
    "redeem" : 0,
    "hardwareConnected" : 3,
    "register" : 0,
    "login" : 1,
    "hardwareLogin" : 1,
    "loadProfile" : 2,
    "appSync" : 109,
    "sharing" : 0,
    "getToken" : 0,
    "ping" : 0,
    "activate" : 4,
    "deactivate" : 0,
    "refreshToken" : 0,
    "getGraphData" : 0,
    "exportGraphData" : 0,
    "setWidgetProperty" : 197,
    "bridge" : 0,
    "hardware" : 181,
    "getSharedDash" : 0,
    "getShareToken" : 0,
    "refreshShareToken" : 0,
    "shareLogin" : 0,
    "createProject" : 0,
    "updateProject" : 0,
    "deleteProject" : 0,
    "hardwareSync" : 0,
    "internal" : 1,
    "sms" : 0,
    "tweet" : 0,
    "email" : 0,
    "push" : 0,
    "addPushToken" : 1,
    "createWidget" : 0,
    "updateWidget" : 0,
    "deleteWidget" : 0,
    "createDevice" : 0,
    "updateDevice" : 1,
    "deleteDevice" : 0,
    "getDevices" : 2,
    "createTag" : 0,
    "updateTag" : 0,
    "deleteTag" : 0,
    "getTags" : 0,
    "addEnergy" : 0,
    "getEnergy" : 4,
    "getServer" : 0,
    "connectRedirect" : 0,
    "webSockets" : 0,
    "eventor" : 0,
    "webhooks" : 0,
    "appTotal" : 25,
    "mqttTotal" : 0
  },
  "http" : {
    "isHardwareConnected" : 0,
    "isAppConnected" : 0,
    "getPinData" : 0,
    "updatePinData" : 0,
    "email" : 0,
    "notify" : 0,
    "getProject" : 0,
    "qr" : 0,
    "getHistoryPinData" : 0,
    "total" : 0
  },
  "ioStat" : {
    "messagingActiveTasks" : 0,
    "messagingExecutedTasks" : 4,
    "historyActiveTasks" : 0,
    "historyExecutedTasks" : 0,
    "dbActiveTasks" : 0,
    "dbExecutedTasks" : 0,
    "reportingActiveTasks" : 0,
    "reportingExecutedTasks" : 0,
    "getServerActiveTasks" : 0,
    "getServerExecutedTasks" : 2,
    "reportsActive" : 0,
    "reportsExecuted" : 0,
    "reportsFutureMapSize" : 0
  },
  "memoryStat" : {
    "heapBytes" : 134217728,
    "directBytes" : 134217728
  },
  "oneMinRate" : 7,
  "registrations" : 6,
  "active" : 1,
  "activeWeek" : 1,
  "activeMonth" : 1,
  "connected" : 1,
  "onlineApps" : 1,
  "totalOnlineApps" : 4,
  "onlineHards" : 1,
  "totalOnlineHards" : 2
}
{
  "commands" : {
    "response" : 0,
    "redeem" : 0,
    "hardwareConnected" : 0,
    "register" : 0,
    "login" : 0,
    "hardwareLogin" : 0,
    "loadProfile" : 0,
    "appSync" : 3,
    "sharing" : 0,
    "getToken" : 0,
    "ping" : 3,
    "activate" : 0,
    "deactivate" : 0,
    "refreshToken" : 0,
    "getGraphData" : 0,
    "exportGraphData" : 0,
    "setWidgetProperty" : 230,
    "bridge" : 0,
    "hardware" : 142,
    "getSharedDash" : 0,
    "getShareToken" : 0,
    "refreshShareToken" : 0,
    "shareLogin" : 0,
    "createProject" : 0,
    "updateProject" : 0,
    "deleteProject" : 0,
    "hardwareSync" : 0,
    "internal" : 0,
    "sms" : 0,
    "tweet" : 0,
    "email" : 0,
    "push" : 0,
    "addPushToken" : 0,
    "createWidget" : 0,
    "updateWidget" : 0,
    "deleteWidget" : 0,
    "createDevice" : 0,
    "updateDevice" : 0,
    "deleteDevice" : 0,
    "getDevices" : 2,
    "createTag" : 0,
    "updateTag" : 0,
    "deleteTag" : 0,
    "getTags" : 0,
    "addEnergy" : 0,
    "getEnergy" : 0,
    "getServer" : 0,
    "connectRedirect" : 0,
    "webSockets" : 0,
    "eventor" : 0,
    "webhooks" : 0,
    "appTotal" : 4,
    "mqttTotal" : 0
  },
  "http" : {
    "isHardwareConnected" : 0,
    "isAppConnected" : 0,
    "getPinData" : 0,
    "updatePinData" : 0,
    "email" : 0,
    "notify" : 0,
    "getProject" : 0,
    "qr" : 0,
    "getHistoryPinData" : 0,
    "total" : 0
  },
  "ioStat" : {
    "messagingActiveTasks" : 0,
    "messagingExecutedTasks" : 4,
    "historyActiveTasks" : 0,
    "historyExecutedTasks" : 0,
    "dbActiveTasks" : 0,
    "dbExecutedTasks" : 0,
    "reportingActiveTasks" : 0,
    "reportingExecutedTasks" : 0,
    "getServerActiveTasks" : 0,
    "getServerExecutedTasks" : 2,
    "reportsActive" : 0,
    "reportsExecuted" : 0,
    "reportsFutureMapSize" : 0
  },
  "memoryStat" : {
    "heapBytes" : 134217728,
    "directBytes" : 134217728
  },
  "oneMinRate" : 5,
  "registrations" : 6,
  "active" : 1,
  "activeWeek" : 1,
  "activeMonth" : 1,
  "connected" : 1,
  "onlineApps" : 1,
  "totalOnlineApps" : 3,
  "onlineHards" : 1,
  "totalOnlineHards" : 1
}
{
  "commands" : {
    "response" : 0,
    "redeem" : 0,
    "hardwareConnected" : 0,
    "register" : 0,
    "login" : 0,
    "hardwareLogin" : 0,
    "loadProfile" : 0,
    "appSync" : 0,
    "sharing" : 0,
    "getToken" : 0,
    "ping" : 3,
    "activate" : 0,
    "deactivate" : 0,
    "refreshToken" : 0,
    "getGraphData" : 0,
    "exportGraphData" : 0,
    "setWidgetProperty" : 0,
    "bridge" : 0,
    "hardware" : 96,
    "getSharedDash" : 0,
    "getShareToken" : 0,
    "refreshShareToken" : 0,
    "shareLogin" : 0,
    "createProject" : 0,
    "updateProject" : 0,
    "deleteProject" : 0,
    "hardwareSync" : 0,
    "internal" : 0,
    "sms" : 0,
    "tweet" : 0,
    "email" : 0,
    "push" : 0,
    "addPushToken" : 0,
    "createWidget" : 0,
    "updateWidget" : 0,
    "deleteWidget" : 0,
    "createDevice" : 0,
    "updateDevice" : 0,
    "deleteDevice" : 0,
    "getDevices" : 0,
    "createTag" : 0,
    "updateTag" : 0,
    "deleteTag" : 0,
    "getTags" : 0,
    "addEnergy" : 0,
    "getEnergy" : 0,
    "getServer" : 0,
    "connectRedirect" : 0,
    "webSockets" : 0,
    "eventor" : 0,
    "webhooks" : 0,
    "appTotal" : 2,
    "mqttTotal" : 0
  },
  "http" : {
    "isHardwareConnected" : 0,
    "isAppConnected" : 0,
    "getPinData" : 0,
    "updatePinData" : 0,
    "email" : 0,
    "notify" : 0,
    "getProject" : 0,
    "qr" : 0,
    "getHistoryPinData" : 0,
    "total" : 0
  },
  "ioStat" : {
    "messagingActiveTasks" : 0,
    "messagingExecutedTasks" : 4,
    "historyActiveTasks" : 0,
    "historyExecutedTasks" : 0,
    "dbActiveTasks" : 0,
    "dbExecutedTasks" : 0,
    "reportingActiveTasks" : 0,
    "reportingExecutedTasks" : 0,
    "getServerActiveTasks" : 0,
    "getServerExecutedTasks" : 2,
    "reportsActive" : 0,
    "reportsExecuted" : 0,
    "reportsFutureMapSize" : 0
  },
  "memoryStat" : {
    "heapBytes" : 134217728,
    "directBytes" : 134217728
  },
  "oneMinRate" : 3,
  "registrations" : 6,
  "active" : 1,
  "activeWeek" : 1,
  "activeMonth" : 1,
  "connected" : 1,
  "onlineApps" : 1,
  "totalOnlineApps" : 3,
  "onlineHards" : 1,
  "totalOnlineHards" : 1
}
{
  "commands" : {
    "response" : 0,
    "redeem" : 0,
    "hardwareConnected" : 0,
    "register" : 0,
    "login" : 0,
    "hardwareLogin" : 0,
    "loadProfile" : 0,
    "appSync" : 0,
    "sharing" : 0,
    "getToken" : 0,
    "ping" : 3,
    "activate" : 0,
    "deactivate" : 0,
    "refreshToken" : 0,
    "getGraphData" : 0,
    "exportGraphData" : 0,
    "setWidgetProperty" : 0,
    "bridge" : 0,
    "hardware" : 92,
    "getSharedDash" : 0,
    "getShareToken" : 0,
    "refreshShareToken" : 0,
    "shareLogin" : 0,
    "createProject" : 0,
    "updateProject" : 0,
    "deleteProject" : 0,
    "hardwareSync" : 0,
    "internal" : 0,
    "sms" : 0,
    "tweet" : 0,
    "email" : 0,
    "push" : 0,
    "addPushToken" : 0,
    "createWidget" : 0,
    "updateWidget" : 0,
    "deleteWidget" : 0,
    "createDevice" : 0,
    "updateDevice" : 0,
    "deleteDevice" : 0,
    "getDevices" : 0,
    "createTag" : 0,
    "updateTag" : 0,
    "deleteTag" : 0,
    "getTags" : 0,
    "addEnergy" : 0,
    "getEnergy" : 0,
    "getServer" : 0,
    "connectRedirect" : 0,
    "webSockets" : 0,
    "eventor" : 0,
    "webhooks" : 0,
    "appTotal" : 2,
    "mqttTotal" : 0
  },
  "http" : {
    "isHardwareConnected" : 0,
    "isAppConnected" : 0,
    "getPinData" : 0,
    "updatePinData" : 0,
    "email" : 0,
    "notify" : 0,
    "getProject" : 0,
    "qr" : 0,
    "getHistoryPinData" : 0,
    "total" : 0
  },
  "ioStat" : {
    "messagingActiveTasks" : 0,
    "messagingExecutedTasks" : 4,
    "historyActiveTasks" : 0,
    "historyExecutedTasks" : 0,
    "dbActiveTasks" : 0,
    "dbExecutedTasks" : 0,
    "reportingActiveTasks" : 0,
    "reportingExecutedTasks" : 0,
    "getServerActiveTasks" : 0,
    "getServerExecutedTasks" : 2,
    "reportsActive" : 0,
    "reportsExecuted" : 0,
    "reportsFutureMapSize" : 0
  },
  "memoryStat" : {
    "heapBytes" : 134217728,
    "directBytes" : 134217728
  },
  "oneMinRate" : 2,
  "registrations" : 6,
  "active" : 1,
  "activeWeek" : 1,
  "activeMonth" : 1,
  "connected" : 1,
  "onlineApps" : 1,
  "totalOnlineApps" : 2,
  "onlineHards" : 1,
  "totalOnlineHards" : 1
}
{
  "commands" : {
    "response" : 0,
    "redeem" : 0,
    "hardwareConnected" : 0,
    "register" : 0,
    "login" : 0,
    "hardwareLogin" : 0,
    "loadProfile" : 0,
    "appSync" : 0,
    "sharing" : 0,
    "getToken" : 0,
    "ping" : 2,
    "activate" : 0,
    "deactivate" : 0,
    "refreshToken" : 0,
    "getGraphData" : 0,
    "exportGraphData" : 0,
    "setWidgetProperty" : 0,
    "bridge" : 0,
    "hardware" : 72,
    "getSharedDash" : 0,
    "getShareToken" : 0,
    "refreshShareToken" : 0,
    "shareLogin" : 0,
    "createProject" : 0,
    "updateProject" : 0,
    "deleteProject" : 0,
    "hardwareSync" : 0,
    "internal" : 0,
    "sms" : 0,
    "tweet" : 0,
    "email" : 0,
    "push" : 0,
    "addPushToken" : 0,
    "createWidget" : 0,
    "updateWidget" : 0,
    "deleteWidget" : 0,
    "createDevice" : 0,
    "updateDevice" : 0,
    "deleteDevice" : 0,
    "getDevices" : 0,
    "createTag" : 0,
    "updateTag" : 0,
    "deleteTag" : 0,
    "getTags" : 0,
    "addEnergy" : 0,
    "getEnergy" : 0,
    "getServer" : 0,
    "connectRedirect" : 0,
    "webSockets" : 0,
    "eventor" : 0,
    "webhooks" : 0,
    "appTotal" : 1,
    "mqttTotal" : 0
  },
  "http" : {
    "isHardwareConnected" : 0,
    "isAppConnected" : 0,
    "getPinData" : 0,
    "updatePinData" : 0,
    "email" : 0,
    "notify" : 0,
    "getProject" : 0,
    "qr" : 0,
    "getHistoryPinData" : 0,
    "total" : 0
  },
  "ioStat" : {
    "messagingActiveTasks" : 0,
    "messagingExecutedTasks" : 4,
    "historyActiveTasks" : 0,
    "historyExecutedTasks" : 0,
    "dbActiveTasks" : 0,
    "dbExecutedTasks" : 0,
    "reportingActiveTasks" : 0,
    "reportingExecutedTasks" : 0,
    "getServerActiveTasks" : 0,
    "getServerExecutedTasks" : 2,
    "reportsActive" : 0,
    "reportsExecuted" : 0,
    "reportsFutureMapSize" : 0
  },
  "memoryStat" : {
    "heapBytes" : 134217728,
    "directBytes" : 134217728
  },
  "oneMinRate" : 1,
  "registrations" : 6,
  "active" : 1,
  "activeWeek" : 1,
  "activeMonth" : 1,
  "connected" : 1,
  "onlineApps" : 1,
  "totalOnlineApps" : 1,
  "onlineHards" : 1,
  "totalOnlineHards" : 1
}
{
  "commands" : {
    "response" : 0,
    "redeem" : 0,
    "hardwareConnected" : 0,
    "register" : 0,
    "login" : 0,
    "hardwareLogin" : 0,
    "loadProfile" : 0,
    "appSync" : 0,
    "sharing" : 0,
    "getToken" : 0,
    "ping" : 1,
    "activate" : 0,
    "deactivate" : 0,
    "refreshToken" : 0,
    "getGraphData" : 0,
    "exportGraphData" : 0,
    "setWidgetProperty" : 0,
    "bridge" : 0,
    "hardware" : 48,
    "getSharedDash" : 0,
    "getShareToken" : 0,
    "refreshShareToken" : 0,
    "shareLogin" : 0,
    "createProject" : 0,
    "updateProject" : 0,
    "deleteProject" : 0,
    "hardwareSync" : 0,
    "internal" : 0,
    "sms" : 0,
    "tweet" : 0,
    "email" : 0,
    "push" : 0,
    "addPushToken" : 0,
    "createWidget" : 0,
    "updateWidget" : 0,
    "deleteWidget" : 0,
    "createDevice" : 0,
    "updateDevice" : 0,
    "deleteDevice" : 0,
    "getDevices" : 0,
    "createTag" : 0,
    "updateTag" : 0,
    "deleteTag" : 0,
    "getTags" : 0,
    "addEnergy" : 0,
    "getEnergy" : 0,
    "getServer" : 0,
    "connectRedirect" : 0,
    "webSockets" : 0,
    "eventor" : 0,
    "webhooks" : 0,
    "appTotal" : 0,
    "mqttTotal" : 0
  },
  "http" : {
    "isHardwareConnected" : 0,
    "isAppConnected" : 0,
    "getPinData" : 0,
    "updatePinData" : 0,
    "email" : 0,
    "notify" : 0,
    "getProject" : 0,
    "qr" : 0,
    "getHistoryPinData" : 0,
    "total" : 0
  },
  "ioStat" : {
    "messagingActiveTasks" : 0,
    "messagingExecutedTasks" : 4,
    "historyActiveTasks" : 0,
    "historyExecutedTasks" : 0,
    "dbActiveTasks" : 0,
    "dbExecutedTasks" : 0,
    "reportingActiveTasks" : 0,
    "reportingExecutedTasks" : 0,
    "getServerActiveTasks" : 0,
    "getServerExecutedTasks" : 2,
    "reportsActive" : 0,
    "reportsExecuted" : 0,
    "reportsFutureMapSize" : 0
  },
  "memoryStat" : {
    "heapBytes" : 134217728,
    "directBytes" : 134217728
  },
  "oneMinRate" : 1,
  "registrations" : 6,
  "active" : 1,
  "activeWeek" : 1,
  "activeMonth" : 1,
  "connected" : 1,
  "onlineApps" : 1,
  "totalOnlineApps" : 1,
  "onlineHards" : 1,
  "totalOnlineHards" : 1
}
{
  "commands" : {
    "response" : 0,
    "redeem" : 0,
    "hardwareConnected" : 0,
    "register" : 0,
    "login" : 0,
    "hardwareLogin" : 0,
    "loadProfile" : 0,
    "appSync" : 0,
    "sharing" : 0,
    "getToken" : 0,
    "ping" : 2,
    "activate" : 0,
    "deactivate" : 0,
    "refreshToken" : 0,
    "getGraphData" : 0,
    "exportGraphData" : 0,
    "setWidgetProperty" : 0,
    "bridge" : 0,
    "hardware" : 64,
    "getSharedDash" : 0,
    "getShareToken" : 0,
    "refreshShareToken" : 0,
    "shareLogin" : 0,
    "createProject" : 0,
    "updateProject" : 0,
    "deleteProject" : 0,
    "hardwareSync" : 0,
    "internal" : 0,
    "sms" : 0,
    "tweet" : 0,
    "email" : 0,
    "push" : 0,
    "addPushToken" : 0,
    "createWidget" : 0,
    "updateWidget" : 0,
    "deleteWidget" : 0,
    "createDevice" : 0,
    "updateDevice" : 0,
    "deleteDevice" : 0,
    "getDevices" : 0,
    "createTag" : 0,
    "updateTag" : 0,
    "deleteTag" : 0,
    "getTags" : 0,
    "addEnergy" : 0,
    "getEnergy" : 0,
    "getServer" : 0,
    "connectRedirect" : 0,
    "webSockets" : 0,
    "eventor" : 0,
    "webhooks" : 0,
    "appTotal" : 0,
    "mqttTotal" : 0
  },
  "http" : {
    "isHardwareConnected" : 0,
    "isAppConnected" : 0,
    "getPinData" : 0,
    "updatePinData" : 0,
    "email" : 0,
    "notify" : 0,
    "getProject" : 0,
    "qr" : 0,
    "getHistoryPinData" : 0,
    "total" : 0
  },
  "ioStat" : {
    "messagingActiveTasks" : 0,
    "messagingExecutedTasks" : 4,
    "historyActiveTasks" : 0,
    "historyExecutedTasks" : 0,
    "dbActiveTasks" : 0,
    "dbExecutedTasks" : 0,
    "reportingActiveTasks" : 0,
    "reportingExecutedTasks" : 0,
    "getServerActiveTasks" : 0,
    "getServerExecutedTasks" : 2,
    "reportsActive" : 0,
    "reportsExecuted" : 0,
    "reportsFutureMapSize" : 0
  },
  "memoryStat" : {
    "heapBytes" : 134217728,
    "directBytes" : 134217728
  },
  "oneMinRate" : 1,
  "registrations" : 6,
  "active" : 1,
  "activeWeek" : 1,
  "activeMonth" : 1,
  "connected" : 1,
  "onlineApps" : 1,
  "totalOnlineApps" : 1,
  "onlineHards" : 1,
  "totalOnlineHards" : 1
}
{
  "commands" : {
    "response" : 0,
    "redeem" : 0,
    "hardwareConnected" : 0,
    "register" : 0,
    "login" : 0,
    "hardwareLogin" : 0,
    "loadProfile" : 0,
    "appSync" : 0,
    "sharing" : 0,
    "getToken" : 0,
    "ping" : 1,
    "activate" : 0,
    "deactivate" : 0,
    "refreshToken" : 0,
    "getGraphData" : 0,
    "exportGraphData" : 0,
    "setWidgetProperty" : 0,
    "bridge" : 0,
    "hardware" : 56,
    "getSharedDash" : 0,
    "getShareToken" : 0,
    "refreshShareToken" : 0,
    "shareLogin" : 0,
    "createProject" : 0,
    "updateProject" : 0,
    "deleteProject" : 0,
    "hardwareSync" : 0,
    "internal" : 0,
    "sms" : 0,
    "tweet" : 0,
    "email" : 0,
    "push" : 0,
    "addPushToken" : 0,
    "createWidget" : 0,
    "updateWidget" : 0,
    "deleteWidget" : 0,
    "createDevice" : 0,
    "updateDevice" : 0,
    "deleteDevice" : 0,
    "getDevices" : 0,
    "createTag" : 0,
    "updateTag" : 0,
    "deleteTag" : 0,
    "getTags" : 0,
    "addEnergy" : 0,
    "getEnergy" : 0,
    "getServer" : 0,
    "connectRedirect" : 0,
    "webSockets" : 0,
    "eventor" : 0,
    "webhooks" : 0,
    "appTotal" : 0,
    "mqttTotal" : 0
  },
  "http" : {
    "isHardwareConnected" : 0,
    "isAppConnected" : 0,
    "getPinData" : 0,
    "updatePinData" : 0,
    "email" : 0,
    "notify" : 0,
    "getProject" : 0,
    "qr" : 0,
    "getHistoryPinData" : 0,
    "total" : 0
  },
  "ioStat" : {
    "messagingActiveTasks" : 0,
    "messagingExecutedTasks" : 4,
    "historyActiveTasks" : 0,
    "historyExecutedTasks" : 0,
    "dbActiveTasks" : 0,
    "dbExecutedTasks" : 0,
    "reportingActiveTasks" : 0,
    "reportingExecutedTasks" : 0,
    "getServerActiveTasks" : 0,
    "getServerExecutedTasks" : 2,
    "reportsActive" : 0,
    "reportsExecuted" : 0,
    "reportsFutureMapSize" : 0
  },
  "memoryStat" : {
    "heapBytes" : 134217728,
    "directBytes" : 134217728
  },
  "oneMinRate" : 0,
  "registrations" : 6,
  "active" : 1,
  "activeWeek" : 1,
  "activeMonth" : 1,
  "connected" : 1,
  "onlineApps" : 1,
  "totalOnlineApps" : 1,
  "onlineHards" : 1,
  "totalOnlineHards" : 1
}
{
  "commands" : {
    "response" : 0,
    "redeem" : 0,
    "hardwareConnected" : 0,
    "register" : 0,
    "login" : 0,
    "hardwareLogin" : 0,
    "loadProfile" : 0,
    "appSync" : 0,
    "sharing" : 0,
    "getToken" : 0,
    "ping" : 1,
    "activate" : 0,
    "deactivate" : 0,
    "refreshToken" : 0,
    "getGraphData" : 0,
    "exportGraphData" : 0,
    "setWidgetProperty" : 0,
    "bridge" : 0,
    "hardware" : 56,
    "getSharedDash" : 0,
    "getShareToken" : 0,
    "refreshShareToken" : 0,
    "shareLogin" : 0,
    "createProject" : 0,
    "updateProject" : 0,
    "deleteProject" : 0,
    "hardwareSync" : 0,
    "internal" : 0,
    "sms" : 0,
    "tweet" : 0,
    "email" : 0,
    "push" : 0,
    "addPushToken" : 0,
    "createWidget" : 0,
    "updateWidget" : 0,
    "deleteWidget" : 0,
    "createDevice" : 0,
    "updateDevice" : 0,
    "deleteDevice" : 0,
    "getDevices" : 0,
    "createTag" : 0,
    "updateTag" : 0,
    "deleteTag" : 0,
    "getTags" : 0,
    "addEnergy" : 0,
    "getEnergy" : 0,
    "getServer" : 0,
    "connectRedirect" : 0,
    "webSockets" : 0,
    "eventor" : 0,
    "webhooks" : 0,
    "appTotal" : 0,
    "mqttTotal" : 0
  },
  "http" : {
    "isHardwareConnected" : 0,
    "isAppConnected" : 0,
    "getPinData" : 0,
    "updatePinData" : 0,
    "email" : 0,
    "notify" : 0,
    "getProject" : 0,
    "qr" : 0,
    "getHistoryPinData" : 0,
    "total" : 0
  },
  "ioStat" : {
    "messagingActiveTasks" : 0,
    "messagingExecutedTasks" : 4,
    "historyActiveTasks" : 0,
    "historyExecutedTasks" : 0,
    "dbActiveTasks" : 0,
    "dbExecutedTasks" : 0,
    "reportingActiveTasks" : 0,
    "reportingExecutedTasks" : 0,
    "getServerActiveTasks" : 0,
    "getServerExecutedTasks" : 2,
    "reportsActive" : 0,
    "reportsExecuted" : 0,
    "reportsFutureMapSize" : 0
  },
  "memoryStat" : {
    "heapBytes" : 134217728,
    "directBytes" : 134217728
  },
  "oneMinRate" : 0,
  "registrations" : 6,
  "active" : 1,
  "activeWeek" : 1,
  "activeMonth" : 1,
  "connected" : 1,
  "onlineApps" : 1,
  "totalOnlineApps" : 1,
  "onlineHards" : 1,
  "totalOnlineHards" : 1
}
{
  "commands" : {
    "response" : 0,
    "redeem" : 0,
    "hardwareConnected" : 0,
    "register" : 0,
    "login" : 0,
    "hardwareLogin" : 0,
    "loadProfile" : 0,
    "appSync" : 0,
    "sharing" : 0,
    "getToken" : 0,
    "ping" : 1,
    "activate" : 0,
    "deactivate" : 0,
    "refreshToken" : 0,
    "getGraphData" : 0,
    "exportGraphData" : 0,
    "setWidgetProperty" : 0,
    "bridge" : 0,
    "hardware" : 32,
    "getSharedDash" : 0,
    "getShareToken" : 0,
    "refreshShareToken" : 0,
    "shareLogin" : 0,
    "createProject" : 0,
    "updateProject" : 0,
    "deleteProject" : 0,
    "hardwareSync" : 0,
    "internal" : 0,
    "sms" : 0,
    "tweet" : 0,
    "email" : 0,
    "push" : 0,
    "addPushToken" : 0,
    "createWidget" : 0,
    "updateWidget" : 0,
    "deleteWidget" : 0,
    "createDevice" : 0,
    "updateDevice" : 0,
    "deleteDevice" : 0,
    "getDevices" : 0,
    "createTag" : 0,
    "updateTag" : 0,
    "deleteTag" : 0,
    "getTags" : 0,
    "addEnergy" : 0,
    "getEnergy" : 0,
    "getServer" : 0,
    "connectRedirect" : 0,
    "webSockets" : 0,
    "eventor" : 0,
    "webhooks" : 0,
    "appTotal" : 0,
    "mqttTotal" : 0
  },
  "http" : {
    "isHardwareConnected" : 0,
    "isAppConnected" : 0,
    "getPinData" : 0,
    "updatePinData" : 0,
    "email" : 0,
    "notify" : 0,
    "getProject" : 0,
    "qr" : 0,
    "getHistoryPinData" : 0,
    "total" : 0
  },
  "ioStat" : {
    "messagingActiveTasks" : 0,
    "messagingExecutedTasks" : 4,
    "historyActiveTasks" : 0,
    "historyExecutedTasks" : 0,
    "dbActiveTasks" : 0,
    "dbExecutedTasks" : 0,
    "reportingActiveTasks" : 0,
    "reportingExecutedTasks" : 0,
    "getServerActiveTasks" : 0,
    "getServerExecutedTasks" : 2,
    "reportsActive" : 0,
    "reportsExecuted" : 0,
    "reportsFutureMapSize" : 0
  },
  "memoryStat" : {
    "heapBytes" : 134217728,
    "directBytes" : 134217728
  },
  "oneMinRate" : 0,
  "registrations" : 6,
  "active" : 1,
  "activeWeek" : 1,
  "activeMonth" : 1,
  "connected" : 0,
  "onlineApps" : 0,
  "totalOnlineApps" : 0,
  "onlineHards" : 1,
  "totalOnlineHards" : 1
}
{
  "commands" : {
    "response" : 0,
    "redeem" : 0,
    "hardwareConnected" : 0,
    "register" : 0,
    "login" : 0,
    "hardwareLogin" : 0,
    "loadProfile" : 0,
    "appSync" : 0,
    "sharing" : 0,
    "getToken" : 0,
    "ping" : 1,
    "activate" : 0,
    "deactivate" : 0,
    "refreshToken" : 0,
    "getGraphData" : 0,
    "exportGraphData" : 0,
    "setWidgetProperty" : 0,
    "bridge" : 0,
    "hardware" : 24,
    "getSharedDash" : 0,
    "getShareToken" : 0,
    "refreshShareToken" : 0,
    "shareLogin" : 0,
    "createProject" : 0,
    "updateProject" : 0,
    "deleteProject" : 0,
    "hardwareSync" : 0,
    "internal" : 0,
    "sms" : 0,
    "tweet" : 0,
    "email" : 0,
    "push" : 0,
    "addPushToken" : 0,
    "createWidget" : 0,
    "updateWidget" : 0,
    "deleteWidget" : 0,
    "createDevice" : 0,
    "updateDevice" : 0,
    "deleteDevice" : 0,
    "getDevices" : 0,
    "createTag" : 0,
    "updateTag" : 0,
    "deleteTag" : 0,
    "getTags" : 0,
    "addEnergy" : 0,
    "getEnergy" : 0,
    "getServer" : 0,
    "connectRedirect" : 0,
    "webSockets" : 0,
    "eventor" : 0,
    "webhooks" : 0,
    "appTotal" : 0,
    "mqttTotal" : 0
  },
  "http" : {
    "isHardwareConnected" : 0,
    "isAppConnected" : 0,
    "getPinData" : 0,
    "updatePinData" : 0,
    "email" : 0,
    "notify" : 0,
    "getProject" : 0,
    "qr" : 0,
    "getHistoryPinData" : 0,
    "total" : 0
  },
  "ioStat" : {
    "messagingActiveTasks" : 0,
    "messagingExecutedTasks" : 4,
    "historyActiveTasks" : 0,
    "historyExecutedTasks" : 0,
    "dbActiveTasks" : 0,
    "dbExecutedTasks" : 0,
    "reportingActiveTasks" : 0,
    "reportingExecutedTasks" : 0,
    "getServerActiveTasks" : 0,
    "getServerExecutedTasks" : 2,
    "reportsActive" : 0,
    "reportsExecuted" : 0,
    "reportsFutureMapSize" : 0
  },
  "memoryStat" : {
    "heapBytes" : 134217728,
    "directBytes" : 134217728
  },
  "oneMinRate" : 0,
  "registrations" : 6,
  "active" : 1,
  "activeWeek" : 1,
  "activeMonth" : 1,
  "connected" : 0,
  "onlineApps" : 0,
  "totalOnlineApps" : 0,
  "onlineHards" : 1,
  "totalOnlineHards" : 1
}
{
  "commands" : {
    "response" : 0,
    "redeem" : 0,
    "hardwareConnected" : 0,
    "register" : 0,
    "login" : 0,
    "hardwareLogin" : 0,
    "loadProfile" : 0,
    "appSync" : 0,
    "sharing" : 0,
    "getToken" : 0,
    "ping" : 2,
    "activate" : 0,
    "deactivate" : 0,
    "refreshToken" : 0,
    "getGraphData" : 0,
    "exportGraphData" : 0,
    "setWidgetProperty" : 0,
    "bridge" : 0,
    "hardware" : 32,
    "getSharedDash" : 0,
    "getShareToken" : 0,
    "refreshShareToken" : 0,
    "shareLogin" : 0,
    "createProject" : 0,
    "updateProject" : 0,
    "deleteProject" : 0,
    "hardwareSync" : 0,
    "internal" : 0,
    "sms" : 0,
    "tweet" : 0,
    "email" : 0,
    "push" : 0,
    "addPushToken" : 0,
    "createWidget" : 0,
    "updateWidget" : 0,
    "deleteWidget" : 0,
    "createDevice" : 0,
    "updateDevice" : 0,
    "deleteDevice" : 0,
    "getDevices" : 0,
    "createTag" : 0,
    "updateTag" : 0,
    "deleteTag" : 0,
    "getTags" : 0,
    "addEnergy" : 0,
    "getEnergy" : 0,
    "getServer" : 0,
    "connectRedirect" : 0,
    "webSockets" : 0,
    "eventor" : 0,
    "webhooks" : 0,
    "appTotal" : 0,
    "mqttTotal" : 0
  },
  "http" : {
    "isHardwareConnected" : 0,
    "isAppConnected" : 0,
    "getPinData" : 0,
    "updatePinData" : 0,
    "email" : 0,
    "notify" : 0,
    "getProject" : 0,
    "qr" : 0,
    "getHistoryPinData" : 0,
    "total" : 0
  },
  "ioStat" : {
    "messagingActiveTasks" : 0,
    "messagingExecutedTasks" : 4,
    "historyActiveTasks" : 0,
    "historyExecutedTasks" : 0,
    "dbActiveTasks" : 0,
    "dbExecutedTasks" : 0,
    "reportingActiveTasks" : 0,
    "reportingExecutedTasks" : 0,
    "getServerActiveTasks" : 0,
    "getServerExecutedTasks" : 2,
    "reportsActive" : 0,
    "reportsExecuted" : 0,
    "reportsFutureMapSize" : 0
  },
  "memoryStat" : {
    "heapBytes" : 134217728,
    "directBytes" : 134217728
  },
  "oneMinRate" : 0,
  "registrations" : 6,
  "active" : 1,
  "activeWeek" : 1,
  "activeMonth" : 1,
  "connected" : 0,
  "onlineApps" : 0,
  "totalOnlineApps" : 0,
  "onlineHards" : 1,
  "totalOnlineHards" : 1
}
{
  "commands" : {
    "response" : 0,
    "redeem" : 0,
    "hardwareConnected" : 0,
    "register" : 0,
    "login" : 0,
    "hardwareLogin" : 0,
    "loadProfile" : 0,
    "appSync" : 0,
    "sharing" : 0,
    "getToken" : 0,
    "ping" : 1,
    "activate" : 0,
    "deactivate" : 0,
    "refreshToken" : 0,
    "getGraphData" : 0,
    "exportGraphData" : 0,
    "setWidgetProperty" : 0,
    "bridge" : 0,
    "hardware" : 28,
    "getSharedDash" : 0,
    "getShareToken" : 0,
    "refreshShareToken" : 0,
    "shareLogin" : 0,
    "createProject" : 0,
    "updateProject" : 0,
    "deleteProject" : 0,
    "hardwareSync" : 0,
    "internal" : 0,
    "sms" : 0,
    "tweet" : 0,
    "email" : 0,
    "push" : 0,
    "addPushToken" : 0,
    "createWidget" : 0,
    "updateWidget" : 0,
    "deleteWidget" : 0,
    "createDevice" : 0,
    "updateDevice" : 0,
    "deleteDevice" : 0,
    "getDevices" : 0,
    "createTag" : 0,
    "updateTag" : 0,
    "deleteTag" : 0,
    "getTags" : 0,
    "addEnergy" : 0,
    "getEnergy" : 0,
    "getServer" : 0,
    "connectRedirect" : 0,
    "webSockets" : 0,
    "eventor" : 0,
    "webhooks" : 0,
    "appTotal" : 0,
    "mqttTotal" : 0
  },
  "http" : {
    "isHardwareConnected" : 0,
    "isAppConnected" : 0,
    "getPinData" : 0,
    "updatePinData" : 0,
    "email" : 0,
    "notify" : 0,
    "getProject" : 0,
    "qr" : 0,
    "getHistoryPinData" : 0,
    "total" : 0
  },
  "ioStat" : {
    "messagingActiveTasks" : 0,
    "messagingExecutedTasks" : 4,
    "historyActiveTasks" : 0,
    "historyExecutedTasks" : 0,
    "dbActiveTasks" : 0,
    "dbExecutedTasks" : 0,
    "reportingActiveTasks" : 0,
    "reportingExecutedTasks" : 0,
    "getServerActiveTasks" : 0,
    "getServerExecutedTasks" : 2,
    "reportsActive" : 0,
    "reportsExecuted" : 0,
    "reportsFutureMapSize" : 0
  },
  "memoryStat" : {
    "heapBytes" : 134217728,
    "directBytes" : 134217728
  },
  "oneMinRate" : 0,
  "registrations" : 6,
  "active" : 1,
  "activeWeek" : 1,
  "activeMonth" : 1,
  "connected" : 0,
  "onlineApps" : 0,
  "totalOnlineApps" : 0,
  "onlineHards" : 1,
  "totalOnlineHards" : 1
}
{
  "commands" : {
    "response" : 0,
    "redeem" : 0,
    "hardwareConnected" : 0,
    "register" : 0,
    "login" : 0,
    "hardwareLogin" : 0,
    "loadProfile" : 0,
    "appSync" : 0,
    "sharing" : 0,
    "getToken" : 0,
    "ping" : 1,
    "activate" : 0,
    "deactivate" : 0,
    "refreshToken" : 0,
    "getGraphData" : 0,
    "exportGraphData" : 0,
    "setWidgetProperty" : 0,
    "bridge" : 0,
    "hardware" : 28,
    "getSharedDash" : 0,
    "getShareToken" : 0,
    "refreshShareToken" : 0,
    "shareLogin" : 0,
    "createProject" : 0,
    "updateProject" : 0,
    "deleteProject" : 0,
    "hardwareSync" : 0,
    "internal" : 0,
    "sms" : 0,
    "tweet" : 0,
    "email" : 0,
    "push" : 0,
    "addPushToken" : 0,
    "createWidget" : 0,
    "updateWidget" : 0,
    "deleteWidget" : 0,
    "createDevice" : 0,
    "updateDevice" : 0,
    "deleteDevice" : 0,
    "getDevices" : 0,
    "createTag" : 0,
    "updateTag" : 0,
    "deleteTag" : 0,
    "getTags" : 0,
    "addEnergy" : 0,
    "getEnergy" : 0,
    "getServer" : 0,
    "connectRedirect" : 0,
    "webSockets" : 0,
    "eventor" : 0,
    "webhooks" : 0,
    "appTotal" : 0,
    "mqttTotal" : 0
  },
  "http" : {
    "isHardwareConnected" : 0,
    "isAppConnected" : 0,
    "getPinData" : 0,
    "updatePinData" : 0,
    "email" : 0,
    "notify" : 0,
    "getProject" : 0,
    "qr" : 0,
    "getHistoryPinData" : 0,
    "total" : 0
  },
  "ioStat" : {
    "messagingActiveTasks" : 0,
    "messagingExecutedTasks" : 4,
    "historyActiveTasks" : 0,
    "historyExecutedTasks" : 0,
    "dbActiveTasks" : 0,
    "dbExecutedTasks" : 0,
    "reportingActiveTasks" : 0,
    "reportingExecutedTasks" : 0,
    "getServerActiveTasks" : 0,
    "getServerExecutedTasks" : 2,
    "reportsActive" : 0,
    "reportsExecuted" : 0,
    "reportsFutureMapSize" : 0
  },
  "memoryStat" : {
    "heapBytes" : 134217728,
    "directBytes" : 134217728
  },
  "oneMinRate" : 0,
  "registrations" : 6,
  "active" : 1,
  "activeWeek" : 1,
  "activeMonth" : 1,
  "connected" : 0,
  "onlineApps" : 0,
  "totalOnlineApps" : 0,
  "onlineHards" : 1,
  "totalOnlineHards" : 1
}
{
  "commands" : {
    "response" : 0,
    "redeem" : 0,
    "hardwareConnected" : 0,
    "register" : 0,
    "login" : 0,
    "hardwareLogin" : 0,
    "loadProfile" : 0,
    "appSync" : 0,
    "sharing" : 0,
    "getToken" : 0,
    "ping" : 1,
    "activate" : 0,
    "deactivate" : 0,
    "refreshToken" : 0,
    "getGraphData" : 0,
    "exportGraphData" : 0,
    "setWidgetProperty" : 0,
    "bridge" : 0,
    "hardware" : 32,
    "getSharedDash" : 0,
    "getShareToken" : 0,
    "refreshShareToken" : 0,
    "shareLogin" : 0,
    "createProject" : 0,
    "updateProject" : 0,
    "deleteProject" : 0,
    "hardwareSync" : 0,
    "internal" : 0,
    "sms" : 0,
    "tweet" : 0,
    "email" : 0,
    "push" : 0,
    "addPushToken" : 0,
    "createWidget" : 0,
    "updateWidget" : 0,
    "deleteWidget" : 0,
    "createDevice" : 0,
    "updateDevice" : 0,
    "deleteDevice" : 0,
    "getDevices" : 0,
    "createTag" : 0,
    "updateTag" : 0,
    "deleteTag" : 0,
    "getTags" : 0,
    "addEnergy" : 0,
    "getEnergy" : 0,
    "getServer" : 0,
    "connectRedirect" : 0,
    "webSockets" : 0,
    "eventor" : 0,
    "webhooks" : 0,
    "appTotal" : 0,
    "mqttTotal" : 0
  },
  "http" : {
    "isHardwareConnected" : 0,
    "isAppConnected" : 0,
    "getPinData" : 0,
    "updatePinData" : 0,
    "email" : 0,
    "notify" : 0,
    "getProject" : 0,
    "qr" : 0,
    "getHistoryPinData" : 0,
    "total" : 0
  },
  "ioStat" : {
    "messagingActiveTasks" : 0,
    "messagingExecutedTasks" : 4,
    "historyActiveTasks" : 0,
    "historyExecutedTasks" : 0,
    "dbActiveTasks" : 0,
    "dbExecutedTasks" : 0,
    "reportingActiveTasks" : 0,
    "reportingExecutedTasks" : 0,
    "getServerActiveTasks" : 0,
    "getServerExecutedTasks" : 2,
    "reportsActive" : 0,
    "reportsExecuted" : 0,
    "reportsFutureMapSize" : 0
  },
  "memoryStat" : {
    "heapBytes" : 134217728,
    "directBytes" : 134217728
  },
  "oneMinRate" : 0,
  "registrations" : 6,
  "active" : 1,
  "activeWeek" : 1,
  "activeMonth" : 1,
  "connected" : 0,
  "onlineApps" : 0,
  "totalOnlineApps" : 0,
  "onlineHards" : 1,
  "totalOnlineHards" : 1
}
{
  "commands" : {
    "response" : 0,
    "redeem" : 0,
    "hardwareConnected" : 0,
    "register" : 0,
    "login" : 0,
    "hardwareLogin" : 0,
    "loadProfile" : 0,
    "appSync" : 0,
    "sharing" : 0,
    "getToken" : 0,
    "ping" : 1,
    "activate" : 0,
    "deactivate" : 0,
    "refreshToken" : 0,
    "getGraphData" : 0,
    "exportGraphData" : 0,
    "setWidgetProperty" : 0,
    "bridge" : 0,
    "hardware" : 24,
    "getSharedDash" : 0,
    "getShareToken" : 0,
    "refreshShareToken" : 0,
    "shareLogin" : 0,
    "createProject" : 0,
    "updateProject" : 0,
    "deleteProject" : 0,
    "hardwareSync" : 0,
    "internal" : 0,
    "sms" : 0,
    "tweet" : 0,
    "email" : 0,
    "push" : 0,
    "addPushToken" : 0,
    "createWidget" : 0,
    "updateWidget" : 0,
    "deleteWidget" : 0,
    "createDevice" : 0,
    "updateDevice" : 0,
    "deleteDevice" : 0,
    "getDevices" : 0,
    "createTag" : 0,
    "updateTag" : 0,
    "deleteTag" : 0,
    "getTags" : 0,
    "addEnergy" : 0,
    "getEnergy" : 0,
    "getServer" : 0,
    "connectRedirect" : 0,
    "webSockets" : 0,
    "eventor" : 0,
    "webhooks" : 0,
    "appTotal" : 0,
    "mqttTotal" : 0
  },
  "http" : {
    "isHardwareConnected" : 0,
    "isAppConnected" : 0,
    "getPinData" : 0,
    "updatePinData" : 0,
    "email" : 0,
    "notify" : 0,
    "getProject" : 0,
    "qr" : 0,
    "getHistoryPinData" : 0,
    "total" : 0
  },
  "ioStat" : {
    "messagingActiveTasks" : 0,
    "messagingExecutedTasks" : 4,
    "historyActiveTasks" : 0,
    "historyExecutedTasks" : 0,
    "dbActiveTasks" : 0,
    "dbExecutedTasks" : 0,
    "reportingActiveTasks" : 0,
    "reportingExecutedTasks" : 0,
    "getServerActiveTasks" : 0,
    "getServerExecutedTasks" : 2,
    "reportsActive" : 0,
    "reportsExecuted" : 0,
    "reportsFutureMapSize" : 0
  },
  "memoryStat" : {
    "heapBytes" : 134217728,
    "directBytes" : 134217728
  },
  "oneMinRate" : 0,
  "registrations" : 6,
  "active" : 1,
  "activeWeek" : 1,
  "activeMonth" : 1,
  "connected" : 0,
  "onlineApps" : 0,
  "totalOnlineApps" : 0,
  "onlineHards" : 1,
  "totalOnlineHards" : 1
}
{
  "commands" : {
    "response" : 0,
    "redeem" : 0,
    "hardwareConnected" : 0,
    "register" : 0,
    "login" : 0,
    "hardwareLogin" : 0,
    "loadProfile" : 0,
    "appSync" : 0,
    "sharing" : 0,
    "getToken" : 0,
    "ping" : 2,
    "activate" : 0,
    "deactivate" : 0,
    "refreshToken" : 0,
    "getGraphData" : 0,
    "exportGraphData" : 0,
    "setWidgetProperty" : 0,
    "bridge" : 0,
    "hardware" : 32,
    "getSharedDash" : 0,
    "getShareToken" : 0,
    "refreshShareToken" : 0,
    "shareLogin" : 0,
    "createProject" : 0,
    "updateProject" : 0,
    "deleteProject" : 0,
    "hardwareSync" : 0,
    "internal" : 0,
    "sms" : 0,
    "tweet" : 0,
    "email" : 0,
    "push" : 0,
    "addPushToken" : 0,
    "createWidget" : 0,
    "updateWidget" : 0,
    "deleteWidget" : 0,
    "createDevice" : 0,
    "updateDevice" : 0,
    "deleteDevice" : 0,
    "getDevices" : 0,
    "createTag" : 0,
    "updateTag" : 0,
    "deleteTag" : 0,
    "getTags" : 0,
    "addEnergy" : 0,
    "getEnergy" : 0,
    "getServer" : 0,
    "connectRedirect" : 0,
    "webSockets" : 0,
    "eventor" : 0,
    "webhooks" : 0,
    "appTotal" : 0,
    "mqttTotal" : 0
  },
  "http" : {
    "isHardwareConnected" : 0,
    "isAppConnected" : 0,
    "getPinData" : 0,
    "updatePinData" : 0,
    "email" : 0,
    "notify" : 0,
    "getProject" : 0,
    "qr" : 0,
    "getHistoryPinData" : 0,
    "total" : 0
  },
  "ioStat" : {
    "messagingActiveTasks" : 0,
    "messagingExecutedTasks" : 4,
    "historyActiveTasks" : 0,
    "historyExecutedTasks" : 0,
    "dbActiveTasks" : 0,
    "dbExecutedTasks" : 0,
    "reportingActiveTasks" : 0,
    "reportingExecutedTasks" : 0,
    "getServerActiveTasks" : 0,
    "getServerExecutedTasks" : 2,
    "reportsActive" : 0,
    "reportsExecuted" : 0,
    "reportsFutureMapSize" : 0
  },
  "memoryStat" : {
    "heapBytes" : 134217728,
    "directBytes" : 134217728
  },
  "oneMinRate" : 0,
  "registrations" : 6,
  "active" : 1,
  "activeWeek" : 1,
  "activeMonth" : 1,
  "connected" : 0,
  "onlineApps" : 0,
  "totalOnlineApps" : 0,
  "onlineHards" : 1,
  "totalOnlineHards" : 1
}
{
  "commands" : {
    "response" : 0,
    "redeem" : 0,
    "hardwareConnected" : 0,
    "register" : 0,
    "login" : 0,
    "hardwareLogin" : 0,
    "loadProfile" : 0,
    "appSync" : 0,
    "sharing" : 0,
    "getToken" : 0,
    "ping" : 1,
    "activate" : 0,
    "deactivate" : 0,
    "refreshToken" : 0,
    "getGraphData" : 0,
    "exportGraphData" : 0,
    "setWidgetProperty" : 0,
    "bridge" : 0,
    "hardware" : 28,
    "getSharedDash" : 0,
    "getShareToken" : 0,
    "refreshShareToken" : 0,
    "shareLogin" : 0,
    "createProject" : 0,
    "updateProject" : 0,
    "deleteProject" : 0,
    "hardwareSync" : 0,
    "internal" : 0,
    "sms" : 0,
    "tweet" : 0,
    "email" : 0,
    "push" : 0,
    "addPushToken" : 0,
    "createWidget" : 0,
    "updateWidget" : 0,
    "deleteWidget" : 0,
    "createDevice" : 0,
    "updateDevice" : 0,
    "deleteDevice" : 0,
    "getDevices" : 0,
    "createTag" : 0,
    "updateTag" : 0,
    "deleteTag" : 0,
    "getTags" : 0,
    "addEnergy" : 0,
    "getEnergy" : 0,
    "getServer" : 0,
    "connectRedirect" : 0,
    "webSockets" : 0,
    "eventor" : 0,
    "webhooks" : 0,
    "appTotal" : 0,
    "mqttTotal" : 0
  },
  "http" : {
    "isHardwareConnected" : 0,
    "isAppConnected" : 0,
    "getPinData" : 0,
    "updatePinData" : 0,
    "email" : 0,
    "notify" : 0,
    "getProject" : 0,
    "qr" : 0,
    "getHistoryPinData" : 0,
    "total" : 0
  },
  "ioStat" : {
    "messagingActiveTasks" : 0,
    "messagingExecutedTasks" : 4,
    "historyActiveTasks" : 0,
    "historyExecutedTasks" : 0,
    "dbActiveTasks" : 0,
    "dbExecutedTasks" : 0,
    "reportingActiveTasks" : 0,
    "reportingExecutedTasks" : 0,
    "getServerActiveTasks" : 0,
    "getServerExecutedTasks" : 2,
    "reportsActive" : 0,
    "reportsExecuted" : 0,
    "reportsFutureMapSize" : 0
  },
  "memoryStat" : {
    "heapBytes" : 134217728,
    "directBytes" : 134217728
  },
  "oneMinRate" : 0,
  "registrations" : 6,
  "active" : 1,
  "activeWeek" : 1,
  "activeMonth" : 1,
  "connected" : 0,
  "onlineApps" : 0,
  "totalOnlineApps" : 0,
  "onlineHards" : 1,
  "totalOnlineHards" : 1
}
{
  "commands" : {
    "response" : 0,
    "redeem" : 0,
    "hardwareConnected" : 0,
    "register" : 0,
    "login" : 0,
    "hardwareLogin" : 0,
    "loadProfile" : 0,
    "appSync" : 0,
    "sharing" : 0,
    "getToken" : 0,
    "ping" : 1,
    "activate" : 0,
    "deactivate" : 0,
    "refreshToken" : 0,
    "getGraphData" : 0,
    "exportGraphData" : 0,
    "setWidgetProperty" : 0,
    "bridge" : 0,
    "hardware" : 28,
    "getSharedDash" : 0,
    "getShareToken" : 0,
    "refreshShareToken" : 0,
    "shareLogin" : 0,
    "createProject" : 0,
    "updateProject" : 0,
    "deleteProject" : 0,
    "hardwareSync" : 0,
    "internal" : 0,
    "sms" : 0,
    "tweet" : 0,
    "email" : 0,
    "push" : 0,
    "addPushToken" : 0,
    "createWidget" : 0,
    "updateWidget" : 0,
    "deleteWidget" : 0,
    "createDevice" : 0,
    "updateDevice" : 0,
    "deleteDevice" : 0,
    "getDevices" : 0,
    "createTag" : 0,
    "updateTag" : 0,
    "deleteTag" : 0,
    "getTags" : 0,
    "addEnergy" : 0,
    "getEnergy" : 0,
    "getServer" : 0,
    "connectRedirect" : 0,
    "webSockets" : 0,
    "eventor" : 0,
    "webhooks" : 0,
    "appTotal" : 0,
    "mqttTotal" : 0
  },
  "http" : {
    "isHardwareConnected" : 0,
    "isAppConnected" : 0,
    "getPinData" : 0,
    "updatePinData" : 0,
    "email" : 0,
    "notify" : 0,
    "getProject" : 0,
    "qr" : 0,
    "getHistoryPinData" : 0,
    "total" : 0
  },
  "ioStat" : {
    "messagingActiveTasks" : 0,
    "messagingExecutedTasks" : 4,
    "historyActiveTasks" : 0,
    "historyExecutedTasks" : 0,
    "dbActiveTasks" : 0,
    "dbExecutedTasks" : 0,
    "reportingActiveTasks" : 0,
    "reportingExecutedTasks" : 0,
    "getServerActiveTasks" : 0,
    "getServerExecutedTasks" : 2,
    "reportsActive" : 0,
    "reportsExecuted" : 0,
    "reportsFutureMapSize" : 0
  },
  "memoryStat" : {
    "heapBytes" : 134217728,
    "directBytes" : 134217728
  },
  "oneMinRate" : 0,
  "registrations" : 6,
  "active" : 1,
  "activeWeek" : 1,
  "activeMonth" : 1,
  "connected" : 0,
  "onlineApps" : 0,
  "totalOnlineApps" : 0,
  "onlineHards" : 1,
  "totalOnlineHards" : 1
}
{
  "commands" : {
    "response" : 0,
    "redeem" : 0,
    "hardwareConnected" : 0,
    "register" : 0,
    "login" : 0,
    "hardwareLogin" : 0,
    "loadProfile" : 0,
    "appSync" : 0,
    "sharing" : 0,
    "getToken" : 0,
    "ping" : 1,
    "activate" : 0,
    "deactivate" : 0,
    "refreshToken" : 0,
    "getGraphData" : 0,
    "exportGraphData" : 0,
    "setWidgetProperty" : 0,
    "bridge" : 0,
    "hardware" : 32,
    "getSharedDash" : 0,
    "getShareToken" : 0,
    "refreshShareToken" : 0,
    "shareLogin" : 0,
    "createProject" : 0,
    "updateProject" : 0,
    "deleteProject" : 0,
    "hardwareSync" : 0,
    "internal" : 0,
    "sms" : 0,
    "tweet" : 0,
    "email" : 0,
    "push" : 0,
    "addPushToken" : 0,
    "createWidget" : 0,
    "updateWidget" : 0,
    "deleteWidget" : 0,
    "createDevice" : 0,
    "updateDevice" : 0,
    "deleteDevice" : 0,
    "getDevices" : 0,
    "createTag" : 0,
    "updateTag" : 0,
    "deleteTag" : 0,
    "getTags" : 0,
    "addEnergy" : 0,
    "getEnergy" : 0,
    "getServer" : 0,
    "connectRedirect" : 0,
    "webSockets" : 0,
    "eventor" : 0,
    "webhooks" : 0,
    "appTotal" : 0,
    "mqttTotal" : 0
  },
  "http" : {
    "isHardwareConnected" : 0,
    "isAppConnected" : 0,
    "getPinData" : 0,
    "updatePinData" : 0,
    "email" : 0,
    "notify" : 0,
    "getProject" : 0,
    "qr" : 0,
    "getHistoryPinData" : 0,
    "total" : 0
  },
  "ioStat" : {
    "messagingActiveTasks" : 0,
    "messagingExecutedTasks" : 4,
    "historyActiveTasks" : 0,
    "historyExecutedTasks" : 0,
    "dbActiveTasks" : 0,
    "dbExecutedTasks" : 0,
    "reportingActiveTasks" : 0,
    "reportingExecutedTasks" : 0,
    "getServerActiveTasks" : 0,
    "getServerExecutedTasks" : 2,
    "reportsActive" : 0,
    "reportsExecuted" : 0,
    "reportsFutureMapSize" : 0
  },
  "memoryStat" : {
    "heapBytes" : 134217728,
    "directBytes" : 134217728
  },
  "oneMinRate" : 0,
  "registrations" : 6,
  "active" : 1,
  "activeWeek" : 1,
  "activeMonth" : 1,
  "connected" : 0,
  "onlineApps" : 0,
  "totalOnlineApps" : 0,
  "onlineHards" : 1,
  "totalOnlineHards" : 1
}
{
  "commands" : {
    "response" : 0,
    "redeem" : 0,
    "hardwareConnected" : 0,
    "register" : 0,
    "login" : 0,
    "hardwareLogin" : 0,
    "loadProfile" : 0,
    "appSync" : 0,
    "sharing" : 0,
    "getToken" : 0,
    "ping" : 1,
    "activate" : 0,
    "deactivate" : 0,
    "refreshToken" : 0,
    "getGraphData" : 0,
    "exportGraphData" : 0,
    "setWidgetProperty" : 0,
    "bridge" : 0,
    "hardware" : 24,
    "getSharedDash" : 0,
    "getShareToken" : 0,
    "refreshShareToken" : 0,
    "shareLogin" : 0,
    "createProject" : 0,
    "updateProject" : 0,
    "deleteProject" : 0,
    "hardwareSync" : 0,
    "internal" : 0,
    "sms" : 0,
    "tweet" : 0,
    "email" : 0,
    "push" : 0,
    "addPushToken" : 0,
    "createWidget" : 0,
    "updateWidget" : 0,
    "deleteWidget" : 0,
    "createDevice" : 0,
    "updateDevice" : 0,
    "deleteDevice" : 0,
    "getDevices" : 0,
    "createTag" : 0,
    "updateTag" : 0,
    "deleteTag" : 0,
    "getTags" : 0,
    "addEnergy" : 0,
    "getEnergy" : 0,
    "getServer" : 0,
    "connectRedirect" : 0,
    "webSockets" : 0,
    "eventor" : 0,
    "webhooks" : 0,
    "appTotal" : 0,
    "mqttTotal" : 0
  },
  "http" : {
    "isHardwareConnected" : 0,
    "isAppConnected" : 0,
    "getPinData" : 0,
    "updatePinData" : 0,
    "email" : 0,
    "notify" : 0,
    "getProject" : 0,
    "qr" : 0,
    "getHistoryPinData" : 0,
    "total" : 0
  },
  "ioStat" : {
    "messagingActiveTasks" : 0,
    "messagingExecutedTasks" : 4,
    "historyActiveTasks" : 0,
    "historyExecutedTasks" : 0,
    "dbActiveTasks" : 0,
    "dbExecutedTasks" : 0,
    "reportingActiveTasks" : 0,
    "reportingExecutedTasks" : 0,
    "getServerActiveTasks" : 0,
    "getServerExecutedTasks" : 2,
    "reportsActive" : 0,
    "reportsExecuted" : 0,
    "reportsFutureMapSize" : 0
  },
  "memoryStat" : {
    "heapBytes" : 134217728,
    "directBytes" : 134217728
  },
  "oneMinRate" : 0,
  "registrations" : 6,
  "active" : 1,
  "activeWeek" : 1,
  "activeMonth" : 1,
  "connected" : 0,
  "onlineApps" : 0,
  "totalOnlineApps" : 0,
  "onlineHards" : 1,
  "totalOnlineHards" : 1
}
{
  "commands" : {
    "response" : 0,
    "redeem" : 0,
    "hardwareConnected" : 0,
    "register" : 0,
    "login" : 0,
    "hardwareLogin" : 0,
    "loadProfile" : 0,
    "appSync" : 0,
    "sharing" : 0,
    "getToken" : 0,
    "ping" : 2,
    "activate" : 0,
    "deactivate" : 0,
    "refreshToken" : 0,
    "getGraphData" : 0,
    "exportGraphData" : 0,
    "setWidgetProperty" : 0,
    "bridge" : 0,
    "hardware" : 32,
    "getSharedDash" : 0,
    "getShareToken" : 0,
    "refreshShareToken" : 0,
    "shareLogin" : 0,
    "createProject" : 0,
    "updateProject" : 0,
    "deleteProject" : 0,
    "hardwareSync" : 0,
    "internal" : 0,
    "sms" : 0,
    "tweet" : 0,
    "email" : 0,
    "push" : 0,
    "addPushToken" : 0,
    "createWidget" : 0,
    "updateWidget" : 0,
    "deleteWidget" : 0,
    "createDevice" : 0,
    "updateDevice" : 0,
    "deleteDevice" : 0,
    "getDevices" : 0,
    "createTag" : 0,
    "updateTag" : 0,
    "deleteTag" : 0,
    "getTags" : 0,
    "addEnergy" : 0,
    "getEnergy" : 0,
    "getServer" : 0,
    "connectRedirect" : 0,
    "webSockets" : 0,
    "eventor" : 0,
    "webhooks" : 0,
    "appTotal" : 0,
    "mqttTotal" : 0
  },
  "http" : {
    "isHardwareConnected" : 0,
    "isAppConnected" : 0,
    "getPinData" : 0,
    "updatePinData" : 0,
    "email" : 0,
    "notify" : 0,
    "getProject" : 0,
    "qr" : 0,
    "getHistoryPinData" : 0,
    "total" : 0
  },
  "ioStat" : {
    "messagingActiveTasks" : 0,
    "messagingExecutedTasks" : 4,
    "historyActiveTasks" : 0,
    "historyExecutedTasks" : 0,
    "dbActiveTasks" : 0,
    "dbExecutedTasks" : 0,
    "reportingActiveTasks" : 0,
    "reportingExecutedTasks" : 0,
    "getServerActiveTasks" : 0,
    "getServerExecutedTasks" : 2,
    "reportsActive" : 0,
    "reportsExecuted" : 0,
    "reportsFutureMapSize" : 0
  },
  "memoryStat" : {
    "heapBytes" : 134217728,
    "directBytes" : 134217728
  },
  "oneMinRate" : 0,
  "registrations" : 6,
  "active" : 1,
  "activeWeek" : 1,
  "activeMonth" : 1,
  "connected" : 0,
  "onlineApps" : 0,
  "totalOnlineApps" : 0,
  "onlineHards" : 1,
  "totalOnlineHards" : 1
}
{
  "commands" : {
    "response" : 0,
    "redeem" : 0,
    "hardwareConnected" : 0,
    "register" : 0,
    "login" : 0,
    "hardwareLogin" : 0,
    "loadProfile" : 0,
    "appSync" : 0,
    "sharing" : 0,
    "getToken" : 0,
    "ping" : 1,
    "activate" : 0,
    "deactivate" : 0,
    "refreshToken" : 0,
    "getGraphData" : 0,
    "exportGraphData" : 0,
    "setWidgetProperty" : 0,
    "bridge" : 0,
    "hardware" : 28,
    "getSharedDash" : 0,
    "getShareToken" : 0,
    "refreshShareToken" : 0,
    "shareLogin" : 0,
    "createProject" : 0,
    "updateProject" : 0,
    "deleteProject" : 0,
    "hardwareSync" : 0,
    "internal" : 0,
    "sms" : 0,
    "tweet" : 0,
    "email" : 0,
    "push" : 0,
    "addPushToken" : 0,
    "createWidget" : 0,
    "updateWidget" : 0,
    "deleteWidget" : 0,
    "createDevice" : 0,
    "updateDevice" : 0,
    "deleteDevice" : 0,
    "getDevices" : 0,
    "createTag" : 0,
    "updateTag" : 0,
    "deleteTag" : 0,
    "getTags" : 0,
    "addEnergy" : 0,
    "getEnergy" : 0,
    "getServer" : 0,
    "connectRedirect" : 0,
    "webSockets" : 0,
    "eventor" : 0,
    "webhooks" : 0,
    "appTotal" : 0,
    "mqttTotal" : 0
  },
  "http" : {
    "isHardwareConnected" : 0,
    "isAppConnected" : 0,
    "getPinData" : 0,
    "updatePinData" : 0,
    "email" : 0,
    "notify" : 0,
    "getProject" : 0,
    "qr" : 0,
    "getHistoryPinData" : 0,
    "total" : 0
  },
  "ioStat" : {
    "messagingActiveTasks" : 0,
    "messagingExecutedTasks" : 4,
    "historyActiveTasks" : 0,
    "historyExecutedTasks" : 0,
    "dbActiveTasks" : 0,
    "dbExecutedTasks" : 0,
    "reportingActiveTasks" : 0,
    "reportingExecutedTasks" : 0,
    "getServerActiveTasks" : 0,
    "getServerExecutedTasks" : 2,
    "reportsActive" : 0,
    "reportsExecuted" : 0,
    "reportsFutureMapSize" : 0
  },
  "memoryStat" : {
    "heapBytes" : 134217728,
    "directBytes" : 134217728
  },
  "oneMinRate" : 0,
  "registrations" : 6,
  "active" : 1,
  "activeWeek" : 1,
  "activeMonth" : 1,
  "connected" : 0,
  "onlineApps" : 0,
  "totalOnlineApps" : 0,
  "onlineHards" : 1,
  "totalOnlineHards" : 1
}
{
  "commands" : {
    "response" : 0,
    "redeem" : 0,
    "hardwareConnected" : 0,
    "register" : 0,
    "login" : 0,
    "hardwareLogin" : 0,
    "loadProfile" : 0,
    "appSync" : 0,
    "sharing" : 0,
    "getToken" : 0,
    "ping" : 1,
    "activate" : 0,
    "deactivate" : 0,
    "refreshToken" : 0,
    "getGraphData" : 0,
    "exportGraphData" : 0,
    "setWidgetProperty" : 0,
    "bridge" : 0,
    "hardware" : 28,
    "getSharedDash" : 0,
    "getShareToken" : 0,
    "refreshShareToken" : 0,
    "shareLogin" : 0,
    "createProject" : 0,
    "updateProject" : 0,
    "deleteProject" : 0,
    "hardwareSync" : 0,
    "internal" : 0,
    "sms" : 0,
    "tweet" : 0,
    "email" : 0,
    "push" : 0,
    "addPushToken" : 0,
    "createWidget" : 0,
    "updateWidget" : 0,
    "deleteWidget" : 0,
    "createDevice" : 0,
    "updateDevice" : 0,
    "deleteDevice" : 0,
    "getDevices" : 0,
    "createTag" : 0,
    "updateTag" : 0,
    "deleteTag" : 0,
    "getTags" : 0,
    "addEnergy" : 0,
    "getEnergy" : 0,
    "getServer" : 0,
    "connectRedirect" : 0,
    "webSockets" : 0,
    "eventor" : 0,
    "webhooks" : 0,
    "appTotal" : 0,
    "mqttTotal" : 0
  },
  "http" : {
    "isHardwareConnected" : 0,
    "isAppConnected" : 0,
    "getPinData" : 0,
    "updatePinData" : 0,
    "email" : 0,
    "notify" : 0,
    "getProject" : 0,
    "qr" : 0,
    "getHistoryPinData" : 0,
    "total" : 0
  },
  "ioStat" : {
    "messagingActiveTasks" : 0,
    "messagingExecutedTasks" : 4,
    "historyActiveTasks" : 0,
    "historyExecutedTasks" : 0,
    "dbActiveTasks" : 0,
    "dbExecutedTasks" : 0,
    "reportingActiveTasks" : 0,
    "reportingExecutedTasks" : 0,
    "getServerActiveTasks" : 0,
    "getServerExecutedTasks" : 2,
    "reportsActive" : 0,
    "reportsExecuted" : 0,
    "reportsFutureMapSize" : 0
  },
  "memoryStat" : {
    "heapBytes" : 134217728,
    "directBytes" : 134217728
  },
  "oneMinRate" : 0,
  "registrations" : 6,
  "active" : 1,
  "activeWeek" : 1,
  "activeMonth" : 1,
  "connected" : 0,
  "onlineApps" : 0,
  "totalOnlineApps" : 0,
  "onlineHards" : 1,
  "totalOnlineHards" : 1
}
{
  "commands" : {
    "response" : 0,
    "redeem" : 0,
    "hardwareConnected" : 0,
    "register" : 0,
    "login" : 0,
    "hardwareLogin" : 0,
    "loadProfile" : 0,
    "appSync" : 0,
    "sharing" : 0,
    "getToken" : 0,
    "ping" : 1,
    "activate" : 0,
    "deactivate" : 0,
    "refreshToken" : 0,
    "getGraphData" : 0,
    "exportGraphData" : 0,
    "setWidgetProperty" : 0,
    "bridge" : 0,
    "hardware" : 32,
    "getSharedDash" : 0,
    "getShareToken" : 0,
    "refreshShareToken" : 0,
    "shareLogin" : 0,
    "createProject" : 0,
    "updateProject" : 0,
    "deleteProject" : 0,
    "hardwareSync" : 0,
    "internal" : 0,
    "sms" : 0,
    "tweet" : 0,
    "email" : 0,
    "push" : 0,
    "addPushToken" : 0,
    "createWidget" : 0,
    "updateWidget" : 0,
    "deleteWidget" : 0,
    "createDevice" : 0,
    "updateDevice" : 0,
    "deleteDevice" : 0,
    "getDevices" : 0,
    "createTag" : 0,
    "updateTag" : 0,
    "deleteTag" : 0,
    "getTags" : 0,
    "addEnergy" : 0,
    "getEnergy" : 0,
    "getServer" : 0,
    "connectRedirect" : 0,
    "webSockets" : 0,
    "eventor" : 0,
    "webhooks" : 0,
    "appTotal" : 0,
    "mqttTotal" : 0
  },
  "http" : {
    "isHardwareConnected" : 0,
    "isAppConnected" : 0,
    "getPinData" : 0,
    "updatePinData" : 0,
    "email" : 0,
    "notify" : 0,
    "getProject" : 0,
    "qr" : 0,
    "getHistoryPinData" : 0,
    "total" : 0
  },
  "ioStat" : {
    "messagingActiveTasks" : 0,
    "messagingExecutedTasks" : 4,
    "historyActiveTasks" : 0,
    "historyExecutedTasks" : 0,
    "dbActiveTasks" : 0,
    "dbExecutedTasks" : 0,
    "reportingActiveTasks" : 0,
    "reportingExecutedTasks" : 0,
    "getServerActiveTasks" : 0,
    "getServerExecutedTasks" : 2,
    "reportsActive" : 0,
    "reportsExecuted" : 0,
    "reportsFutureMapSize" : 0
  },
  "memoryStat" : {
    "heapBytes" : 134217728,
    "directBytes" : 134217728
  },
  "oneMinRate" : 0,
  "registrations" : 6,
  "active" : 1,
  "activeWeek" : 1,
  "activeMonth" : 1,
  "connected" : 0,
  "onlineApps" : 0,
  "totalOnlineApps" : 0,
  "onlineHards" : 1,
  "totalOnlineHards" : 1
}
{
  "commands" : {
    "response" : 0,
    "redeem" : 0,
    "hardwareConnected" : 0,
    "register" : 0,
    "login" : 0,
    "hardwareLogin" : 0,
    "loadProfile" : 0,
    "appSync" : 0,
    "sharing" : 0,
    "getToken" : 0,
    "ping" : 1,
    "activate" : 0,
    "deactivate" : 0,
    "refreshToken" : 0,
    "getGraphData" : 0,
    "exportGraphData" : 0,
    "setWidgetProperty" : 0,
    "bridge" : 0,
    "hardware" : 24,
    "getSharedDash" : 0,
    "getShareToken" : 0,
    "refreshShareToken" : 0,
    "shareLogin" : 0,
    "createProject" : 0,
    "updateProject" : 0,
    "deleteProject" : 0,
    "hardwareSync" : 0,
    "internal" : 0,
    "sms" : 0,
    "tweet" : 0,
    "email" : 0,
    "push" : 0,
    "addPushToken" : 0,
    "createWidget" : 0,
    "updateWidget" : 0,
    "deleteWidget" : 0,
    "createDevice" : 0,
    "updateDevice" : 0,
    "deleteDevice" : 0,
    "getDevices" : 0,
    "createTag" : 0,
    "updateTag" : 0,
    "deleteTag" : 0,
    "getTags" : 0,
    "addEnergy" : 0,
    "getEnergy" : 0,
    "getServer" : 0,
    "connectRedirect" : 0,
    "webSockets" : 0,
    "eventor" : 0,
    "webhooks" : 0,
    "appTotal" : 0,
    "mqttTotal" : 0
  },
  "http" : {
    "isHardwareConnected" : 0,
    "isAppConnected" : 0,
    "getPinData" : 0,
    "updatePinData" : 0,
    "email" : 0,
    "notify" : 0,
    "getProject" : 0,
    "qr" : 0,
    "getHistoryPinData" : 0,
    "total" : 0
  },
  "ioStat" : {
    "messagingActiveTasks" : 0,
    "messagingExecutedTasks" : 4,
    "historyActiveTasks" : 0,
    "historyExecutedTasks" : 0,
    "dbActiveTasks" : 0,
    "dbExecutedTasks" : 0,
    "reportingActiveTasks" : 0,
    "reportingExecutedTasks" : 0,
    "getServerActiveTasks" : 0,
    "getServerExecutedTasks" : 2,
    "reportsActive" : 0,
    "reportsExecuted" : 0,
    "reportsFutureMapSize" : 0
  },
  "memoryStat" : {
    "heapBytes" : 134217728,
    "directBytes" : 134217728
  },
  "oneMinRate" : 0,
  "registrations" : 6,
  "active" : 1,
  "activeWeek" : 1,
  "activeMonth" : 1,
  "connected" : 0,
  "onlineApps" : 0,
  "totalOnlineApps" : 0,
  "onlineHards" : 1,
  "totalOnlineHards" : 1
}
{
  "commands" : {
    "response" : 0,
    "redeem" : 0,
    "hardwareConnected" : 0,
    "register" : 0,
    "login" : 0,
    "hardwareLogin" : 0,
    "loadProfile" : 0,
    "appSync" : 0,
    "sharing" : 0,
    "getToken" : 0,
    "ping" : 2,
    "activate" : 0,
    "deactivate" : 0,
    "refreshToken" : 0,
    "getGraphData" : 0,
    "exportGraphData" : 0,
    "setWidgetProperty" : 0,
    "bridge" : 0,
    "hardware" : 32,
    "getSharedDash" : 0,
    "getShareToken" : 0,
    "refreshShareToken" : 0,
    "shareLogin" : 0,
    "createProject" : 0,
    "updateProject" : 0,
    "deleteProject" : 0,
    "hardwareSync" : 0,
    "internal" : 0,
    "sms" : 0,
    "tweet" : 0,
    "email" : 0,
    "push" : 0,
    "addPushToken" : 0,
    "createWidget" : 0,
    "updateWidget" : 0,
    "deleteWidget" : 0,
    "createDevice" : 0,
    "updateDevice" : 0,
    "deleteDevice" : 0,
    "getDevices" : 0,
    "createTag" : 0,
    "updateTag" : 0,
    "deleteTag" : 0,
    "getTags" : 0,
    "addEnergy" : 0,
    "getEnergy" : 0,
    "getServer" : 0,
    "connectRedirect" : 0,
    "webSockets" : 0,
    "eventor" : 0,
    "webhooks" : 0,
    "appTotal" : 0,
    "mqttTotal" : 0
  },
  "http" : {
    "isHardwareConnected" : 0,
    "isAppConnected" : 0,
    "getPinData" : 0,
    "updatePinData" : 0,
    "email" : 0,
    "notify" : 0,
    "getProject" : 0,
    "qr" : 0,
    "getHistoryPinData" : 0,
    "total" : 0
  },
  "ioStat" : {
    "messagingActiveTasks" : 0,
    "messagingExecutedTasks" : 4,
    "historyActiveTasks" : 0,
    "historyExecutedTasks" : 0,
    "dbActiveTasks" : 0,
    "dbExecutedTasks" : 0,
    "reportingActiveTasks" : 0,
    "reportingExecutedTasks" : 0,
    "getServerActiveTasks" : 0,
    "getServerExecutedTasks" : 2,
    "reportsActive" : 0,
    "reportsExecuted" : 0,
    "reportsFutureMapSize" : 0
  },
  "memoryStat" : {
    "heapBytes" : 134217728,
    "directBytes" : 134217728
  },
  "oneMinRate" : 0,
  "registrations" : 6,
  "active" : 1,
  "activeWeek" : 1,
  "activeMonth" : 1,
  "connected" : 0,
  "onlineApps" : 0,
  "totalOnlineApps" : 0,
  "onlineHards" : 1,
  "totalOnlineHards" : 1
}
{
  "commands" : {
    "response" : 0,
    "redeem" : 0,
    "hardwareConnected" : 0,
    "register" : 0,
    "login" : 0,
    "hardwareLogin" : 0,
    "loadProfile" : 0,
    "appSync" : 0,
    "sharing" : 0,
    "getToken" : 0,
    "ping" : 1,
    "activate" : 0,
    "deactivate" : 0,
    "refreshToken" : 0,
    "getGraphData" : 0,
    "exportGraphData" : 0,
    "setWidgetProperty" : 0,
    "bridge" : 0,
    "hardware" : 28,
    "getSharedDash" : 0,
    "getShareToken" : 0,
    "refreshShareToken" : 0,
    "shareLogin" : 0,
    "createProject" : 0,
    "updateProject" : 0,
    "deleteProject" : 0,
    "hardwareSync" : 0,
    "internal" : 0,
    "sms" : 0,
    "tweet" : 0,
    "email" : 0,
    "push" : 0,
    "addPushToken" : 0,
    "createWidget" : 0,
    "updateWidget" : 0,
    "deleteWidget" : 0,
    "createDevice" : 0,
    "updateDevice" : 0,
    "deleteDevice" : 0,
    "getDevices" : 0,
    "createTag" : 0,
    "updateTag" : 0,
    "deleteTag" : 0,
    "getTags" : 0,
    "addEnergy" : 0,
    "getEnergy" : 0,
    "getServer" : 0,
    "connectRedirect" : 0,
    "webSockets" : 0,
    "eventor" : 0,
    "webhooks" : 0,
    "appTotal" : 0,
    "mqttTotal" : 0
  },
  "http" : {
    "isHardwareConnected" : 0,
    "isAppConnected" : 0,
    "getPinData" : 0,
    "updatePinData" : 0,
    "email" : 0,
    "notify" : 0,
    "getProject" : 0,
    "qr" : 0,
    "getHistoryPinData" : 0,
    "total" : 0
  },
  "ioStat" : {
    "messagingActiveTasks" : 0,
    "messagingExecutedTasks" : 4,
    "historyActiveTasks" : 0,
    "historyExecutedTasks" : 0,
    "dbActiveTasks" : 0,
    "dbExecutedTasks" : 0,
    "reportingActiveTasks" : 0,
    "reportingExecutedTasks" : 0,
    "getServerActiveTasks" : 0,
    "getServerExecutedTasks" : 2,
    "reportsActive" : 0,
    "reportsExecuted" : 0,
    "reportsFutureMapSize" : 0
  },
  "memoryStat" : {
    "heapBytes" : 134217728,
    "directBytes" : 134217728
  },
  "oneMinRate" : 0,
  "registrations" : 6,
  "active" : 1,
  "activeWeek" : 1,
  "activeMonth" : 1,
  "connected" : 0,
  "onlineApps" : 0,
  "totalOnlineApps" : 0,
  "onlineHards" : 1,
  "totalOnlineHards" : 1
}
{
  "commands" : {
    "response" : 0,
    "redeem" : 0,
    "hardwareConnected" : 0,
    "register" : 0,
    "login" : 0,
    "hardwareLogin" : 0,
    "loadProfile" : 0,
    "appSync" : 0,
    "sharing" : 0,
    "getToken" : 0,
    "ping" : 1,
    "activate" : 0,
    "deactivate" : 0,
    "refreshToken" : 0,
    "getGraphData" : 0,
    "exportGraphData" : 0,
    "setWidgetProperty" : 0,
    "bridge" : 0,
    "hardware" : 28,
    "getSharedDash" : 0,
    "getShareToken" : 0,
    "refreshShareToken" : 0,
    "shareLogin" : 0,
    "createProject" : 0,
    "updateProject" : 0,
    "deleteProject" : 0,
    "hardwareSync" : 0,
    "internal" : 0,
    "sms" : 0,
    "tweet" : 0,
    "email" : 0,
    "push" : 0,
    "addPushToken" : 0,
    "createWidget" : 0,
    "updateWidget" : 0,
    "deleteWidget" : 0,
    "createDevice" : 0,
    "updateDevice" : 0,
    "deleteDevice" : 0,
    "getDevices" : 0,
    "createTag" : 0,
    "updateTag" : 0,
    "deleteTag" : 0,
    "getTags" : 0,
    "addEnergy" : 0,
    "getEnergy" : 0,
    "getServer" : 0,
    "connectRedirect" : 0,
    "webSockets" : 0,
    "eventor" : 0,
    "webhooks" : 0,
    "appTotal" : 0,
    "mqttTotal" : 0
  },
  "http" : {
    "isHardwareConnected" : 0,
    "isAppConnected" : 0,
    "getPinData" : 0,
    "updatePinData" : 0,
    "email" : 0,
    "notify" : 0,
    "getProject" : 0,
    "qr" : 0,
    "getHistoryPinData" : 0,
    "total" : 0
  },
  "ioStat" : {
    "messagingActiveTasks" : 0,
    "messagingExecutedTasks" : 4,
    "historyActiveTasks" : 0,
    "historyExecutedTasks" : 0,
    "dbActiveTasks" : 0,
    "dbExecutedTasks" : 0,
    "reportingActiveTasks" : 0,
    "reportingExecutedTasks" : 0,
    "getServerActiveTasks" : 0,
    "getServerExecutedTasks" : 2,
    "reportsActive" : 0,
    "reportsExecuted" : 0,
    "reportsFutureMapSize" : 0
  },
  "memoryStat" : {
    "heapBytes" : 134217728,
    "directBytes" : 134217728
  },
  "oneMinRate" : 0,
  "registrations" : 6,
  "active" : 1,
  "activeWeek" : 1,
  "activeMonth" : 1,
  "connected" : 0,
  "onlineApps" : 0,
  "totalOnlineApps" : 0,
  "onlineHards" : 1,
  "totalOnlineHards" : 1
}
{
  "commands" : {
    "response" : 0,
    "redeem" : 0,
    "hardwareConnected" : 0,
    "register" : 0,
    "login" : 0,
    "hardwareLogin" : 0,
    "loadProfile" : 0,
    "appSync" : 0,
    "sharing" : 0,
    "getToken" : 0,
    "ping" : 1,
    "activate" : 0,
    "deactivate" : 0,
    "refreshToken" : 0,
    "getGraphData" : 0,
    "exportGraphData" : 0,
    "setWidgetProperty" : 0,
    "bridge" : 0,
    "hardware" : 32,
    "getSharedDash" : 0,
    "getShareToken" : 0,
    "refreshShareToken" : 0,
    "shareLogin" : 0,
    "createProject" : 0,
    "updateProject" : 0,
    "deleteProject" : 0,
    "hardwareSync" : 0,
    "internal" : 0,
    "sms" : 0,
    "tweet" : 0,
    "email" : 0,
    "push" : 0,
    "addPushToken" : 0,
    "createWidget" : 0,
    "updateWidget" : 0,
    "deleteWidget" : 0,
    "createDevice" : 0,
    "updateDevice" : 0,
    "deleteDevice" : 0,
    "getDevices" : 0,
    "createTag" : 0,
    "updateTag" : 0,
    "deleteTag" : 0,
    "getTags" : 0,
    "addEnergy" : 0,
    "getEnergy" : 0,
    "getServer" : 0,
    "connectRedirect" : 0,
    "webSockets" : 0,
    "eventor" : 0,
    "webhooks" : 0,
    "appTotal" : 0,
    "mqttTotal" : 0
  },
  "http" : {
    "isHardwareConnected" : 0,
    "isAppConnected" : 0,
    "getPinData" : 0,
    "updatePinData" : 0,
    "email" : 0,
    "notify" : 0,
    "getProject" : 0,
    "qr" : 0,
    "getHistoryPinData" : 0,
    "total" : 0
  },
  "ioStat" : {
    "messagingActiveTasks" : 0,
    "messagingExecutedTasks" : 4,
    "historyActiveTasks" : 0,
    "historyExecutedTasks" : 0,
    "dbActiveTasks" : 0,
    "dbExecutedTasks" : 0,
    "reportingActiveTasks" : 0,
    "reportingExecutedTasks" : 0,
    "getServerActiveTasks" : 0,
    "getServerExecutedTasks" : 2,
    "reportsActive" : 0,
    "reportsExecuted" : 0,
    "reportsFutureMapSize" : 0
  },
  "memoryStat" : {
    "heapBytes" : 134217728,
    "directBytes" : 134217728
  },
  "oneMinRate" : 0,
  "registrations" : 6,
  "active" : 1,
  "activeWeek" : 1,
  "activeMonth" : 1,
  "connected" : 0,
  "onlineApps" : 0,
  "totalOnlineApps" : 0,
  "onlineHards" : 1,
  "totalOnlineHards" : 1
}
{
  "commands" : {
    "response" : 0,
    "redeem" : 0,
    "hardwareConnected" : 0,
    "register" : 0,
    "login" : 0,
    "hardwareLogin" : 0,
    "loadProfile" : 0,
    "appSync" : 0,
    "sharing" : 0,
    "getToken" : 0,
    "ping" : 1,
    "activate" : 0,
    "deactivate" : 0,
    "refreshToken" : 0,
    "getGraphData" : 0,
    "exportGraphData" : 0,
    "setWidgetProperty" : 0,
    "bridge" : 0,
    "hardware" : 24,
    "getSharedDash" : 0,
    "getShareToken" : 0,
    "refreshShareToken" : 0,
    "shareLogin" : 0,
    "createProject" : 0,
    "updateProject" : 0,
    "deleteProject" : 0,
    "hardwareSync" : 0,
    "internal" : 0,
    "sms" : 0,
    "tweet" : 0,
    "email" : 0,
    "push" : 0,
    "addPushToken" : 0,
    "createWidget" : 0,
    "updateWidget" : 0,
    "deleteWidget" : 0,
    "createDevice" : 0,
    "updateDevice" : 0,
    "deleteDevice" : 0,
    "getDevices" : 0,
    "createTag" : 0,
    "updateTag" : 0,
    "deleteTag" : 0,
    "getTags" : 0,
    "addEnergy" : 0,
    "getEnergy" : 0,
    "getServer" : 0,
    "connectRedirect" : 0,
    "webSockets" : 0,
    "eventor" : 0,
    "webhooks" : 0,
    "appTotal" : 0,
    "mqttTotal" : 0
  },
  "http" : {
    "isHardwareConnected" : 0,
    "isAppConnected" : 0,
    "getPinData" : 0,
    "updatePinData" : 0,
    "email" : 0,
    "notify" : 0,
    "getProject" : 0,
    "qr" : 0,
    "getHistoryPinData" : 0,
    "total" : 0
  },
  "ioStat" : {
    "messagingActiveTasks" : 0,
    "messagingExecutedTasks" : 4,
    "historyActiveTasks" : 0,
    "historyExecutedTasks" : 0,
    "dbActiveTasks" : 0,
    "dbExecutedTasks" : 0,
    "reportingActiveTasks" : 0,
    "reportingExecutedTasks" : 0,
    "getServerActiveTasks" : 0,
    "getServerExecutedTasks" : 2,
    "reportsActive" : 0,
    "reportsExecuted" : 0,
    "reportsFutureMapSize" : 0
  },
  "memoryStat" : {
    "heapBytes" : 134217728,
    "directBytes" : 134217728
  },
  "oneMinRate" : 0,
  "registrations" : 6,
  "active" : 1,
  "activeWeek" : 1,
  "activeMonth" : 1,
  "connected" : 0,
  "onlineApps" : 0,
  "totalOnlineApps" : 0,
  "onlineHards" : 1,
  "totalOnlineHards" : 1
}
{
  "commands" : {
    "response" : 0,
    "redeem" : 0,
    "hardwareConnected" : 0,
    "register" : 0,
    "login" : 0,
    "hardwareLogin" : 0,
    "loadProfile" : 0,
    "appSync" : 0,
    "sharing" : 0,
    "getToken" : 0,
    "ping" : 2,
    "activate" : 0,
    "deactivate" : 0,
    "refreshToken" : 0,
    "getGraphData" : 0,
    "exportGraphData" : 0,
    "setWidgetProperty" : 0,
    "bridge" : 0,
    "hardware" : 32,
    "getSharedDash" : 0,
    "getShareToken" : 0,
    "refreshShareToken" : 0,
    "shareLogin" : 0,
    "createProject" : 0,
    "updateProject" : 0,
    "deleteProject" : 0,
    "hardwareSync" : 0,
    "internal" : 0,
    "sms" : 0,
    "tweet" : 0,
    "email" : 0,
    "push" : 0,
    "addPushToken" : 0,
    "createWidget" : 0,
    "updateWidget" : 0,
    "deleteWidget" : 0,
    "createDevice" : 0,
    "updateDevice" : 0,
    "deleteDevice" : 0,
    "getDevices" : 0,
    "createTag" : 0,
    "updateTag" : 0,
    "deleteTag" : 0,
    "getTags" : 0,
    "addEnergy" : 0,
    "getEnergy" : 0,
    "getServer" : 0,
    "connectRedirect" : 0,
    "webSockets" : 0,
    "eventor" : 0,
    "webhooks" : 0,
    "appTotal" : 0,
    "mqttTotal" : 0
  },
  "http" : {
    "isHardwareConnected" : 0,
    "isAppConnected" : 0,
    "getPinData" : 0,
    "updatePinData" : 0,
    "email" : 0,
    "notify" : 0,
    "getProject" : 0,
    "qr" : 0,
    "getHistoryPinData" : 0,
    "total" : 0
  },
  "ioStat" : {
    "messagingActiveTasks" : 0,
    "messagingExecutedTasks" : 4,
    "historyActiveTasks" : 0,
    "historyExecutedTasks" : 0,
    "dbActiveTasks" : 0,
    "dbExecutedTasks" : 0,
    "reportingActiveTasks" : 0,
    "reportingExecutedTasks" : 0,
    "getServerActiveTasks" : 0,
    "getServerExecutedTasks" : 2,
    "reportsActive" : 0,
    "reportsExecuted" : 0,
    "reportsFutureMapSize" : 0
  },
  "memoryStat" : {
    "heapBytes" : 134217728,
    "directBytes" : 134217728
  },
  "oneMinRate" : 0,
  "registrations" : 6,
  "active" : 1,
  "activeWeek" : 1,
  "activeMonth" : 1,
  "connected" : 0,
  "onlineApps" : 0,
  "totalOnlineApps" : 0,
  "onlineHards" : 1,
  "totalOnlineHards" : 1
}
